[2022-01-16 22:48:32,596] {taskinstance.py:1032} INFO - Dependencies all met for <TaskInstance: tutorial.sleep manual__2022-01-17T01:45:04.388185+00:00 [queued]>
[2022-01-16 22:48:32,602] {taskinstance.py:1032} INFO - Dependencies all met for <TaskInstance: tutorial.sleep manual__2022-01-17T01:45:04.388185+00:00 [queued]>
[2022-01-16 22:48:32,602] {taskinstance.py:1238} INFO - 
--------------------------------------------------------------------------------
[2022-01-16 22:48:32,602] {taskinstance.py:1239} INFO - Starting attempt 1 of 4
[2022-01-16 22:48:32,602] {taskinstance.py:1240} INFO - 
--------------------------------------------------------------------------------
[2022-01-16 22:48:32,611] {taskinstance.py:1259} INFO - Executing <Task(BashOperator): sleep> on 2022-01-17 01:45:04.388185+00:00
[2022-01-16 22:48:32,613] {standard_task_runner.py:52} INFO - Started process 28339 to run task
[2022-01-16 22:48:32,618] {standard_task_runner.py:76} INFO - Running: ['airflow', 'tasks', 'run', 'tutorial', 'sleep', 'manual__2022-01-17T01:45:04.388185+00:00', '--job-id', '10', '--raw', '--subdir', 'DAGS_FOLDER/scrapping.py', '--cfg-path', '/var/folders/mm/k1kps8kd6vz926ggdf5crlr80000gn/T/tmp9ubtq7rw', '--error-file', '/var/folders/mm/k1kps8kd6vz926ggdf5crlr80000gn/T/tmpiw7pg0sf']
[2022-01-16 22:48:32,619] {standard_task_runner.py:77} INFO - Job 10: Subtask sleep
[2022-01-16 22:48:37,657] {logging_mixin.py:109} INFO - Running <TaskInstance: tutorial.sleep manual__2022-01-17T01:45:04.388185+00:00 [running]> on host Germans-MacBook-Pro.local
[2022-01-16 22:48:42,721] {taskinstance.py:1424} INFO - Exporting the following env vars:
AIRFLOW_CTX_DAG_EMAIL=airflow@example.com
AIRFLOW_CTX_DAG_OWNER=airflow
AIRFLOW_CTX_DAG_ID=tutorial
AIRFLOW_CTX_TASK_ID=sleep
AIRFLOW_CTX_EXECUTION_DATE=2022-01-17T01:45:04.388185+00:00
AIRFLOW_CTX_DAG_RUN_ID=manual__2022-01-17T01:45:04.388185+00:00
[2022-01-16 22:48:42,722] {subprocess.py:62} INFO - Tmp dir root location: 
 /var/folders/mm/k1kps8kd6vz926ggdf5crlr80000gn/T
[2022-01-16 22:48:42,724] {subprocess.py:74} INFO - Running command: ['bash', '-c', 'sleep 5']
[2022-01-16 22:48:42,732] {subprocess.py:85} INFO - Output:
[2022-01-16 22:48:47,744] {subprocess.py:93} INFO - Command exited with return code 0
[2022-01-16 22:48:47,763] {taskinstance.py:1267} INFO - Marking task as SUCCESS. dag_id=tutorial, task_id=sleep, execution_date=20220117T014504, start_date=20220117T014832, end_date=20220117T014847
[2022-01-16 22:48:52,677] {local_task_job.py:154} INFO - Task exited with return code 0
[2022-01-16 22:48:52,690] {local_task_job.py:264} INFO - 0 downstream tasks scheduled from follow-on schedule check
