[2022-01-16 22:46:11,605] {taskinstance.py:1032} INFO - Dependencies all met for <TaskInstance: tutorial.sleep scheduled__2022-01-16T01:43:39.661706+00:00 [queued]>
[2022-01-16 22:46:11,611] {taskinstance.py:1032} INFO - Dependencies all met for <TaskInstance: tutorial.sleep scheduled__2022-01-16T01:43:39.661706+00:00 [queued]>
[2022-01-16 22:46:11,611] {taskinstance.py:1238} INFO - 
--------------------------------------------------------------------------------
[2022-01-16 22:46:11,612] {taskinstance.py:1239} INFO - Starting attempt 1 of 4
[2022-01-16 22:46:11,612] {taskinstance.py:1240} INFO - 
--------------------------------------------------------------------------------
[2022-01-16 22:46:11,619] {taskinstance.py:1259} INFO - Executing <Task(BashOperator): sleep> on 2022-01-16 01:43:39.661706+00:00
[2022-01-16 22:46:11,630] {standard_task_runner.py:52} INFO - Started process 28163 to run task
[2022-01-16 22:46:11,648] {standard_task_runner.py:76} INFO - Running: ['airflow', 'tasks', 'run', 'tutorial', 'sleep', 'scheduled__2022-01-16T01:43:39.661706+00:00', '--job-id', '6', '--raw', '--subdir', 'DAGS_FOLDER/scrapping.py', '--cfg-path', '/var/folders/mm/k1kps8kd6vz926ggdf5crlr80000gn/T/tmpalh5wjl6', '--error-file', '/var/folders/mm/k1kps8kd6vz926ggdf5crlr80000gn/T/tmp8642svgl']
[2022-01-16 22:46:11,651] {standard_task_runner.py:77} INFO - Job 6: Subtask sleep
[2022-01-16 22:46:16,727] {logging_mixin.py:109} INFO - Running <TaskInstance: tutorial.sleep scheduled__2022-01-16T01:43:39.661706+00:00 [running]> on host Germans-MacBook-Pro.local
[2022-01-16 22:46:21,768] {taskinstance.py:1424} INFO - Exporting the following env vars:
AIRFLOW_CTX_DAG_EMAIL=airflow@example.com
AIRFLOW_CTX_DAG_OWNER=airflow
AIRFLOW_CTX_DAG_ID=tutorial
AIRFLOW_CTX_TASK_ID=sleep
AIRFLOW_CTX_EXECUTION_DATE=2022-01-16T01:43:39.661706+00:00
AIRFLOW_CTX_DAG_RUN_ID=scheduled__2022-01-16T01:43:39.661706+00:00
[2022-01-16 22:46:21,769] {subprocess.py:62} INFO - Tmp dir root location: 
 /var/folders/mm/k1kps8kd6vz926ggdf5crlr80000gn/T
[2022-01-16 22:46:21,770] {subprocess.py:74} INFO - Running command: ['bash', '-c', 'sleep 5']
[2022-01-16 22:46:21,779] {subprocess.py:85} INFO - Output:
[2022-01-16 22:46:26,787] {subprocess.py:93} INFO - Command exited with return code 0
[2022-01-16 22:46:26,818] {taskinstance.py:1267} INFO - Marking task as SUCCESS. dag_id=tutorial, task_id=sleep, execution_date=20220116T014339, start_date=20220117T014611, end_date=20220117T014626
[2022-01-16 22:46:31,736] {local_task_job.py:154} INFO - Task exited with return code 0
[2022-01-16 22:46:31,752] {local_task_job.py:264} INFO - 0 downstream tasks scheduled from follow-on schedule check
