[2022-01-16 22:29:56,331] {processor.py:163} INFO - Started process (PID=26992) to work on /usr/local/lib/python3.9/site-packages/airflow/example_dags/example_branch_datetime_operator.py
[2022-01-16 22:29:56,332] {processor.py:642} INFO - Processing file /usr/local/lib/python3.9/site-packages/airflow/example_dags/example_branch_datetime_operator.py for tasks to queue
[2022-01-16 22:29:56,332] {logging_mixin.py:109} INFO - [2022-01-16 22:29:56,332] {dagbag.py:500} INFO - Filling up the DagBag from /usr/local/lib/python3.9/site-packages/airflow/example_dags/example_branch_datetime_operator.py
[2022-01-16 22:29:56,369] {processor.py:654} INFO - DAG(s) dict_keys(['example_branch_datetime_operator_2']) retrieved from /usr/local/lib/python3.9/site-packages/airflow/example_dags/example_branch_datetime_operator.py
[2022-01-16 22:29:56,387] {logging_mixin.py:109} INFO - [2022-01-16 22:29:56,387] {dag.py:2396} INFO - Sync 1 DAGs
[2022-01-16 22:29:56,399] {logging_mixin.py:109} INFO - [2022-01-16 22:29:56,399] {dag.py:2935} INFO - Setting next_dagrun for example_branch_datetime_operator_2 to 2022-01-16 00:00:00+00:00
[2022-01-16 22:29:56,407] {processor.py:171} INFO - Processing /usr/local/lib/python3.9/site-packages/airflow/example_dags/example_branch_datetime_operator.py took 0.076 seconds
[2022-01-16 22:31:45,484] {processor.py:163} INFO - Started process (PID=27049) to work on /usr/local/lib/python3.9/site-packages/airflow/example_dags/example_branch_datetime_operator.py
[2022-01-16 22:31:45,484] {processor.py:642} INFO - Processing file /usr/local/lib/python3.9/site-packages/airflow/example_dags/example_branch_datetime_operator.py for tasks to queue
[2022-01-16 22:31:45,484] {logging_mixin.py:109} INFO - [2022-01-16 22:31:45,484] {dagbag.py:500} INFO - Filling up the DagBag from /usr/local/lib/python3.9/site-packages/airflow/example_dags/example_branch_datetime_operator.py
[2022-01-16 22:31:45,517] {processor.py:654} INFO - DAG(s) dict_keys(['example_branch_datetime_operator_2']) retrieved from /usr/local/lib/python3.9/site-packages/airflow/example_dags/example_branch_datetime_operator.py
[2022-01-16 22:31:45,531] {logging_mixin.py:109} INFO - [2022-01-16 22:31:45,531] {dag.py:2396} INFO - Sync 1 DAGs
[2022-01-16 22:31:45,542] {logging_mixin.py:109} INFO - [2022-01-16 22:31:45,542] {dag.py:2935} INFO - Setting next_dagrun for example_branch_datetime_operator_2 to 2022-01-16 00:00:00+00:00
[2022-01-16 22:31:45,548] {processor.py:171} INFO - Processing /usr/local/lib/python3.9/site-packages/airflow/example_dags/example_branch_datetime_operator.py took 0.065 seconds
[2022-01-16 22:33:31,480] {processor.py:163} INFO - Started process (PID=27112) to work on /usr/local/lib/python3.9/site-packages/airflow/example_dags/example_branch_datetime_operator.py
[2022-01-16 22:33:31,480] {processor.py:642} INFO - Processing file /usr/local/lib/python3.9/site-packages/airflow/example_dags/example_branch_datetime_operator.py for tasks to queue
[2022-01-16 22:33:31,481] {logging_mixin.py:109} INFO - [2022-01-16 22:33:31,481] {dagbag.py:500} INFO - Filling up the DagBag from /usr/local/lib/python3.9/site-packages/airflow/example_dags/example_branch_datetime_operator.py
[2022-01-16 22:33:31,511] {processor.py:654} INFO - DAG(s) dict_keys(['example_branch_datetime_operator_2']) retrieved from /usr/local/lib/python3.9/site-packages/airflow/example_dags/example_branch_datetime_operator.py
[2022-01-16 22:33:31,526] {logging_mixin.py:109} INFO - [2022-01-16 22:33:31,525] {dag.py:2396} INFO - Sync 1 DAGs
[2022-01-16 22:33:31,534] {logging_mixin.py:109} INFO - [2022-01-16 22:33:31,534] {dag.py:2935} INFO - Setting next_dagrun for example_branch_datetime_operator_2 to 2022-01-16 00:00:00+00:00
[2022-01-16 22:33:31,542] {processor.py:171} INFO - Processing /usr/local/lib/python3.9/site-packages/airflow/example_dags/example_branch_datetime_operator.py took 0.063 seconds
[2022-01-16 22:35:19,953] {processor.py:163} INFO - Started process (PID=27294) to work on /usr/local/lib/python3.9/site-packages/airflow/example_dags/example_branch_datetime_operator.py
[2022-01-16 22:35:19,953] {processor.py:642} INFO - Processing file /usr/local/lib/python3.9/site-packages/airflow/example_dags/example_branch_datetime_operator.py for tasks to queue
[2022-01-16 22:35:19,953] {logging_mixin.py:109} INFO - [2022-01-16 22:35:19,953] {dagbag.py:500} INFO - Filling up the DagBag from /usr/local/lib/python3.9/site-packages/airflow/example_dags/example_branch_datetime_operator.py
[2022-01-16 22:35:19,979] {processor.py:654} INFO - DAG(s) dict_keys(['example_branch_datetime_operator_2']) retrieved from /usr/local/lib/python3.9/site-packages/airflow/example_dags/example_branch_datetime_operator.py
[2022-01-16 22:35:19,994] {logging_mixin.py:109} INFO - [2022-01-16 22:35:19,994] {dag.py:2396} INFO - Sync 1 DAGs
[2022-01-16 22:35:20,007] {logging_mixin.py:109} INFO - [2022-01-16 22:35:20,007] {dag.py:2935} INFO - Setting next_dagrun for example_branch_datetime_operator_2 to 2022-01-16 00:00:00+00:00
[2022-01-16 22:35:20,014] {processor.py:171} INFO - Processing /usr/local/lib/python3.9/site-packages/airflow/example_dags/example_branch_datetime_operator.py took 0.062 seconds
[2022-01-16 22:37:00,040] {processor.py:163} INFO - Started process (PID=27370) to work on /usr/local/lib/python3.9/site-packages/airflow/example_dags/example_branch_datetime_operator.py
[2022-01-16 22:37:00,040] {processor.py:642} INFO - Processing file /usr/local/lib/python3.9/site-packages/airflow/example_dags/example_branch_datetime_operator.py for tasks to queue
[2022-01-16 22:37:00,041] {logging_mixin.py:109} INFO - [2022-01-16 22:37:00,040] {dagbag.py:500} INFO - Filling up the DagBag from /usr/local/lib/python3.9/site-packages/airflow/example_dags/example_branch_datetime_operator.py
[2022-01-16 22:37:00,072] {processor.py:654} INFO - DAG(s) dict_keys(['example_branch_datetime_operator_2']) retrieved from /usr/local/lib/python3.9/site-packages/airflow/example_dags/example_branch_datetime_operator.py
[2022-01-16 22:37:00,087] {logging_mixin.py:109} INFO - [2022-01-16 22:37:00,086] {dag.py:2396} INFO - Sync 1 DAGs
[2022-01-16 22:37:00,096] {logging_mixin.py:109} INFO - [2022-01-16 22:37:00,096] {dag.py:2935} INFO - Setting next_dagrun for example_branch_datetime_operator_2 to 2022-01-16 00:00:00+00:00
[2022-01-16 22:37:00,103] {processor.py:171} INFO - Processing /usr/local/lib/python3.9/site-packages/airflow/example_dags/example_branch_datetime_operator.py took 0.063 seconds
[2022-01-16 22:38:55,918] {processor.py:163} INFO - Started process (PID=27566) to work on /usr/local/lib/python3.9/site-packages/airflow/example_dags/example_branch_datetime_operator.py
[2022-01-16 22:38:55,918] {processor.py:642} INFO - Processing file /usr/local/lib/python3.9/site-packages/airflow/example_dags/example_branch_datetime_operator.py for tasks to queue
[2022-01-16 22:38:55,919] {logging_mixin.py:109} INFO - [2022-01-16 22:38:55,919] {dagbag.py:500} INFO - Filling up the DagBag from /usr/local/lib/python3.9/site-packages/airflow/example_dags/example_branch_datetime_operator.py
[2022-01-16 22:38:55,952] {processor.py:654} INFO - DAG(s) dict_keys(['example_branch_datetime_operator_2']) retrieved from /usr/local/lib/python3.9/site-packages/airflow/example_dags/example_branch_datetime_operator.py
[2022-01-16 22:38:55,967] {logging_mixin.py:109} INFO - [2022-01-16 22:38:55,966] {dag.py:2396} INFO - Sync 1 DAGs
[2022-01-16 22:38:55,976] {logging_mixin.py:109} INFO - [2022-01-16 22:38:55,976] {dag.py:2935} INFO - Setting next_dagrun for example_branch_datetime_operator_2 to 2022-01-16 00:00:00+00:00
[2022-01-16 22:38:55,983] {processor.py:171} INFO - Processing /usr/local/lib/python3.9/site-packages/airflow/example_dags/example_branch_datetime_operator.py took 0.065 seconds
[2022-01-16 22:41:09,062] {processor.py:163} INFO - Started process (PID=27751) to work on /usr/local/lib/python3.9/site-packages/airflow/example_dags/example_branch_datetime_operator.py
[2022-01-16 22:41:09,062] {processor.py:642} INFO - Processing file /usr/local/lib/python3.9/site-packages/airflow/example_dags/example_branch_datetime_operator.py for tasks to queue
[2022-01-16 22:41:09,063] {logging_mixin.py:109} INFO - [2022-01-16 22:41:09,063] {dagbag.py:500} INFO - Filling up the DagBag from /usr/local/lib/python3.9/site-packages/airflow/example_dags/example_branch_datetime_operator.py
[2022-01-16 22:41:09,094] {processor.py:654} INFO - DAG(s) dict_keys(['example_branch_datetime_operator_2']) retrieved from /usr/local/lib/python3.9/site-packages/airflow/example_dags/example_branch_datetime_operator.py
[2022-01-16 22:41:09,108] {logging_mixin.py:109} INFO - [2022-01-16 22:41:09,107] {dag.py:2396} INFO - Sync 1 DAGs
[2022-01-16 22:41:09,116] {logging_mixin.py:109} INFO - [2022-01-16 22:41:09,116] {dag.py:2935} INFO - Setting next_dagrun for example_branch_datetime_operator_2 to 2022-01-16 00:00:00+00:00
[2022-01-16 22:41:09,123] {processor.py:171} INFO - Processing /usr/local/lib/python3.9/site-packages/airflow/example_dags/example_branch_datetime_operator.py took 0.062 seconds
[2022-01-16 22:43:16,627] {processor.py:163} INFO - Started process (PID=27914) to work on /usr/local/lib/python3.9/site-packages/airflow/example_dags/example_branch_datetime_operator.py
[2022-01-16 22:43:16,627] {processor.py:642} INFO - Processing file /usr/local/lib/python3.9/site-packages/airflow/example_dags/example_branch_datetime_operator.py for tasks to queue
[2022-01-16 22:43:16,627] {logging_mixin.py:109} INFO - [2022-01-16 22:43:16,627] {dagbag.py:500} INFO - Filling up the DagBag from /usr/local/lib/python3.9/site-packages/airflow/example_dags/example_branch_datetime_operator.py
[2022-01-16 22:43:16,661] {processor.py:654} INFO - DAG(s) dict_keys(['example_branch_datetime_operator_2']) retrieved from /usr/local/lib/python3.9/site-packages/airflow/example_dags/example_branch_datetime_operator.py
[2022-01-16 22:43:16,676] {logging_mixin.py:109} INFO - [2022-01-16 22:43:16,676] {dag.py:2396} INFO - Sync 1 DAGs
[2022-01-16 22:43:16,686] {logging_mixin.py:109} INFO - [2022-01-16 22:43:16,686] {dag.py:2935} INFO - Setting next_dagrun for example_branch_datetime_operator_2 to 2022-01-16 00:00:00+00:00
[2022-01-16 22:43:16,691] {processor.py:171} INFO - Processing /usr/local/lib/python3.9/site-packages/airflow/example_dags/example_branch_datetime_operator.py took 0.065 seconds
[2022-01-16 22:50:50,866] {processor.py:163} INFO - Started process (PID=28431) to work on /usr/local/lib/python3.9/site-packages/airflow/example_dags/example_branch_datetime_operator.py
[2022-01-16 22:50:50,866] {processor.py:642} INFO - Processing file /usr/local/lib/python3.9/site-packages/airflow/example_dags/example_branch_datetime_operator.py for tasks to queue
[2022-01-16 22:50:50,867] {logging_mixin.py:109} INFO - [2022-01-16 22:50:50,867] {dagbag.py:500} INFO - Filling up the DagBag from /usr/local/lib/python3.9/site-packages/airflow/example_dags/example_branch_datetime_operator.py
[2022-01-16 22:50:50,900] {processor.py:654} INFO - DAG(s) dict_keys(['example_branch_datetime_operator_2']) retrieved from /usr/local/lib/python3.9/site-packages/airflow/example_dags/example_branch_datetime_operator.py
[2022-01-16 22:50:50,917] {logging_mixin.py:109} INFO - [2022-01-16 22:50:50,916] {dag.py:2396} INFO - Sync 1 DAGs
[2022-01-16 22:50:50,928] {logging_mixin.py:109} INFO - [2022-01-16 22:50:50,928] {dag.py:2935} INFO - Setting next_dagrun for example_branch_datetime_operator_2 to 2022-01-16 00:00:00+00:00
[2022-01-16 22:50:50,938] {processor.py:171} INFO - Processing /usr/local/lib/python3.9/site-packages/airflow/example_dags/example_branch_datetime_operator.py took 0.073 seconds
[2022-01-16 22:53:07,124] {processor.py:163} INFO - Started process (PID=28539) to work on /usr/local/lib/python3.9/site-packages/airflow/example_dags/example_branch_datetime_operator.py
[2022-01-16 22:53:07,125] {processor.py:642} INFO - Processing file /usr/local/lib/python3.9/site-packages/airflow/example_dags/example_branch_datetime_operator.py for tasks to queue
[2022-01-16 22:53:07,126] {logging_mixin.py:109} INFO - [2022-01-16 22:53:07,126] {dagbag.py:500} INFO - Filling up the DagBag from /usr/local/lib/python3.9/site-packages/airflow/example_dags/example_branch_datetime_operator.py
[2022-01-16 22:53:07,166] {processor.py:654} INFO - DAG(s) dict_keys(['example_branch_datetime_operator_2']) retrieved from /usr/local/lib/python3.9/site-packages/airflow/example_dags/example_branch_datetime_operator.py
[2022-01-16 22:53:07,196] {logging_mixin.py:109} INFO - [2022-01-16 22:53:07,193] {dag.py:2396} INFO - Sync 1 DAGs
[2022-01-16 22:53:07,212] {logging_mixin.py:109} INFO - [2022-01-16 22:53:07,212] {dag.py:2935} INFO - Setting next_dagrun for example_branch_datetime_operator_2 to 2022-01-16 00:00:00+00:00
[2022-01-16 22:53:07,219] {processor.py:171} INFO - Processing /usr/local/lib/python3.9/site-packages/airflow/example_dags/example_branch_datetime_operator.py took 0.096 seconds
