[2022-01-16 22:29:00,697] {processor.py:163} INFO - Started process (PID=26896) to work on /usr/local/lib/python3.9/site-packages/airflow/example_dags/example_task_group_decorator.py
[2022-01-16 22:29:00,697] {processor.py:642} INFO - Processing file /usr/local/lib/python3.9/site-packages/airflow/example_dags/example_task_group_decorator.py for tasks to queue
[2022-01-16 22:29:00,697] {logging_mixin.py:109} INFO - [2022-01-16 22:29:00,697] {dagbag.py:500} INFO - Filling up the DagBag from /usr/local/lib/python3.9/site-packages/airflow/example_dags/example_task_group_decorator.py
[2022-01-16 22:29:00,746] {processor.py:654} INFO - DAG(s) dict_keys(['example_task_group_decorator']) retrieved from /usr/local/lib/python3.9/site-packages/airflow/example_dags/example_task_group_decorator.py
[2022-01-16 22:29:01,086] {logging_mixin.py:109} INFO - [2022-01-16 22:29:01,086] {dag.py:2396} INFO - Sync 1 DAGs
[2022-01-16 22:29:01,095] {logging_mixin.py:109} INFO - [2022-01-16 22:29:01,095] {dag.py:2935} INFO - Setting next_dagrun for example_task_group_decorator to 2022-01-16T01:29:01.095289+00:00
[2022-01-16 22:29:01,103] {processor.py:171} INFO - Processing /usr/local/lib/python3.9/site-packages/airflow/example_dags/example_task_group_decorator.py took 0.407 seconds
[2022-01-16 22:30:32,305] {processor.py:163} INFO - Started process (PID=27012) to work on /usr/local/lib/python3.9/site-packages/airflow/example_dags/example_task_group_decorator.py
[2022-01-16 22:30:32,305] {processor.py:642} INFO - Processing file /usr/local/lib/python3.9/site-packages/airflow/example_dags/example_task_group_decorator.py for tasks to queue
[2022-01-16 22:30:32,306] {logging_mixin.py:109} INFO - [2022-01-16 22:30:32,305] {dagbag.py:500} INFO - Filling up the DagBag from /usr/local/lib/python3.9/site-packages/airflow/example_dags/example_task_group_decorator.py
[2022-01-16 22:30:32,356] {processor.py:654} INFO - DAG(s) dict_keys(['example_task_group_decorator']) retrieved from /usr/local/lib/python3.9/site-packages/airflow/example_dags/example_task_group_decorator.py
[2022-01-16 22:30:32,631] {logging_mixin.py:109} INFO - [2022-01-16 22:30:32,631] {dag.py:2396} INFO - Sync 1 DAGs
[2022-01-16 22:30:32,641] {logging_mixin.py:109} INFO - [2022-01-16 22:30:32,641] {dag.py:2935} INFO - Setting next_dagrun for example_task_group_decorator to 2022-01-16T01:30:32.641454+00:00
[2022-01-16 22:30:32,651] {processor.py:171} INFO - Processing /usr/local/lib/python3.9/site-packages/airflow/example_dags/example_task_group_decorator.py took 0.347 seconds
[2022-01-16 22:32:18,678] {processor.py:163} INFO - Started process (PID=27066) to work on /usr/local/lib/python3.9/site-packages/airflow/example_dags/example_task_group_decorator.py
[2022-01-16 22:32:18,678] {processor.py:642} INFO - Processing file /usr/local/lib/python3.9/site-packages/airflow/example_dags/example_task_group_decorator.py for tasks to queue
[2022-01-16 22:32:18,678] {logging_mixin.py:109} INFO - [2022-01-16 22:32:18,678] {dagbag.py:500} INFO - Filling up the DagBag from /usr/local/lib/python3.9/site-packages/airflow/example_dags/example_task_group_decorator.py
[2022-01-16 22:32:18,728] {processor.py:654} INFO - DAG(s) dict_keys(['example_task_group_decorator']) retrieved from /usr/local/lib/python3.9/site-packages/airflow/example_dags/example_task_group_decorator.py
[2022-01-16 22:32:19,091] {logging_mixin.py:109} INFO - [2022-01-16 22:32:19,091] {dag.py:2396} INFO - Sync 1 DAGs
[2022-01-16 22:32:19,099] {logging_mixin.py:109} INFO - [2022-01-16 22:32:19,099] {dag.py:2935} INFO - Setting next_dagrun for example_task_group_decorator to 2022-01-16T01:32:19.099783+00:00
[2022-01-16 22:32:19,111] {processor.py:171} INFO - Processing /usr/local/lib/python3.9/site-packages/airflow/example_dags/example_task_group_decorator.py took 0.433 seconds
[2022-01-16 22:34:04,545] {processor.py:163} INFO - Started process (PID=27128) to work on /usr/local/lib/python3.9/site-packages/airflow/example_dags/example_task_group_decorator.py
[2022-01-16 22:34:04,545] {processor.py:642} INFO - Processing file /usr/local/lib/python3.9/site-packages/airflow/example_dags/example_task_group_decorator.py for tasks to queue
[2022-01-16 22:34:04,546] {logging_mixin.py:109} INFO - [2022-01-16 22:34:04,546] {dagbag.py:500} INFO - Filling up the DagBag from /usr/local/lib/python3.9/site-packages/airflow/example_dags/example_task_group_decorator.py
[2022-01-16 22:34:04,591] {processor.py:654} INFO - DAG(s) dict_keys(['example_task_group_decorator']) retrieved from /usr/local/lib/python3.9/site-packages/airflow/example_dags/example_task_group_decorator.py
[2022-01-16 22:34:04,812] {logging_mixin.py:109} INFO - [2022-01-16 22:34:04,811] {dag.py:2396} INFO - Sync 1 DAGs
[2022-01-16 22:34:04,819] {logging_mixin.py:109} INFO - [2022-01-16 22:34:04,819] {dag.py:2935} INFO - Setting next_dagrun for example_task_group_decorator to 2022-01-16T01:34:04.819324+00:00
[2022-01-16 22:34:04,830] {processor.py:171} INFO - Processing /usr/local/lib/python3.9/site-packages/airflow/example_dags/example_task_group_decorator.py took 0.285 seconds
[2022-01-16 22:35:46,471] {processor.py:163} INFO - Started process (PID=27313) to work on /usr/local/lib/python3.9/site-packages/airflow/example_dags/example_task_group_decorator.py
[2022-01-16 22:35:46,471] {processor.py:642} INFO - Processing file /usr/local/lib/python3.9/site-packages/airflow/example_dags/example_task_group_decorator.py for tasks to queue
[2022-01-16 22:35:46,472] {logging_mixin.py:109} INFO - [2022-01-16 22:35:46,472] {dagbag.py:500} INFO - Filling up the DagBag from /usr/local/lib/python3.9/site-packages/airflow/example_dags/example_task_group_decorator.py
[2022-01-16 22:35:46,527] {processor.py:654} INFO - DAG(s) dict_keys(['example_task_group_decorator']) retrieved from /usr/local/lib/python3.9/site-packages/airflow/example_dags/example_task_group_decorator.py
[2022-01-16 22:35:46,785] {logging_mixin.py:109} INFO - [2022-01-16 22:35:46,785] {dag.py:2396} INFO - Sync 1 DAGs
[2022-01-16 22:35:46,795] {logging_mixin.py:109} INFO - [2022-01-16 22:35:46,795] {dag.py:2935} INFO - Setting next_dagrun for example_task_group_decorator to 2022-01-16T01:35:46.795317+00:00
[2022-01-16 22:35:46,806] {processor.py:171} INFO - Processing /usr/local/lib/python3.9/site-packages/airflow/example_dags/example_task_group_decorator.py took 0.336 seconds
[2022-01-16 22:37:35,325] {processor.py:163} INFO - Started process (PID=27458) to work on /usr/local/lib/python3.9/site-packages/airflow/example_dags/example_task_group_decorator.py
[2022-01-16 22:37:35,325] {processor.py:642} INFO - Processing file /usr/local/lib/python3.9/site-packages/airflow/example_dags/example_task_group_decorator.py for tasks to queue
[2022-01-16 22:37:35,326] {logging_mixin.py:109} INFO - [2022-01-16 22:37:35,326] {dagbag.py:500} INFO - Filling up the DagBag from /usr/local/lib/python3.9/site-packages/airflow/example_dags/example_task_group_decorator.py
[2022-01-16 22:37:35,389] {processor.py:654} INFO - DAG(s) dict_keys(['example_task_group_decorator']) retrieved from /usr/local/lib/python3.9/site-packages/airflow/example_dags/example_task_group_decorator.py
[2022-01-16 22:37:35,825] {logging_mixin.py:109} INFO - [2022-01-16 22:37:35,825] {dag.py:2396} INFO - Sync 1 DAGs
[2022-01-16 22:37:35,837] {logging_mixin.py:109} INFO - [2022-01-16 22:37:35,837] {dag.py:2935} INFO - Setting next_dagrun for example_task_group_decorator to 2022-01-16T01:37:35.837668+00:00
[2022-01-16 22:37:35,849] {processor.py:171} INFO - Processing /usr/local/lib/python3.9/site-packages/airflow/example_dags/example_task_group_decorator.py took 0.524 seconds
[2022-01-16 22:39:33,861] {processor.py:163} INFO - Started process (PID=27596) to work on /usr/local/lib/python3.9/site-packages/airflow/example_dags/example_task_group_decorator.py
[2022-01-16 22:39:33,861] {processor.py:642} INFO - Processing file /usr/local/lib/python3.9/site-packages/airflow/example_dags/example_task_group_decorator.py for tasks to queue
[2022-01-16 22:39:33,862] {logging_mixin.py:109} INFO - [2022-01-16 22:39:33,862] {dagbag.py:500} INFO - Filling up the DagBag from /usr/local/lib/python3.9/site-packages/airflow/example_dags/example_task_group_decorator.py
[2022-01-16 22:39:33,925] {processor.py:654} INFO - DAG(s) dict_keys(['example_task_group_decorator']) retrieved from /usr/local/lib/python3.9/site-packages/airflow/example_dags/example_task_group_decorator.py
[2022-01-16 22:39:34,347] {logging_mixin.py:109} INFO - [2022-01-16 22:39:34,347] {dag.py:2396} INFO - Sync 1 DAGs
[2022-01-16 22:39:34,356] {logging_mixin.py:109} INFO - [2022-01-16 22:39:34,356] {dag.py:2935} INFO - Setting next_dagrun for example_task_group_decorator to 2022-01-16T01:39:34.356549+00:00
[2022-01-16 22:39:34,369] {processor.py:171} INFO - Processing /usr/local/lib/python3.9/site-packages/airflow/example_dags/example_task_group_decorator.py took 0.509 seconds
[2022-01-16 22:40:41,792] {processor.py:163} INFO - Started process (PID=27709) to work on /usr/local/lib/python3.9/site-packages/airflow/example_dags/example_task_group_decorator.py
[2022-01-16 22:40:41,793] {processor.py:642} INFO - Processing file /usr/local/lib/python3.9/site-packages/airflow/example_dags/example_task_group_decorator.py for tasks to queue
[2022-01-16 22:40:41,794] {logging_mixin.py:109} INFO - [2022-01-16 22:40:41,794] {dagbag.py:500} INFO - Filling up the DagBag from /usr/local/lib/python3.9/site-packages/airflow/example_dags/example_task_group_decorator.py
[2022-01-16 22:40:41,877] {processor.py:654} INFO - DAG(s) dict_keys(['example_task_group_decorator']) retrieved from /usr/local/lib/python3.9/site-packages/airflow/example_dags/example_task_group_decorator.py
[2022-01-16 22:40:42,341] {logging_mixin.py:109} INFO - [2022-01-16 22:40:42,341] {dag.py:2396} INFO - Sync 1 DAGs
[2022-01-16 22:40:42,360] {logging_mixin.py:109} INFO - [2022-01-16 22:40:42,360] {dag.py:2935} INFO - Setting next_dagrun for example_task_group_decorator to 2022-01-16T01:40:42.360365+00:00
[2022-01-16 22:40:42,393] {processor.py:171} INFO - Processing /usr/local/lib/python3.9/site-packages/airflow/example_dags/example_task_group_decorator.py took 0.602 seconds
[2022-01-16 22:41:45,563] {processor.py:163} INFO - Started process (PID=27820) to work on /usr/local/lib/python3.9/site-packages/airflow/example_dags/example_task_group_decorator.py
[2022-01-16 22:41:45,563] {processor.py:642} INFO - Processing file /usr/local/lib/python3.9/site-packages/airflow/example_dags/example_task_group_decorator.py for tasks to queue
[2022-01-16 22:41:45,563] {logging_mixin.py:109} INFO - [2022-01-16 22:41:45,563] {dagbag.py:500} INFO - Filling up the DagBag from /usr/local/lib/python3.9/site-packages/airflow/example_dags/example_task_group_decorator.py
[2022-01-16 22:41:45,610] {processor.py:654} INFO - DAG(s) dict_keys(['example_task_group_decorator']) retrieved from /usr/local/lib/python3.9/site-packages/airflow/example_dags/example_task_group_decorator.py
[2022-01-16 22:41:45,905] {logging_mixin.py:109} INFO - [2022-01-16 22:41:45,905] {dag.py:2396} INFO - Sync 1 DAGs
[2022-01-16 22:41:45,912] {logging_mixin.py:109} INFO - [2022-01-16 22:41:45,912] {dag.py:2935} INFO - Setting next_dagrun for example_task_group_decorator to 2022-01-16T01:41:45.912238+00:00
[2022-01-16 22:41:45,919] {processor.py:171} INFO - Processing /usr/local/lib/python3.9/site-packages/airflow/example_dags/example_task_group_decorator.py took 0.357 seconds
[2022-01-16 22:43:58,457] {processor.py:163} INFO - Started process (PID=27979) to work on /usr/local/lib/python3.9/site-packages/airflow/example_dags/example_task_group_decorator.py
[2022-01-16 22:43:58,457] {processor.py:642} INFO - Processing file /usr/local/lib/python3.9/site-packages/airflow/example_dags/example_task_group_decorator.py for tasks to queue
[2022-01-16 22:43:58,458] {logging_mixin.py:109} INFO - [2022-01-16 22:43:58,458] {dagbag.py:500} INFO - Filling up the DagBag from /usr/local/lib/python3.9/site-packages/airflow/example_dags/example_task_group_decorator.py
[2022-01-16 22:43:58,517] {processor.py:654} INFO - DAG(s) dict_keys(['example_task_group_decorator']) retrieved from /usr/local/lib/python3.9/site-packages/airflow/example_dags/example_task_group_decorator.py
[2022-01-16 22:43:58,736] {logging_mixin.py:109} INFO - [2022-01-16 22:43:58,736] {dag.py:2396} INFO - Sync 1 DAGs
[2022-01-16 22:43:58,745] {logging_mixin.py:109} INFO - [2022-01-16 22:43:58,745] {dag.py:2935} INFO - Setting next_dagrun for example_task_group_decorator to 2022-01-16T01:43:58.745226+00:00
[2022-01-16 22:43:58,755] {processor.py:171} INFO - Processing /usr/local/lib/python3.9/site-packages/airflow/example_dags/example_task_group_decorator.py took 0.298 seconds
[2022-01-16 22:49:58,739] {processor.py:163} INFO - Started process (PID=28404) to work on /usr/local/lib/python3.9/site-packages/airflow/example_dags/example_task_group_decorator.py
[2022-01-16 22:49:58,739] {processor.py:642} INFO - Processing file /usr/local/lib/python3.9/site-packages/airflow/example_dags/example_task_group_decorator.py for tasks to queue
[2022-01-16 22:49:58,740] {logging_mixin.py:109} INFO - [2022-01-16 22:49:58,740] {dagbag.py:500} INFO - Filling up the DagBag from /usr/local/lib/python3.9/site-packages/airflow/example_dags/example_task_group_decorator.py
[2022-01-16 22:49:58,791] {processor.py:654} INFO - DAG(s) dict_keys(['example_task_group_decorator']) retrieved from /usr/local/lib/python3.9/site-packages/airflow/example_dags/example_task_group_decorator.py
[2022-01-16 22:49:59,010] {logging_mixin.py:109} INFO - [2022-01-16 22:49:59,010] {dag.py:2396} INFO - Sync 1 DAGs
[2022-01-16 22:49:59,017] {logging_mixin.py:109} INFO - [2022-01-16 22:49:59,017] {dag.py:2935} INFO - Setting next_dagrun for example_task_group_decorator to 2022-01-16T01:49:59.017443+00:00
[2022-01-16 22:49:59,027] {processor.py:171} INFO - Processing /usr/local/lib/python3.9/site-packages/airflow/example_dags/example_task_group_decorator.py took 0.289 seconds
[2022-01-16 22:51:30,645] {processor.py:163} INFO - Started process (PID=28451) to work on /usr/local/lib/python3.9/site-packages/airflow/example_dags/example_task_group_decorator.py
[2022-01-16 22:51:30,645] {processor.py:642} INFO - Processing file /usr/local/lib/python3.9/site-packages/airflow/example_dags/example_task_group_decorator.py for tasks to queue
[2022-01-16 22:51:30,645] {logging_mixin.py:109} INFO - [2022-01-16 22:51:30,645] {dagbag.py:500} INFO - Filling up the DagBag from /usr/local/lib/python3.9/site-packages/airflow/example_dags/example_task_group_decorator.py
[2022-01-16 22:51:30,696] {processor.py:654} INFO - DAG(s) dict_keys(['example_task_group_decorator']) retrieved from /usr/local/lib/python3.9/site-packages/airflow/example_dags/example_task_group_decorator.py
[2022-01-16 22:51:30,927] {logging_mixin.py:109} INFO - [2022-01-16 22:51:30,927] {dag.py:2396} INFO - Sync 1 DAGs
[2022-01-16 22:51:30,934] {logging_mixin.py:109} INFO - [2022-01-16 22:51:30,934] {dag.py:2935} INFO - Setting next_dagrun for example_task_group_decorator to 2022-01-16T01:51:30.934687+00:00
[2022-01-16 22:51:30,945] {processor.py:171} INFO - Processing /usr/local/lib/python3.9/site-packages/airflow/example_dags/example_task_group_decorator.py took 0.301 seconds
[2022-01-16 22:53:51,054] {processor.py:163} INFO - Started process (PID=28567) to work on /usr/local/lib/python3.9/site-packages/airflow/example_dags/example_task_group_decorator.py
[2022-01-16 22:53:51,054] {processor.py:642} INFO - Processing file /usr/local/lib/python3.9/site-packages/airflow/example_dags/example_task_group_decorator.py for tasks to queue
[2022-01-16 22:53:51,055] {logging_mixin.py:109} INFO - [2022-01-16 22:53:51,055] {dagbag.py:500} INFO - Filling up the DagBag from /usr/local/lib/python3.9/site-packages/airflow/example_dags/example_task_group_decorator.py
[2022-01-16 22:53:51,108] {processor.py:654} INFO - DAG(s) dict_keys(['example_task_group_decorator']) retrieved from /usr/local/lib/python3.9/site-packages/airflow/example_dags/example_task_group_decorator.py
[2022-01-16 22:53:51,363] {logging_mixin.py:109} INFO - [2022-01-16 22:53:51,362] {dag.py:2396} INFO - Sync 1 DAGs
[2022-01-16 22:53:51,370] {logging_mixin.py:109} INFO - [2022-01-16 22:53:51,370] {dag.py:2935} INFO - Setting next_dagrun for example_task_group_decorator to 2022-01-16T01:53:51.369931+00:00
[2022-01-16 22:53:51,384] {processor.py:171} INFO - Processing /usr/local/lib/python3.9/site-packages/airflow/example_dags/example_task_group_decorator.py took 0.330 seconds
