[2022-01-16 22:29:58,923] {processor.py:163} INFO - Started process (PID=26994) to work on /usr/local/lib/python3.9/site-packages/airflow/example_dags/example_bash_operator.py
[2022-01-16 22:29:58,923] {processor.py:642} INFO - Processing file /usr/local/lib/python3.9/site-packages/airflow/example_dags/example_bash_operator.py for tasks to queue
[2022-01-16 22:29:58,924] {logging_mixin.py:109} INFO - [2022-01-16 22:29:58,924] {dagbag.py:500} INFO - Filling up the DagBag from /usr/local/lib/python3.9/site-packages/airflow/example_dags/example_bash_operator.py
[2022-01-16 22:29:58,972] {processor.py:654} INFO - DAG(s) dict_keys(['example_bash_operator']) retrieved from /usr/local/lib/python3.9/site-packages/airflow/example_dags/example_bash_operator.py
[2022-01-16 22:29:58,988] {logging_mixin.py:109} INFO - [2022-01-16 22:29:58,988] {dag.py:2396} INFO - Sync 1 DAGs
[2022-01-16 22:29:59,000] {logging_mixin.py:109} INFO - [2022-01-16 22:29:59,000] {dag.py:2935} INFO - Setting next_dagrun for example_bash_operator to 2022-01-16 00:00:00+00:00
[2022-01-16 22:29:59,014] {processor.py:171} INFO - Processing /usr/local/lib/python3.9/site-packages/airflow/example_dags/example_bash_operator.py took 0.092 seconds
[2022-01-16 22:31:48,018] {processor.py:163} INFO - Started process (PID=27050) to work on /usr/local/lib/python3.9/site-packages/airflow/example_dags/example_bash_operator.py
[2022-01-16 22:31:48,019] {processor.py:642} INFO - Processing file /usr/local/lib/python3.9/site-packages/airflow/example_dags/example_bash_operator.py for tasks to queue
[2022-01-16 22:31:48,019] {logging_mixin.py:109} INFO - [2022-01-16 22:31:48,019] {dagbag.py:500} INFO - Filling up the DagBag from /usr/local/lib/python3.9/site-packages/airflow/example_dags/example_bash_operator.py
[2022-01-16 22:31:48,054] {processor.py:654} INFO - DAG(s) dict_keys(['example_bash_operator']) retrieved from /usr/local/lib/python3.9/site-packages/airflow/example_dags/example_bash_operator.py
[2022-01-16 22:31:48,073] {logging_mixin.py:109} INFO - [2022-01-16 22:31:48,073] {dag.py:2396} INFO - Sync 1 DAGs
[2022-01-16 22:31:48,084] {logging_mixin.py:109} INFO - [2022-01-16 22:31:48,084] {dag.py:2935} INFO - Setting next_dagrun for example_bash_operator to 2022-01-16 00:00:00+00:00
[2022-01-16 22:31:48,091] {processor.py:171} INFO - Processing /usr/local/lib/python3.9/site-packages/airflow/example_dags/example_bash_operator.py took 0.073 seconds
[2022-01-16 22:33:34,529] {processor.py:163} INFO - Started process (PID=27113) to work on /usr/local/lib/python3.9/site-packages/airflow/example_dags/example_bash_operator.py
[2022-01-16 22:33:34,530] {processor.py:642} INFO - Processing file /usr/local/lib/python3.9/site-packages/airflow/example_dags/example_bash_operator.py for tasks to queue
[2022-01-16 22:33:34,530] {logging_mixin.py:109} INFO - [2022-01-16 22:33:34,530] {dagbag.py:500} INFO - Filling up the DagBag from /usr/local/lib/python3.9/site-packages/airflow/example_dags/example_bash_operator.py
[2022-01-16 22:33:34,570] {processor.py:654} INFO - DAG(s) dict_keys(['example_bash_operator']) retrieved from /usr/local/lib/python3.9/site-packages/airflow/example_dags/example_bash_operator.py
[2022-01-16 22:33:34,587] {logging_mixin.py:109} INFO - [2022-01-16 22:33:34,587] {dag.py:2396} INFO - Sync 1 DAGs
[2022-01-16 22:33:34,598] {logging_mixin.py:109} INFO - [2022-01-16 22:33:34,598] {dag.py:2935} INFO - Setting next_dagrun for example_bash_operator to 2022-01-16 00:00:00+00:00
[2022-01-16 22:33:34,606] {processor.py:171} INFO - Processing /usr/local/lib/python3.9/site-packages/airflow/example_dags/example_bash_operator.py took 0.077 seconds
[2022-01-16 22:35:22,294] {processor.py:163} INFO - Started process (PID=27296) to work on /usr/local/lib/python3.9/site-packages/airflow/example_dags/example_bash_operator.py
[2022-01-16 22:35:22,294] {processor.py:642} INFO - Processing file /usr/local/lib/python3.9/site-packages/airflow/example_dags/example_bash_operator.py for tasks to queue
[2022-01-16 22:35:22,295] {logging_mixin.py:109} INFO - [2022-01-16 22:35:22,295] {dagbag.py:500} INFO - Filling up the DagBag from /usr/local/lib/python3.9/site-packages/airflow/example_dags/example_bash_operator.py
[2022-01-16 22:35:22,321] {processor.py:654} INFO - DAG(s) dict_keys(['example_bash_operator']) retrieved from /usr/local/lib/python3.9/site-packages/airflow/example_dags/example_bash_operator.py
[2022-01-16 22:35:22,335] {logging_mixin.py:109} INFO - [2022-01-16 22:35:22,335] {dag.py:2396} INFO - Sync 1 DAGs
[2022-01-16 22:35:22,344] {logging_mixin.py:109} INFO - [2022-01-16 22:35:22,344] {dag.py:2935} INFO - Setting next_dagrun for example_bash_operator to 2022-01-16 00:00:00+00:00
[2022-01-16 22:35:22,352] {processor.py:171} INFO - Processing /usr/local/lib/python3.9/site-packages/airflow/example_dags/example_bash_operator.py took 0.058 seconds
[2022-01-16 22:37:02,846] {processor.py:163} INFO - Started process (PID=27378) to work on /usr/local/lib/python3.9/site-packages/airflow/example_dags/example_bash_operator.py
[2022-01-16 22:37:02,847] {processor.py:642} INFO - Processing file /usr/local/lib/python3.9/site-packages/airflow/example_dags/example_bash_operator.py for tasks to queue
[2022-01-16 22:37:02,847] {logging_mixin.py:109} INFO - [2022-01-16 22:37:02,847] {dagbag.py:500} INFO - Filling up the DagBag from /usr/local/lib/python3.9/site-packages/airflow/example_dags/example_bash_operator.py
[2022-01-16 22:37:02,882] {processor.py:654} INFO - DAG(s) dict_keys(['example_bash_operator']) retrieved from /usr/local/lib/python3.9/site-packages/airflow/example_dags/example_bash_operator.py
[2022-01-16 22:37:02,898] {logging_mixin.py:109} INFO - [2022-01-16 22:37:02,898] {dag.py:2396} INFO - Sync 1 DAGs
[2022-01-16 22:37:02,907] {logging_mixin.py:109} INFO - [2022-01-16 22:37:02,907] {dag.py:2935} INFO - Setting next_dagrun for example_bash_operator to 2022-01-16 00:00:00+00:00
[2022-01-16 22:37:02,915] {processor.py:171} INFO - Processing /usr/local/lib/python3.9/site-packages/airflow/example_dags/example_bash_operator.py took 0.070 seconds
[2022-01-16 22:38:58,692] {processor.py:163} INFO - Started process (PID=27567) to work on /usr/local/lib/python3.9/site-packages/airflow/example_dags/example_bash_operator.py
[2022-01-16 22:38:58,693] {processor.py:642} INFO - Processing file /usr/local/lib/python3.9/site-packages/airflow/example_dags/example_bash_operator.py for tasks to queue
[2022-01-16 22:38:58,693] {logging_mixin.py:109} INFO - [2022-01-16 22:38:58,693] {dagbag.py:500} INFO - Filling up the DagBag from /usr/local/lib/python3.9/site-packages/airflow/example_dags/example_bash_operator.py
[2022-01-16 22:38:58,768] {processor.py:654} INFO - DAG(s) dict_keys(['example_bash_operator']) retrieved from /usr/local/lib/python3.9/site-packages/airflow/example_dags/example_bash_operator.py
[2022-01-16 22:38:58,794] {logging_mixin.py:109} INFO - [2022-01-16 22:38:58,794] {dag.py:2396} INFO - Sync 1 DAGs
[2022-01-16 22:38:58,804] {logging_mixin.py:109} INFO - [2022-01-16 22:38:58,804] {dag.py:2935} INFO - Setting next_dagrun for example_bash_operator to 2022-01-16 00:00:00+00:00
[2022-01-16 22:38:58,813] {processor.py:171} INFO - Processing /usr/local/lib/python3.9/site-packages/airflow/example_dags/example_bash_operator.py took 0.121 seconds
[2022-01-16 22:41:12,506] {processor.py:163} INFO - Started process (PID=27758) to work on /usr/local/lib/python3.9/site-packages/airflow/example_dags/example_bash_operator.py
[2022-01-16 22:41:12,507] {processor.py:642} INFO - Processing file /usr/local/lib/python3.9/site-packages/airflow/example_dags/example_bash_operator.py for tasks to queue
[2022-01-16 22:41:12,507] {logging_mixin.py:109} INFO - [2022-01-16 22:41:12,507] {dagbag.py:500} INFO - Filling up the DagBag from /usr/local/lib/python3.9/site-packages/airflow/example_dags/example_bash_operator.py
[2022-01-16 22:41:12,540] {processor.py:654} INFO - DAG(s) dict_keys(['example_bash_operator']) retrieved from /usr/local/lib/python3.9/site-packages/airflow/example_dags/example_bash_operator.py
[2022-01-16 22:41:12,555] {logging_mixin.py:109} INFO - [2022-01-16 22:41:12,555] {dag.py:2396} INFO - Sync 1 DAGs
[2022-01-16 22:41:12,564] {logging_mixin.py:109} INFO - [2022-01-16 22:41:12,564] {dag.py:2935} INFO - Setting next_dagrun for example_bash_operator to 2022-01-16 00:00:00+00:00
[2022-01-16 22:41:12,572] {processor.py:171} INFO - Processing /usr/local/lib/python3.9/site-packages/airflow/example_dags/example_bash_operator.py took 0.066 seconds
[2022-01-16 22:43:20,139] {processor.py:163} INFO - Started process (PID=27917) to work on /usr/local/lib/python3.9/site-packages/airflow/example_dags/example_bash_operator.py
[2022-01-16 22:43:20,139] {processor.py:642} INFO - Processing file /usr/local/lib/python3.9/site-packages/airflow/example_dags/example_bash_operator.py for tasks to queue
[2022-01-16 22:43:20,139] {logging_mixin.py:109} INFO - [2022-01-16 22:43:20,139] {dagbag.py:500} INFO - Filling up the DagBag from /usr/local/lib/python3.9/site-packages/airflow/example_dags/example_bash_operator.py
[2022-01-16 22:43:20,181] {processor.py:654} INFO - DAG(s) dict_keys(['example_bash_operator']) retrieved from /usr/local/lib/python3.9/site-packages/airflow/example_dags/example_bash_operator.py
[2022-01-16 22:43:20,196] {logging_mixin.py:109} INFO - [2022-01-16 22:43:20,196] {dag.py:2396} INFO - Sync 1 DAGs
[2022-01-16 22:43:20,208] {logging_mixin.py:109} INFO - [2022-01-16 22:43:20,208] {dag.py:2935} INFO - Setting next_dagrun for example_bash_operator to 2022-01-16 00:00:00+00:00
[2022-01-16 22:43:20,215] {processor.py:171} INFO - Processing /usr/local/lib/python3.9/site-packages/airflow/example_dags/example_bash_operator.py took 0.077 seconds
[2022-01-16 22:50:53,495] {processor.py:163} INFO - Started process (PID=28432) to work on /usr/local/lib/python3.9/site-packages/airflow/example_dags/example_bash_operator.py
[2022-01-16 22:50:53,496] {processor.py:642} INFO - Processing file /usr/local/lib/python3.9/site-packages/airflow/example_dags/example_bash_operator.py for tasks to queue
[2022-01-16 22:50:53,496] {logging_mixin.py:109} INFO - [2022-01-16 22:50:53,496] {dagbag.py:500} INFO - Filling up the DagBag from /usr/local/lib/python3.9/site-packages/airflow/example_dags/example_bash_operator.py
[2022-01-16 22:50:53,530] {processor.py:654} INFO - DAG(s) dict_keys(['example_bash_operator']) retrieved from /usr/local/lib/python3.9/site-packages/airflow/example_dags/example_bash_operator.py
[2022-01-16 22:50:53,546] {logging_mixin.py:109} INFO - [2022-01-16 22:50:53,546] {dag.py:2396} INFO - Sync 1 DAGs
[2022-01-16 22:50:53,557] {logging_mixin.py:109} INFO - [2022-01-16 22:50:53,557] {dag.py:2935} INFO - Setting next_dagrun for example_bash_operator to 2022-01-16 00:00:00+00:00
[2022-01-16 22:50:53,565] {processor.py:171} INFO - Processing /usr/local/lib/python3.9/site-packages/airflow/example_dags/example_bash_operator.py took 0.070 seconds
[2022-01-16 22:53:10,657] {processor.py:163} INFO - Started process (PID=28541) to work on /usr/local/lib/python3.9/site-packages/airflow/example_dags/example_bash_operator.py
[2022-01-16 22:53:10,663] {processor.py:642} INFO - Processing file /usr/local/lib/python3.9/site-packages/airflow/example_dags/example_bash_operator.py for tasks to queue
[2022-01-16 22:53:10,664] {logging_mixin.py:109} INFO - [2022-01-16 22:53:10,664] {dagbag.py:500} INFO - Filling up the DagBag from /usr/local/lib/python3.9/site-packages/airflow/example_dags/example_bash_operator.py
[2022-01-16 22:53:10,813] {processor.py:654} INFO - DAG(s) dict_keys(['example_bash_operator']) retrieved from /usr/local/lib/python3.9/site-packages/airflow/example_dags/example_bash_operator.py
[2022-01-16 22:53:10,829] {logging_mixin.py:109} INFO - [2022-01-16 22:53:10,829] {dag.py:2396} INFO - Sync 1 DAGs
[2022-01-16 22:53:10,839] {logging_mixin.py:109} INFO - [2022-01-16 22:53:10,839] {dag.py:2935} INFO - Setting next_dagrun for example_bash_operator to 2022-01-16 00:00:00+00:00
[2022-01-16 22:53:10,848] {processor.py:171} INFO - Processing /usr/local/lib/python3.9/site-packages/airflow/example_dags/example_bash_operator.py took 0.191 seconds
