[2022-01-16 22:29:19,110] {processor.py:163} INFO - Started process (PID=26929) to work on /usr/local/lib/python3.9/site-packages/airflow/example_dags/example_python_operator.py
[2022-01-16 22:29:19,110] {processor.py:642} INFO - Processing file /usr/local/lib/python3.9/site-packages/airflow/example_dags/example_python_operator.py for tasks to queue
[2022-01-16 22:29:19,111] {logging_mixin.py:109} INFO - [2022-01-16 22:29:19,111] {dagbag.py:500} INFO - Filling up the DagBag from /usr/local/lib/python3.9/site-packages/airflow/example_dags/example_python_operator.py
[2022-01-16 22:29:19,170] {processor.py:654} INFO - DAG(s) dict_keys(['example_python_operator']) retrieved from /usr/local/lib/python3.9/site-packages/airflow/example_dags/example_python_operator.py
[2022-01-16 22:29:19,244] {logging_mixin.py:109} INFO - [2022-01-16 22:29:19,243] {dag.py:2396} INFO - Sync 1 DAGs
[2022-01-16 22:29:19,259] {logging_mixin.py:109} INFO - [2022-01-16 22:29:19,258] {dag.py:2935} INFO - Setting next_dagrun for example_python_operator to None
[2022-01-16 22:29:19,267] {processor.py:171} INFO - Processing /usr/local/lib/python3.9/site-packages/airflow/example_dags/example_python_operator.py took 0.157 seconds
[2022-01-16 22:30:48,051] {processor.py:163} INFO - Started process (PID=27019) to work on /usr/local/lib/python3.9/site-packages/airflow/example_dags/example_python_operator.py
[2022-01-16 22:30:48,051] {processor.py:642} INFO - Processing file /usr/local/lib/python3.9/site-packages/airflow/example_dags/example_python_operator.py for tasks to queue
[2022-01-16 22:30:48,052] {logging_mixin.py:109} INFO - [2022-01-16 22:30:48,052] {dagbag.py:500} INFO - Filling up the DagBag from /usr/local/lib/python3.9/site-packages/airflow/example_dags/example_python_operator.py
[2022-01-16 22:30:48,096] {processor.py:654} INFO - DAG(s) dict_keys(['example_python_operator']) retrieved from /usr/local/lib/python3.9/site-packages/airflow/example_dags/example_python_operator.py
[2022-01-16 22:30:48,112] {logging_mixin.py:109} INFO - [2022-01-16 22:30:48,112] {dag.py:2396} INFO - Sync 1 DAGs
[2022-01-16 22:30:48,119] {logging_mixin.py:109} INFO - [2022-01-16 22:30:48,119] {dag.py:2935} INFO - Setting next_dagrun for example_python_operator to None
[2022-01-16 22:30:48,127] {processor.py:171} INFO - Processing /usr/local/lib/python3.9/site-packages/airflow/example_dags/example_python_operator.py took 0.076 seconds
[2022-01-16 22:32:33,954] {processor.py:163} INFO - Started process (PID=27076) to work on /usr/local/lib/python3.9/site-packages/airflow/example_dags/example_python_operator.py
[2022-01-16 22:32:33,954] {processor.py:642} INFO - Processing file /usr/local/lib/python3.9/site-packages/airflow/example_dags/example_python_operator.py for tasks to queue
[2022-01-16 22:32:33,954] {logging_mixin.py:109} INFO - [2022-01-16 22:32:33,954] {dagbag.py:500} INFO - Filling up the DagBag from /usr/local/lib/python3.9/site-packages/airflow/example_dags/example_python_operator.py
[2022-01-16 22:32:34,000] {processor.py:654} INFO - DAG(s) dict_keys(['example_python_operator']) retrieved from /usr/local/lib/python3.9/site-packages/airflow/example_dags/example_python_operator.py
[2022-01-16 22:32:34,015] {logging_mixin.py:109} INFO - [2022-01-16 22:32:34,015] {dag.py:2396} INFO - Sync 1 DAGs
[2022-01-16 22:32:34,021] {logging_mixin.py:109} INFO - [2022-01-16 22:32:34,021] {dag.py:2935} INFO - Setting next_dagrun for example_python_operator to None
[2022-01-16 22:32:34,028] {processor.py:171} INFO - Processing /usr/local/lib/python3.9/site-packages/airflow/example_dags/example_python_operator.py took 0.075 seconds
[2022-01-16 22:34:20,037] {processor.py:163} INFO - Started process (PID=27135) to work on /usr/local/lib/python3.9/site-packages/airflow/example_dags/example_python_operator.py
[2022-01-16 22:34:20,037] {processor.py:642} INFO - Processing file /usr/local/lib/python3.9/site-packages/airflow/example_dags/example_python_operator.py for tasks to queue
[2022-01-16 22:34:20,038] {logging_mixin.py:109} INFO - [2022-01-16 22:34:20,038] {dagbag.py:500} INFO - Filling up the DagBag from /usr/local/lib/python3.9/site-packages/airflow/example_dags/example_python_operator.py
[2022-01-16 22:34:20,082] {processor.py:654} INFO - DAG(s) dict_keys(['example_python_operator']) retrieved from /usr/local/lib/python3.9/site-packages/airflow/example_dags/example_python_operator.py
[2022-01-16 22:34:20,100] {logging_mixin.py:109} INFO - [2022-01-16 22:34:20,099] {dag.py:2396} INFO - Sync 1 DAGs
[2022-01-16 22:34:20,108] {logging_mixin.py:109} INFO - [2022-01-16 22:34:20,108] {dag.py:2935} INFO - Setting next_dagrun for example_python_operator to None
[2022-01-16 22:34:20,115] {processor.py:171} INFO - Processing /usr/local/lib/python3.9/site-packages/airflow/example_dags/example_python_operator.py took 0.078 seconds
[2022-01-16 22:36:01,134] {processor.py:163} INFO - Started process (PID=27321) to work on /usr/local/lib/python3.9/site-packages/airflow/example_dags/example_python_operator.py
[2022-01-16 22:36:01,134] {processor.py:642} INFO - Processing file /usr/local/lib/python3.9/site-packages/airflow/example_dags/example_python_operator.py for tasks to queue
[2022-01-16 22:36:01,134] {logging_mixin.py:109} INFO - [2022-01-16 22:36:01,134] {dagbag.py:500} INFO - Filling up the DagBag from /usr/local/lib/python3.9/site-packages/airflow/example_dags/example_python_operator.py
[2022-01-16 22:36:01,176] {processor.py:654} INFO - DAG(s) dict_keys(['example_python_operator']) retrieved from /usr/local/lib/python3.9/site-packages/airflow/example_dags/example_python_operator.py
[2022-01-16 22:36:01,200] {logging_mixin.py:109} INFO - [2022-01-16 22:36:01,200] {dag.py:2396} INFO - Sync 1 DAGs
[2022-01-16 22:36:01,210] {logging_mixin.py:109} INFO - [2022-01-16 22:36:01,210] {dag.py:2935} INFO - Setting next_dagrun for example_python_operator to None
[2022-01-16 22:36:01,222] {processor.py:171} INFO - Processing /usr/local/lib/python3.9/site-packages/airflow/example_dags/example_python_operator.py took 0.089 seconds
[2022-01-16 22:37:50,952] {processor.py:163} INFO - Started process (PID=27483) to work on /usr/local/lib/python3.9/site-packages/airflow/example_dags/example_python_operator.py
[2022-01-16 22:37:50,953] {processor.py:642} INFO - Processing file /usr/local/lib/python3.9/site-packages/airflow/example_dags/example_python_operator.py for tasks to queue
[2022-01-16 22:37:50,953] {logging_mixin.py:109} INFO - [2022-01-16 22:37:50,953] {dagbag.py:500} INFO - Filling up the DagBag from /usr/local/lib/python3.9/site-packages/airflow/example_dags/example_python_operator.py
[2022-01-16 22:37:51,068] {processor.py:654} INFO - DAG(s) dict_keys(['example_python_operator']) retrieved from /usr/local/lib/python3.9/site-packages/airflow/example_dags/example_python_operator.py
[2022-01-16 22:37:51,116] {logging_mixin.py:109} INFO - [2022-01-16 22:37:51,116] {dag.py:2396} INFO - Sync 1 DAGs
[2022-01-16 22:37:51,125] {logging_mixin.py:109} INFO - [2022-01-16 22:37:51,125] {dag.py:2935} INFO - Setting next_dagrun for example_python_operator to None
[2022-01-16 22:37:51,132] {processor.py:171} INFO - Processing /usr/local/lib/python3.9/site-packages/airflow/example_dags/example_python_operator.py took 0.180 seconds
[2022-01-16 22:39:52,307] {processor.py:163} INFO - Started process (PID=27606) to work on /usr/local/lib/python3.9/site-packages/airflow/example_dags/example_python_operator.py
[2022-01-16 22:39:52,307] {processor.py:642} INFO - Processing file /usr/local/lib/python3.9/site-packages/airflow/example_dags/example_python_operator.py for tasks to queue
[2022-01-16 22:39:52,308] {logging_mixin.py:109} INFO - [2022-01-16 22:39:52,307] {dagbag.py:500} INFO - Filling up the DagBag from /usr/local/lib/python3.9/site-packages/airflow/example_dags/example_python_operator.py
[2022-01-16 22:39:52,358] {processor.py:654} INFO - DAG(s) dict_keys(['example_python_operator']) retrieved from /usr/local/lib/python3.9/site-packages/airflow/example_dags/example_python_operator.py
[2022-01-16 22:39:52,374] {logging_mixin.py:109} INFO - [2022-01-16 22:39:52,374] {dag.py:2396} INFO - Sync 1 DAGs
[2022-01-16 22:39:52,382] {logging_mixin.py:109} INFO - [2022-01-16 22:39:52,382] {dag.py:2935} INFO - Setting next_dagrun for example_python_operator to None
[2022-01-16 22:39:52,389] {processor.py:171} INFO - Processing /usr/local/lib/python3.9/site-packages/airflow/example_dags/example_python_operator.py took 0.083 seconds
[2022-01-16 22:42:03,225] {processor.py:163} INFO - Started process (PID=27845) to work on /usr/local/lib/python3.9/site-packages/airflow/example_dags/example_python_operator.py
[2022-01-16 22:42:03,225] {processor.py:642} INFO - Processing file /usr/local/lib/python3.9/site-packages/airflow/example_dags/example_python_operator.py for tasks to queue
[2022-01-16 22:42:03,226] {logging_mixin.py:109} INFO - [2022-01-16 22:42:03,226] {dagbag.py:500} INFO - Filling up the DagBag from /usr/local/lib/python3.9/site-packages/airflow/example_dags/example_python_operator.py
[2022-01-16 22:42:03,283] {processor.py:654} INFO - DAG(s) dict_keys(['example_python_operator']) retrieved from /usr/local/lib/python3.9/site-packages/airflow/example_dags/example_python_operator.py
[2022-01-16 22:42:03,299] {logging_mixin.py:109} INFO - [2022-01-16 22:42:03,299] {dag.py:2396} INFO - Sync 1 DAGs
[2022-01-16 22:42:03,307] {logging_mixin.py:109} INFO - [2022-01-16 22:42:03,306] {dag.py:2935} INFO - Setting next_dagrun for example_python_operator to None
[2022-01-16 22:42:03,314] {processor.py:171} INFO - Processing /usr/local/lib/python3.9/site-packages/airflow/example_dags/example_python_operator.py took 0.090 seconds
[2022-01-16 22:44:14,991] {processor.py:163} INFO - Started process (PID=28009) to work on /usr/local/lib/python3.9/site-packages/airflow/example_dags/example_python_operator.py
[2022-01-16 22:44:14,992] {processor.py:642} INFO - Processing file /usr/local/lib/python3.9/site-packages/airflow/example_dags/example_python_operator.py for tasks to queue
[2022-01-16 22:44:14,992] {logging_mixin.py:109} INFO - [2022-01-16 22:44:14,992] {dagbag.py:500} INFO - Filling up the DagBag from /usr/local/lib/python3.9/site-packages/airflow/example_dags/example_python_operator.py
[2022-01-16 22:44:15,039] {processor.py:654} INFO - DAG(s) dict_keys(['example_python_operator']) retrieved from /usr/local/lib/python3.9/site-packages/airflow/example_dags/example_python_operator.py
[2022-01-16 22:44:15,055] {logging_mixin.py:109} INFO - [2022-01-16 22:44:15,055] {dag.py:2396} INFO - Sync 1 DAGs
[2022-01-16 22:44:15,061] {logging_mixin.py:109} INFO - [2022-01-16 22:44:15,061] {dag.py:2935} INFO - Setting next_dagrun for example_python_operator to None
[2022-01-16 22:44:15,069] {processor.py:171} INFO - Processing /usr/local/lib/python3.9/site-packages/airflow/example_dags/example_python_operator.py took 0.078 seconds
[2022-01-16 22:50:14,977] {processor.py:163} INFO - Started process (PID=28411) to work on /usr/local/lib/python3.9/site-packages/airflow/example_dags/example_python_operator.py
[2022-01-16 22:50:14,977] {processor.py:642} INFO - Processing file /usr/local/lib/python3.9/site-packages/airflow/example_dags/example_python_operator.py for tasks to queue
[2022-01-16 22:50:14,978] {logging_mixin.py:109} INFO - [2022-01-16 22:50:14,978] {dagbag.py:500} INFO - Filling up the DagBag from /usr/local/lib/python3.9/site-packages/airflow/example_dags/example_python_operator.py
[2022-01-16 22:50:15,021] {processor.py:654} INFO - DAG(s) dict_keys(['example_python_operator']) retrieved from /usr/local/lib/python3.9/site-packages/airflow/example_dags/example_python_operator.py
[2022-01-16 22:50:15,041] {logging_mixin.py:109} INFO - [2022-01-16 22:50:15,041] {dag.py:2396} INFO - Sync 1 DAGs
[2022-01-16 22:50:15,048] {logging_mixin.py:109} INFO - [2022-01-16 22:50:15,048] {dag.py:2935} INFO - Setting next_dagrun for example_python_operator to None
[2022-01-16 22:50:15,056] {processor.py:171} INFO - Processing /usr/local/lib/python3.9/site-packages/airflow/example_dags/example_python_operator.py took 0.079 seconds
[2022-01-16 22:51:46,546] {processor.py:163} INFO - Started process (PID=28458) to work on /usr/local/lib/python3.9/site-packages/airflow/example_dags/example_python_operator.py
[2022-01-16 22:51:46,546] {processor.py:642} INFO - Processing file /usr/local/lib/python3.9/site-packages/airflow/example_dags/example_python_operator.py for tasks to queue
[2022-01-16 22:51:46,547] {logging_mixin.py:109} INFO - [2022-01-16 22:51:46,547] {dagbag.py:500} INFO - Filling up the DagBag from /usr/local/lib/python3.9/site-packages/airflow/example_dags/example_python_operator.py
[2022-01-16 22:51:46,597] {processor.py:654} INFO - DAG(s) dict_keys(['example_python_operator']) retrieved from /usr/local/lib/python3.9/site-packages/airflow/example_dags/example_python_operator.py
[2022-01-16 22:51:46,615] {logging_mixin.py:109} INFO - [2022-01-16 22:51:46,615] {dag.py:2396} INFO - Sync 1 DAGs
[2022-01-16 22:51:46,624] {logging_mixin.py:109} INFO - [2022-01-16 22:51:46,624] {dag.py:2935} INFO - Setting next_dagrun for example_python_operator to None
[2022-01-16 22:51:46,633] {processor.py:171} INFO - Processing /usr/local/lib/python3.9/site-packages/airflow/example_dags/example_python_operator.py took 0.087 seconds
[2022-01-16 22:54:11,751] {processor.py:163} INFO - Started process (PID=28576) to work on /usr/local/lib/python3.9/site-packages/airflow/example_dags/example_python_operator.py
[2022-01-16 22:54:11,752] {processor.py:642} INFO - Processing file /usr/local/lib/python3.9/site-packages/airflow/example_dags/example_python_operator.py for tasks to queue
[2022-01-16 22:54:11,752] {logging_mixin.py:109} INFO - [2022-01-16 22:54:11,752] {dagbag.py:500} INFO - Filling up the DagBag from /usr/local/lib/python3.9/site-packages/airflow/example_dags/example_python_operator.py
[2022-01-16 22:54:11,796] {processor.py:654} INFO - DAG(s) dict_keys(['example_python_operator']) retrieved from /usr/local/lib/python3.9/site-packages/airflow/example_dags/example_python_operator.py
[2022-01-16 22:54:11,811] {logging_mixin.py:109} INFO - [2022-01-16 22:54:11,811] {dag.py:2396} INFO - Sync 1 DAGs
[2022-01-16 22:54:11,818] {logging_mixin.py:109} INFO - [2022-01-16 22:54:11,818] {dag.py:2935} INFO - Setting next_dagrun for example_python_operator to None
[2022-01-16 22:54:11,825] {processor.py:171} INFO - Processing /usr/local/lib/python3.9/site-packages/airflow/example_dags/example_python_operator.py took 0.074 seconds
