[2022-01-16 22:29:53,592] {processor.py:163} INFO - Started process (PID=26991) to work on /usr/local/lib/python3.9/site-packages/airflow/example_dags/example_branch_day_of_week_operator.py
[2022-01-16 22:29:53,592] {processor.py:642} INFO - Processing file /usr/local/lib/python3.9/site-packages/airflow/example_dags/example_branch_day_of_week_operator.py for tasks to queue
[2022-01-16 22:29:53,593] {logging_mixin.py:109} INFO - [2022-01-16 22:29:53,593] {dagbag.py:500} INFO - Filling up the DagBag from /usr/local/lib/python3.9/site-packages/airflow/example_dags/example_branch_day_of_week_operator.py
[2022-01-16 22:29:53,633] {processor.py:654} INFO - DAG(s) dict_keys(['example_weekday_branch_operator']) retrieved from /usr/local/lib/python3.9/site-packages/airflow/example_dags/example_branch_day_of_week_operator.py
[2022-01-16 22:29:53,652] {logging_mixin.py:109} INFO - [2022-01-16 22:29:53,651] {dag.py:2396} INFO - Sync 1 DAGs
[2022-01-16 22:29:53,663] {logging_mixin.py:109} INFO - [2022-01-16 22:29:53,663] {dag.py:2935} INFO - Setting next_dagrun for example_weekday_branch_operator to 2022-01-16 00:00:00+00:00
[2022-01-16 22:29:53,670] {processor.py:171} INFO - Processing /usr/local/lib/python3.9/site-packages/airflow/example_dags/example_branch_day_of_week_operator.py took 0.079 seconds
[2022-01-16 22:31:42,575] {processor.py:163} INFO - Started process (PID=27048) to work on /usr/local/lib/python3.9/site-packages/airflow/example_dags/example_branch_day_of_week_operator.py
[2022-01-16 22:31:42,576] {processor.py:642} INFO - Processing file /usr/local/lib/python3.9/site-packages/airflow/example_dags/example_branch_day_of_week_operator.py for tasks to queue
[2022-01-16 22:31:42,577] {logging_mixin.py:109} INFO - [2022-01-16 22:31:42,577] {dagbag.py:500} INFO - Filling up the DagBag from /usr/local/lib/python3.9/site-packages/airflow/example_dags/example_branch_day_of_week_operator.py
[2022-01-16 22:31:42,617] {processor.py:654} INFO - DAG(s) dict_keys(['example_weekday_branch_operator']) retrieved from /usr/local/lib/python3.9/site-packages/airflow/example_dags/example_branch_day_of_week_operator.py
[2022-01-16 22:31:42,630] {logging_mixin.py:109} INFO - [2022-01-16 22:31:42,630] {dag.py:2396} INFO - Sync 1 DAGs
[2022-01-16 22:31:42,642] {logging_mixin.py:109} INFO - [2022-01-16 22:31:42,642] {dag.py:2935} INFO - Setting next_dagrun for example_weekday_branch_operator to 2022-01-16 00:00:00+00:00
[2022-01-16 22:31:42,648] {processor.py:171} INFO - Processing /usr/local/lib/python3.9/site-packages/airflow/example_dags/example_branch_day_of_week_operator.py took 0.074 seconds
[2022-01-16 22:33:28,624] {processor.py:163} INFO - Started process (PID=27108) to work on /usr/local/lib/python3.9/site-packages/airflow/example_dags/example_branch_day_of_week_operator.py
[2022-01-16 22:33:28,625] {processor.py:642} INFO - Processing file /usr/local/lib/python3.9/site-packages/airflow/example_dags/example_branch_day_of_week_operator.py for tasks to queue
[2022-01-16 22:33:28,625] {logging_mixin.py:109} INFO - [2022-01-16 22:33:28,625] {dagbag.py:500} INFO - Filling up the DagBag from /usr/local/lib/python3.9/site-packages/airflow/example_dags/example_branch_day_of_week_operator.py
[2022-01-16 22:33:28,659] {processor.py:654} INFO - DAG(s) dict_keys(['example_weekday_branch_operator']) retrieved from /usr/local/lib/python3.9/site-packages/airflow/example_dags/example_branch_day_of_week_operator.py
[2022-01-16 22:33:28,675] {logging_mixin.py:109} INFO - [2022-01-16 22:33:28,675] {dag.py:2396} INFO - Sync 1 DAGs
[2022-01-16 22:33:28,684] {logging_mixin.py:109} INFO - [2022-01-16 22:33:28,684] {dag.py:2935} INFO - Setting next_dagrun for example_weekday_branch_operator to 2022-01-16 00:00:00+00:00
[2022-01-16 22:33:28,691] {processor.py:171} INFO - Processing /usr/local/lib/python3.9/site-packages/airflow/example_dags/example_branch_day_of_week_operator.py took 0.067 seconds
[2022-01-16 22:35:18,268] {processor.py:163} INFO - Started process (PID=27293) to work on /usr/local/lib/python3.9/site-packages/airflow/example_dags/example_branch_day_of_week_operator.py
[2022-01-16 22:35:18,268] {processor.py:642} INFO - Processing file /usr/local/lib/python3.9/site-packages/airflow/example_dags/example_branch_day_of_week_operator.py for tasks to queue
[2022-01-16 22:35:18,268] {logging_mixin.py:109} INFO - [2022-01-16 22:35:18,268] {dagbag.py:500} INFO - Filling up the DagBag from /usr/local/lib/python3.9/site-packages/airflow/example_dags/example_branch_day_of_week_operator.py
[2022-01-16 22:35:18,296] {processor.py:654} INFO - DAG(s) dict_keys(['example_weekday_branch_operator']) retrieved from /usr/local/lib/python3.9/site-packages/airflow/example_dags/example_branch_day_of_week_operator.py
[2022-01-16 22:35:18,310] {logging_mixin.py:109} INFO - [2022-01-16 22:35:18,310] {dag.py:2396} INFO - Sync 1 DAGs
[2022-01-16 22:35:18,320] {logging_mixin.py:109} INFO - [2022-01-16 22:35:18,320] {dag.py:2935} INFO - Setting next_dagrun for example_weekday_branch_operator to 2022-01-16 00:00:00+00:00
[2022-01-16 22:35:18,327] {processor.py:171} INFO - Processing /usr/local/lib/python3.9/site-packages/airflow/example_dags/example_branch_day_of_week_operator.py took 0.060 seconds
[2022-01-16 22:36:57,574] {processor.py:163} INFO - Started process (PID=27369) to work on /usr/local/lib/python3.9/site-packages/airflow/example_dags/example_branch_day_of_week_operator.py
[2022-01-16 22:36:57,575] {processor.py:642} INFO - Processing file /usr/local/lib/python3.9/site-packages/airflow/example_dags/example_branch_day_of_week_operator.py for tasks to queue
[2022-01-16 22:36:57,575] {logging_mixin.py:109} INFO - [2022-01-16 22:36:57,575] {dagbag.py:500} INFO - Filling up the DagBag from /usr/local/lib/python3.9/site-packages/airflow/example_dags/example_branch_day_of_week_operator.py
[2022-01-16 22:36:57,610] {processor.py:654} INFO - DAG(s) dict_keys(['example_weekday_branch_operator']) retrieved from /usr/local/lib/python3.9/site-packages/airflow/example_dags/example_branch_day_of_week_operator.py
[2022-01-16 22:36:57,625] {logging_mixin.py:109} INFO - [2022-01-16 22:36:57,624] {dag.py:2396} INFO - Sync 1 DAGs
[2022-01-16 22:36:57,634] {logging_mixin.py:109} INFO - [2022-01-16 22:36:57,634] {dag.py:2935} INFO - Setting next_dagrun for example_weekday_branch_operator to 2022-01-16 00:00:00+00:00
[2022-01-16 22:36:57,640] {processor.py:171} INFO - Processing /usr/local/lib/python3.9/site-packages/airflow/example_dags/example_branch_day_of_week_operator.py took 0.066 seconds
[2022-01-16 22:38:53,409] {processor.py:163} INFO - Started process (PID=27565) to work on /usr/local/lib/python3.9/site-packages/airflow/example_dags/example_branch_day_of_week_operator.py
[2022-01-16 22:38:53,410] {processor.py:642} INFO - Processing file /usr/local/lib/python3.9/site-packages/airflow/example_dags/example_branch_day_of_week_operator.py for tasks to queue
[2022-01-16 22:38:53,411] {logging_mixin.py:109} INFO - [2022-01-16 22:38:53,411] {dagbag.py:500} INFO - Filling up the DagBag from /usr/local/lib/python3.9/site-packages/airflow/example_dags/example_branch_day_of_week_operator.py
[2022-01-16 22:38:53,478] {processor.py:654} INFO - DAG(s) dict_keys(['example_weekday_branch_operator']) retrieved from /usr/local/lib/python3.9/site-packages/airflow/example_dags/example_branch_day_of_week_operator.py
[2022-01-16 22:38:53,493] {logging_mixin.py:109} INFO - [2022-01-16 22:38:53,493] {dag.py:2396} INFO - Sync 1 DAGs
[2022-01-16 22:38:53,506] {logging_mixin.py:109} INFO - [2022-01-16 22:38:53,506] {dag.py:2935} INFO - Setting next_dagrun for example_weekday_branch_operator to 2022-01-16 00:00:00+00:00
[2022-01-16 22:38:53,515] {processor.py:171} INFO - Processing /usr/local/lib/python3.9/site-packages/airflow/example_dags/example_branch_day_of_week_operator.py took 0.107 seconds
[2022-01-16 22:41:07,239] {processor.py:163} INFO - Started process (PID=27750) to work on /usr/local/lib/python3.9/site-packages/airflow/example_dags/example_branch_day_of_week_operator.py
[2022-01-16 22:41:07,239] {processor.py:642} INFO - Processing file /usr/local/lib/python3.9/site-packages/airflow/example_dags/example_branch_day_of_week_operator.py for tasks to queue
[2022-01-16 22:41:07,240] {logging_mixin.py:109} INFO - [2022-01-16 22:41:07,240] {dagbag.py:500} INFO - Filling up the DagBag from /usr/local/lib/python3.9/site-packages/airflow/example_dags/example_branch_day_of_week_operator.py
[2022-01-16 22:41:07,274] {processor.py:654} INFO - DAG(s) dict_keys(['example_weekday_branch_operator']) retrieved from /usr/local/lib/python3.9/site-packages/airflow/example_dags/example_branch_day_of_week_operator.py
[2022-01-16 22:41:07,288] {logging_mixin.py:109} INFO - [2022-01-16 22:41:07,288] {dag.py:2396} INFO - Sync 1 DAGs
[2022-01-16 22:41:07,297] {logging_mixin.py:109} INFO - [2022-01-16 22:41:07,297] {dag.py:2935} INFO - Setting next_dagrun for example_weekday_branch_operator to 2022-01-16 00:00:00+00:00
[2022-01-16 22:41:07,304] {processor.py:171} INFO - Processing /usr/local/lib/python3.9/site-packages/airflow/example_dags/example_branch_day_of_week_operator.py took 0.066 seconds
[2022-01-16 22:43:12,903] {processor.py:163} INFO - Started process (PID=27912) to work on /usr/local/lib/python3.9/site-packages/airflow/example_dags/example_branch_day_of_week_operator.py
[2022-01-16 22:43:12,903] {processor.py:642} INFO - Processing file /usr/local/lib/python3.9/site-packages/airflow/example_dags/example_branch_day_of_week_operator.py for tasks to queue
[2022-01-16 22:43:12,904] {logging_mixin.py:109} INFO - [2022-01-16 22:43:12,904] {dagbag.py:500} INFO - Filling up the DagBag from /usr/local/lib/python3.9/site-packages/airflow/example_dags/example_branch_day_of_week_operator.py
[2022-01-16 22:43:12,981] {processor.py:654} INFO - DAG(s) dict_keys(['example_weekday_branch_operator']) retrieved from /usr/local/lib/python3.9/site-packages/airflow/example_dags/example_branch_day_of_week_operator.py
[2022-01-16 22:43:13,007] {logging_mixin.py:109} INFO - [2022-01-16 22:43:13,007] {dag.py:2396} INFO - Sync 1 DAGs
[2022-01-16 22:43:13,026] {logging_mixin.py:109} INFO - [2022-01-16 22:43:13,026] {dag.py:2935} INFO - Setting next_dagrun for example_weekday_branch_operator to 2022-01-16 00:00:00+00:00
[2022-01-16 22:43:13,037] {processor.py:171} INFO - Processing /usr/local/lib/python3.9/site-packages/airflow/example_dags/example_branch_day_of_week_operator.py took 0.135 seconds
[2022-01-16 22:50:48,023] {processor.py:163} INFO - Started process (PID=28430) to work on /usr/local/lib/python3.9/site-packages/airflow/example_dags/example_branch_day_of_week_operator.py
[2022-01-16 22:50:48,023] {processor.py:642} INFO - Processing file /usr/local/lib/python3.9/site-packages/airflow/example_dags/example_branch_day_of_week_operator.py for tasks to queue
[2022-01-16 22:50:48,023] {logging_mixin.py:109} INFO - [2022-01-16 22:50:48,023] {dagbag.py:500} INFO - Filling up the DagBag from /usr/local/lib/python3.9/site-packages/airflow/example_dags/example_branch_day_of_week_operator.py
[2022-01-16 22:50:48,052] {processor.py:654} INFO - DAG(s) dict_keys(['example_weekday_branch_operator']) retrieved from /usr/local/lib/python3.9/site-packages/airflow/example_dags/example_branch_day_of_week_operator.py
[2022-01-16 22:50:48,067] {logging_mixin.py:109} INFO - [2022-01-16 22:50:48,067] {dag.py:2396} INFO - Sync 1 DAGs
[2022-01-16 22:50:48,078] {logging_mixin.py:109} INFO - [2022-01-16 22:50:48,078] {dag.py:2935} INFO - Setting next_dagrun for example_weekday_branch_operator to 2022-01-16 00:00:00+00:00
[2022-01-16 22:50:48,086] {processor.py:171} INFO - Processing /usr/local/lib/python3.9/site-packages/airflow/example_dags/example_branch_day_of_week_operator.py took 0.063 seconds
[2022-01-16 22:53:04,200] {processor.py:163} INFO - Started process (PID=28538) to work on /usr/local/lib/python3.9/site-packages/airflow/example_dags/example_branch_day_of_week_operator.py
[2022-01-16 22:53:04,201] {processor.py:642} INFO - Processing file /usr/local/lib/python3.9/site-packages/airflow/example_dags/example_branch_day_of_week_operator.py for tasks to queue
[2022-01-16 22:53:04,201] {logging_mixin.py:109} INFO - [2022-01-16 22:53:04,201] {dagbag.py:500} INFO - Filling up the DagBag from /usr/local/lib/python3.9/site-packages/airflow/example_dags/example_branch_day_of_week_operator.py
[2022-01-16 22:53:04,255] {processor.py:654} INFO - DAG(s) dict_keys(['example_weekday_branch_operator']) retrieved from /usr/local/lib/python3.9/site-packages/airflow/example_dags/example_branch_day_of_week_operator.py
[2022-01-16 22:53:04,283] {logging_mixin.py:109} INFO - [2022-01-16 22:53:04,283] {dag.py:2396} INFO - Sync 1 DAGs
[2022-01-16 22:53:04,301] {logging_mixin.py:109} INFO - [2022-01-16 22:53:04,301] {dag.py:2935} INFO - Setting next_dagrun for example_weekday_branch_operator to 2022-01-16 00:00:00+00:00
[2022-01-16 22:53:04,315] {processor.py:171} INFO - Processing /usr/local/lib/python3.9/site-packages/airflow/example_dags/example_branch_day_of_week_operator.py took 0.115 seconds
