[2022-01-16 22:29:09,218] {processor.py:163} INFO - Started process (PID=26906) to work on /usr/local/lib/python3.9/site-packages/airflow/example_dags/example_sla_dag.py
[2022-01-16 22:29:09,219] {processor.py:642} INFO - Processing file /usr/local/lib/python3.9/site-packages/airflow/example_dags/example_sla_dag.py for tasks to queue
[2022-01-16 22:29:09,219] {logging_mixin.py:109} INFO - [2022-01-16 22:29:09,219] {dagbag.py:500} INFO - Filling up the DagBag from /usr/local/lib/python3.9/site-packages/airflow/example_dags/example_sla_dag.py
[2022-01-16 22:29:09,298] {processor.py:654} INFO - DAG(s) dict_keys(['example_sla_dag']) retrieved from /usr/local/lib/python3.9/site-packages/airflow/example_dags/example_sla_dag.py
[2022-01-16 22:29:09,336] {logging_mixin.py:109} INFO - [2022-01-16 22:29:09,336] {dag.py:2396} INFO - Sync 1 DAGs
[2022-01-16 22:29:09,359] {logging_mixin.py:109} INFO - [2022-01-16 22:29:09,359] {dag.py:2935} INFO - Setting next_dagrun for example_sla_dag to 2022-01-17T01:26:00+00:00
[2022-01-16 22:29:09,386] {processor.py:171} INFO - Processing /usr/local/lib/python3.9/site-packages/airflow/example_dags/example_sla_dag.py took 0.170 seconds
[2022-01-16 22:30:40,335] {processor.py:163} INFO - Started process (PID=27016) to work on /usr/local/lib/python3.9/site-packages/airflow/example_dags/example_sla_dag.py
[2022-01-16 22:30:40,335] {processor.py:642} INFO - Processing file /usr/local/lib/python3.9/site-packages/airflow/example_dags/example_sla_dag.py for tasks to queue
[2022-01-16 22:30:40,336] {logging_mixin.py:109} INFO - [2022-01-16 22:30:40,336] {dagbag.py:500} INFO - Filling up the DagBag from /usr/local/lib/python3.9/site-packages/airflow/example_dags/example_sla_dag.py
[2022-01-16 22:30:40,416] {processor.py:654} INFO - DAG(s) dict_keys(['example_sla_dag']) retrieved from /usr/local/lib/python3.9/site-packages/airflow/example_dags/example_sla_dag.py
[2022-01-16 22:30:40,452] {logging_mixin.py:109} INFO - [2022-01-16 22:30:40,452] {dag.py:2396} INFO - Sync 1 DAGs
[2022-01-16 22:30:40,468] {logging_mixin.py:109} INFO - [2022-01-16 22:30:40,468] {dag.py:2935} INFO - Setting next_dagrun for example_sla_dag to 2022-01-17T01:28:00+00:00
[2022-01-16 22:30:40,478] {processor.py:171} INFO - Processing /usr/local/lib/python3.9/site-packages/airflow/example_dags/example_sla_dag.py took 0.144 seconds
[2022-01-16 22:32:25,780] {processor.py:163} INFO - Started process (PID=27072) to work on /usr/local/lib/python3.9/site-packages/airflow/example_dags/example_sla_dag.py
[2022-01-16 22:32:25,780] {processor.py:642} INFO - Processing file /usr/local/lib/python3.9/site-packages/airflow/example_dags/example_sla_dag.py for tasks to queue
[2022-01-16 22:32:25,781] {logging_mixin.py:109} INFO - [2022-01-16 22:32:25,781] {dagbag.py:500} INFO - Filling up the DagBag from /usr/local/lib/python3.9/site-packages/airflow/example_dags/example_sla_dag.py
[2022-01-16 22:32:25,826] {processor.py:654} INFO - DAG(s) dict_keys(['example_sla_dag']) retrieved from /usr/local/lib/python3.9/site-packages/airflow/example_dags/example_sla_dag.py
[2022-01-16 22:32:25,843] {logging_mixin.py:109} INFO - [2022-01-16 22:32:25,843] {dag.py:2396} INFO - Sync 1 DAGs
[2022-01-16 22:32:25,853] {logging_mixin.py:109} INFO - [2022-01-16 22:32:25,853] {dag.py:2935} INFO - Setting next_dagrun for example_sla_dag to 2022-01-17T01:30:00+00:00
[2022-01-16 22:32:25,861] {processor.py:171} INFO - Processing /usr/local/lib/python3.9/site-packages/airflow/example_dags/example_sla_dag.py took 0.081 seconds
[2022-01-16 22:34:11,623] {processor.py:163} INFO - Started process (PID=27132) to work on /usr/local/lib/python3.9/site-packages/airflow/example_dags/example_sla_dag.py
[2022-01-16 22:34:11,623] {processor.py:642} INFO - Processing file /usr/local/lib/python3.9/site-packages/airflow/example_dags/example_sla_dag.py for tasks to queue
[2022-01-16 22:34:11,624] {logging_mixin.py:109} INFO - [2022-01-16 22:34:11,624] {dagbag.py:500} INFO - Filling up the DagBag from /usr/local/lib/python3.9/site-packages/airflow/example_dags/example_sla_dag.py
[2022-01-16 22:34:11,662] {processor.py:654} INFO - DAG(s) dict_keys(['example_sla_dag']) retrieved from /usr/local/lib/python3.9/site-packages/airflow/example_dags/example_sla_dag.py
[2022-01-16 22:34:11,676] {logging_mixin.py:109} INFO - [2022-01-16 22:34:11,676] {dag.py:2396} INFO - Sync 1 DAGs
[2022-01-16 22:34:11,685] {logging_mixin.py:109} INFO - [2022-01-16 22:34:11,685] {dag.py:2935} INFO - Setting next_dagrun for example_sla_dag to 2022-01-17T01:32:00+00:00
[2022-01-16 22:34:11,694] {processor.py:171} INFO - Processing /usr/local/lib/python3.9/site-packages/airflow/example_dags/example_sla_dag.py took 0.071 seconds
[2022-01-16 22:35:54,062] {processor.py:163} INFO - Started process (PID=27317) to work on /usr/local/lib/python3.9/site-packages/airflow/example_dags/example_sla_dag.py
[2022-01-16 22:35:54,062] {processor.py:642} INFO - Processing file /usr/local/lib/python3.9/site-packages/airflow/example_dags/example_sla_dag.py for tasks to queue
[2022-01-16 22:35:54,063] {logging_mixin.py:109} INFO - [2022-01-16 22:35:54,063] {dagbag.py:500} INFO - Filling up the DagBag from /usr/local/lib/python3.9/site-packages/airflow/example_dags/example_sla_dag.py
[2022-01-16 22:35:54,105] {processor.py:654} INFO - DAG(s) dict_keys(['example_sla_dag']) retrieved from /usr/local/lib/python3.9/site-packages/airflow/example_dags/example_sla_dag.py
[2022-01-16 22:35:54,122] {logging_mixin.py:109} INFO - [2022-01-16 22:35:54,121] {dag.py:2396} INFO - Sync 1 DAGs
[2022-01-16 22:35:54,132] {logging_mixin.py:109} INFO - [2022-01-16 22:35:54,132] {dag.py:2935} INFO - Setting next_dagrun for example_sla_dag to 2022-01-17T01:32:00+00:00
[2022-01-16 22:35:54,141] {processor.py:171} INFO - Processing /usr/local/lib/python3.9/site-packages/airflow/example_dags/example_sla_dag.py took 0.080 seconds
[2022-01-16 22:37:42,501] {processor.py:163} INFO - Started process (PID=27468) to work on /usr/local/lib/python3.9/site-packages/airflow/example_dags/example_sla_dag.py
[2022-01-16 22:37:42,502] {processor.py:642} INFO - Processing file /usr/local/lib/python3.9/site-packages/airflow/example_dags/example_sla_dag.py for tasks to queue
[2022-01-16 22:37:42,502] {logging_mixin.py:109} INFO - [2022-01-16 22:37:42,502] {dagbag.py:500} INFO - Filling up the DagBag from /usr/local/lib/python3.9/site-packages/airflow/example_dags/example_sla_dag.py
[2022-01-16 22:37:42,542] {processor.py:654} INFO - DAG(s) dict_keys(['example_sla_dag']) retrieved from /usr/local/lib/python3.9/site-packages/airflow/example_dags/example_sla_dag.py
[2022-01-16 22:37:42,561] {logging_mixin.py:109} INFO - [2022-01-16 22:37:42,561] {dag.py:2396} INFO - Sync 1 DAGs
[2022-01-16 22:37:42,571] {logging_mixin.py:109} INFO - [2022-01-16 22:37:42,571] {dag.py:2935} INFO - Setting next_dagrun for example_sla_dag to 2022-01-17T01:34:00+00:00
[2022-01-16 22:37:42,576] {processor.py:171} INFO - Processing /usr/local/lib/python3.9/site-packages/airflow/example_dags/example_sla_dag.py took 0.076 seconds
[2022-01-16 22:39:43,638] {processor.py:163} INFO - Started process (PID=27600) to work on /usr/local/lib/python3.9/site-packages/airflow/example_dags/example_sla_dag.py
[2022-01-16 22:39:43,638] {processor.py:642} INFO - Processing file /usr/local/lib/python3.9/site-packages/airflow/example_dags/example_sla_dag.py for tasks to queue
[2022-01-16 22:39:43,639] {logging_mixin.py:109} INFO - [2022-01-16 22:39:43,639] {dagbag.py:500} INFO - Filling up the DagBag from /usr/local/lib/python3.9/site-packages/airflow/example_dags/example_sla_dag.py
[2022-01-16 22:39:43,698] {processor.py:654} INFO - DAG(s) dict_keys(['example_sla_dag']) retrieved from /usr/local/lib/python3.9/site-packages/airflow/example_dags/example_sla_dag.py
[2022-01-16 22:39:43,715] {logging_mixin.py:109} INFO - [2022-01-16 22:39:43,715] {dag.py:2396} INFO - Sync 1 DAGs
[2022-01-16 22:39:43,726] {logging_mixin.py:109} INFO - [2022-01-16 22:39:43,726] {dag.py:2935} INFO - Setting next_dagrun for example_sla_dag to 2022-01-17T01:36:00+00:00
[2022-01-16 22:39:43,733] {processor.py:171} INFO - Processing /usr/local/lib/python3.9/site-packages/airflow/example_dags/example_sla_dag.py took 0.095 seconds
[2022-01-16 22:41:54,334] {processor.py:163} INFO - Started process (PID=27830) to work on /usr/local/lib/python3.9/site-packages/airflow/example_dags/example_sla_dag.py
[2022-01-16 22:41:54,335] {processor.py:642} INFO - Processing file /usr/local/lib/python3.9/site-packages/airflow/example_dags/example_sla_dag.py for tasks to queue
[2022-01-16 22:41:54,335] {logging_mixin.py:109} INFO - [2022-01-16 22:41:54,335] {dagbag.py:500} INFO - Filling up the DagBag from /usr/local/lib/python3.9/site-packages/airflow/example_dags/example_sla_dag.py
[2022-01-16 22:41:54,385] {processor.py:654} INFO - DAG(s) dict_keys(['example_sla_dag']) retrieved from /usr/local/lib/python3.9/site-packages/airflow/example_dags/example_sla_dag.py
[2022-01-16 22:41:54,400] {logging_mixin.py:109} INFO - [2022-01-16 22:41:54,400] {dag.py:2396} INFO - Sync 1 DAGs
[2022-01-16 22:41:54,412] {logging_mixin.py:109} INFO - [2022-01-16 22:41:54,411] {dag.py:2935} INFO - Setting next_dagrun for example_sla_dag to 2022-01-17T01:38:00+00:00
[2022-01-16 22:41:54,422] {processor.py:171} INFO - Processing /usr/local/lib/python3.9/site-packages/airflow/example_dags/example_sla_dag.py took 0.088 seconds
[2022-01-16 22:44:07,724] {processor.py:163} INFO - Started process (PID=27990) to work on /usr/local/lib/python3.9/site-packages/airflow/example_dags/example_sla_dag.py
[2022-01-16 22:44:07,724] {processor.py:642} INFO - Processing file /usr/local/lib/python3.9/site-packages/airflow/example_dags/example_sla_dag.py for tasks to queue
[2022-01-16 22:44:07,725] {logging_mixin.py:109} INFO - [2022-01-16 22:44:07,725] {dagbag.py:500} INFO - Filling up the DagBag from /usr/local/lib/python3.9/site-packages/airflow/example_dags/example_sla_dag.py
[2022-01-16 22:44:07,769] {processor.py:654} INFO - DAG(s) dict_keys(['example_sla_dag']) retrieved from /usr/local/lib/python3.9/site-packages/airflow/example_dags/example_sla_dag.py
[2022-01-16 22:44:07,787] {logging_mixin.py:109} INFO - [2022-01-16 22:44:07,787] {dag.py:2396} INFO - Sync 1 DAGs
[2022-01-16 22:44:07,806] {logging_mixin.py:109} INFO - [2022-01-16 22:44:07,806] {dag.py:2935} INFO - Setting next_dagrun for example_sla_dag to 2022-01-17T01:42:00+00:00
[2022-01-16 22:44:07,816] {processor.py:171} INFO - Processing /usr/local/lib/python3.9/site-packages/airflow/example_dags/example_sla_dag.py took 0.093 seconds
[2022-01-16 22:50:07,271] {processor.py:163} INFO - Started process (PID=28408) to work on /usr/local/lib/python3.9/site-packages/airflow/example_dags/example_sla_dag.py
[2022-01-16 22:50:07,271] {processor.py:642} INFO - Processing file /usr/local/lib/python3.9/site-packages/airflow/example_dags/example_sla_dag.py for tasks to queue
[2022-01-16 22:50:07,271] {logging_mixin.py:109} INFO - [2022-01-16 22:50:07,271] {dagbag.py:500} INFO - Filling up the DagBag from /usr/local/lib/python3.9/site-packages/airflow/example_dags/example_sla_dag.py
[2022-01-16 22:50:07,314] {processor.py:654} INFO - DAG(s) dict_keys(['example_sla_dag']) retrieved from /usr/local/lib/python3.9/site-packages/airflow/example_dags/example_sla_dag.py
[2022-01-16 22:50:07,331] {logging_mixin.py:109} INFO - [2022-01-16 22:50:07,330] {dag.py:2396} INFO - Sync 1 DAGs
[2022-01-16 22:50:07,341] {logging_mixin.py:109} INFO - [2022-01-16 22:50:07,341] {dag.py:2935} INFO - Setting next_dagrun for example_sla_dag to 2022-01-17T01:48:00+00:00
[2022-01-16 22:50:07,349] {processor.py:171} INFO - Processing /usr/local/lib/python3.9/site-packages/airflow/example_dags/example_sla_dag.py took 0.079 seconds
[2022-01-16 22:51:38,823] {processor.py:163} INFO - Started process (PID=28455) to work on /usr/local/lib/python3.9/site-packages/airflow/example_dags/example_sla_dag.py
[2022-01-16 22:51:38,823] {processor.py:642} INFO - Processing file /usr/local/lib/python3.9/site-packages/airflow/example_dags/example_sla_dag.py for tasks to queue
[2022-01-16 22:51:38,824] {logging_mixin.py:109} INFO - [2022-01-16 22:51:38,824] {dagbag.py:500} INFO - Filling up the DagBag from /usr/local/lib/python3.9/site-packages/airflow/example_dags/example_sla_dag.py
[2022-01-16 22:51:38,865] {processor.py:654} INFO - DAG(s) dict_keys(['example_sla_dag']) retrieved from /usr/local/lib/python3.9/site-packages/airflow/example_dags/example_sla_dag.py
[2022-01-16 22:51:38,882] {logging_mixin.py:109} INFO - [2022-01-16 22:51:38,881] {dag.py:2396} INFO - Sync 1 DAGs
[2022-01-16 22:51:38,892] {logging_mixin.py:109} INFO - [2022-01-16 22:51:38,892] {dag.py:2935} INFO - Setting next_dagrun for example_sla_dag to 2022-01-17T01:48:00+00:00
[2022-01-16 22:51:38,899] {processor.py:171} INFO - Processing /usr/local/lib/python3.9/site-packages/airflow/example_dags/example_sla_dag.py took 0.077 seconds
[2022-01-16 22:54:01,245] {processor.py:163} INFO - Started process (PID=28571) to work on /usr/local/lib/python3.9/site-packages/airflow/example_dags/example_sla_dag.py
[2022-01-16 22:54:01,245] {processor.py:642} INFO - Processing file /usr/local/lib/python3.9/site-packages/airflow/example_dags/example_sla_dag.py for tasks to queue
[2022-01-16 22:54:01,246] {logging_mixin.py:109} INFO - [2022-01-16 22:54:01,246] {dagbag.py:500} INFO - Filling up the DagBag from /usr/local/lib/python3.9/site-packages/airflow/example_dags/example_sla_dag.py
[2022-01-16 22:54:01,286] {processor.py:654} INFO - DAG(s) dict_keys(['example_sla_dag']) retrieved from /usr/local/lib/python3.9/site-packages/airflow/example_dags/example_sla_dag.py
[2022-01-16 22:54:01,301] {logging_mixin.py:109} INFO - [2022-01-16 22:54:01,301] {dag.py:2396} INFO - Sync 1 DAGs
[2022-01-16 22:54:01,311] {logging_mixin.py:109} INFO - [2022-01-16 22:54:01,311] {dag.py:2935} INFO - Setting next_dagrun for example_sla_dag to 2022-01-17T01:52:00+00:00
[2022-01-16 22:54:01,318] {processor.py:171} INFO - Processing /usr/local/lib/python3.9/site-packages/airflow/example_dags/example_sla_dag.py took 0.074 seconds
