[2022-01-16 22:29:16,220] {processor.py:163} INFO - Started process (PID=26910) to work on /usr/local/lib/python3.9/site-packages/airflow/example_dags/example_short_circuit_operator.py
[2022-01-16 22:29:16,220] {processor.py:642} INFO - Processing file /usr/local/lib/python3.9/site-packages/airflow/example_dags/example_short_circuit_operator.py for tasks to queue
[2022-01-16 22:29:16,221] {logging_mixin.py:109} INFO - [2022-01-16 22:29:16,221] {dagbag.py:500} INFO - Filling up the DagBag from /usr/local/lib/python3.9/site-packages/airflow/example_dags/example_short_circuit_operator.py
[2022-01-16 22:29:16,278] {processor.py:654} INFO - DAG(s) dict_keys(['example_short_circuit_operator']) retrieved from /usr/local/lib/python3.9/site-packages/airflow/example_dags/example_short_circuit_operator.py
[2022-01-16 22:29:16,303] {logging_mixin.py:109} INFO - [2022-01-16 22:29:16,303] {dag.py:2396} INFO - Sync 1 DAGs
[2022-01-16 22:29:16,315] {logging_mixin.py:109} INFO - [2022-01-16 22:29:16,315] {dag.py:2935} INFO - Setting next_dagrun for example_short_circuit_operator to 2022-01-16T01:29:16.315629+00:00
[2022-01-16 22:29:16,326] {processor.py:171} INFO - Processing /usr/local/lib/python3.9/site-packages/airflow/example_dags/example_short_circuit_operator.py took 0.106 seconds
[2022-01-16 22:30:45,559] {processor.py:163} INFO - Started process (PID=27018) to work on /usr/local/lib/python3.9/site-packages/airflow/example_dags/example_short_circuit_operator.py
[2022-01-16 22:30:45,559] {processor.py:642} INFO - Processing file /usr/local/lib/python3.9/site-packages/airflow/example_dags/example_short_circuit_operator.py for tasks to queue
[2022-01-16 22:30:45,559] {logging_mixin.py:109} INFO - [2022-01-16 22:30:45,559] {dagbag.py:500} INFO - Filling up the DagBag from /usr/local/lib/python3.9/site-packages/airflow/example_dags/example_short_circuit_operator.py
[2022-01-16 22:30:45,606] {processor.py:654} INFO - DAG(s) dict_keys(['example_short_circuit_operator']) retrieved from /usr/local/lib/python3.9/site-packages/airflow/example_dags/example_short_circuit_operator.py
[2022-01-16 22:30:45,632] {logging_mixin.py:109} INFO - [2022-01-16 22:30:45,632] {dag.py:2396} INFO - Sync 1 DAGs
[2022-01-16 22:30:45,642] {logging_mixin.py:109} INFO - [2022-01-16 22:30:45,642] {dag.py:2935} INFO - Setting next_dagrun for example_short_circuit_operator to 2022-01-16T01:30:45.642523+00:00
[2022-01-16 22:30:45,654] {processor.py:171} INFO - Processing /usr/local/lib/python3.9/site-packages/airflow/example_dags/example_short_circuit_operator.py took 0.096 seconds
[2022-01-16 22:32:31,275] {processor.py:163} INFO - Started process (PID=27075) to work on /usr/local/lib/python3.9/site-packages/airflow/example_dags/example_short_circuit_operator.py
[2022-01-16 22:32:31,275] {processor.py:642} INFO - Processing file /usr/local/lib/python3.9/site-packages/airflow/example_dags/example_short_circuit_operator.py for tasks to queue
[2022-01-16 22:32:31,275] {logging_mixin.py:109} INFO - [2022-01-16 22:32:31,275] {dagbag.py:500} INFO - Filling up the DagBag from /usr/local/lib/python3.9/site-packages/airflow/example_dags/example_short_circuit_operator.py
[2022-01-16 22:32:31,316] {processor.py:654} INFO - DAG(s) dict_keys(['example_short_circuit_operator']) retrieved from /usr/local/lib/python3.9/site-packages/airflow/example_dags/example_short_circuit_operator.py
[2022-01-16 22:32:31,330] {logging_mixin.py:109} INFO - [2022-01-16 22:32:31,330] {dag.py:2396} INFO - Sync 1 DAGs
[2022-01-16 22:32:31,338] {logging_mixin.py:109} INFO - [2022-01-16 22:32:31,337] {dag.py:2935} INFO - Setting next_dagrun for example_short_circuit_operator to 2022-01-16T01:32:31.337808+00:00
[2022-01-16 22:32:31,344] {processor.py:171} INFO - Processing /usr/local/lib/python3.9/site-packages/airflow/example_dags/example_short_circuit_operator.py took 0.069 seconds
[2022-01-16 22:34:17,353] {processor.py:163} INFO - Started process (PID=27134) to work on /usr/local/lib/python3.9/site-packages/airflow/example_dags/example_short_circuit_operator.py
[2022-01-16 22:34:17,353] {processor.py:642} INFO - Processing file /usr/local/lib/python3.9/site-packages/airflow/example_dags/example_short_circuit_operator.py for tasks to queue
[2022-01-16 22:34:17,353] {logging_mixin.py:109} INFO - [2022-01-16 22:34:17,353] {dagbag.py:500} INFO - Filling up the DagBag from /usr/local/lib/python3.9/site-packages/airflow/example_dags/example_short_circuit_operator.py
[2022-01-16 22:34:17,391] {processor.py:654} INFO - DAG(s) dict_keys(['example_short_circuit_operator']) retrieved from /usr/local/lib/python3.9/site-packages/airflow/example_dags/example_short_circuit_operator.py
[2022-01-16 22:34:17,407] {logging_mixin.py:109} INFO - [2022-01-16 22:34:17,406] {dag.py:2396} INFO - Sync 1 DAGs
[2022-01-16 22:34:17,414] {logging_mixin.py:109} INFO - [2022-01-16 22:34:17,414] {dag.py:2935} INFO - Setting next_dagrun for example_short_circuit_operator to 2022-01-16T01:34:17.413882+00:00
[2022-01-16 22:34:17,423] {processor.py:171} INFO - Processing /usr/local/lib/python3.9/site-packages/airflow/example_dags/example_short_circuit_operator.py took 0.070 seconds
[2022-01-16 22:35:58,461] {processor.py:163} INFO - Started process (PID=27319) to work on /usr/local/lib/python3.9/site-packages/airflow/example_dags/example_short_circuit_operator.py
[2022-01-16 22:35:58,462] {processor.py:642} INFO - Processing file /usr/local/lib/python3.9/site-packages/airflow/example_dags/example_short_circuit_operator.py for tasks to queue
[2022-01-16 22:35:58,462] {logging_mixin.py:109} INFO - [2022-01-16 22:35:58,462] {dagbag.py:500} INFO - Filling up the DagBag from /usr/local/lib/python3.9/site-packages/airflow/example_dags/example_short_circuit_operator.py
[2022-01-16 22:35:58,507] {processor.py:654} INFO - DAG(s) dict_keys(['example_short_circuit_operator']) retrieved from /usr/local/lib/python3.9/site-packages/airflow/example_dags/example_short_circuit_operator.py
[2022-01-16 22:35:58,527] {logging_mixin.py:109} INFO - [2022-01-16 22:35:58,526] {dag.py:2396} INFO - Sync 1 DAGs
[2022-01-16 22:35:58,538] {logging_mixin.py:109} INFO - [2022-01-16 22:35:58,538] {dag.py:2935} INFO - Setting next_dagrun for example_short_circuit_operator to 2022-01-16T01:35:58.538263+00:00
[2022-01-16 22:35:58,546] {processor.py:171} INFO - Processing /usr/local/lib/python3.9/site-packages/airflow/example_dags/example_short_circuit_operator.py took 0.085 seconds
[2022-01-16 22:37:47,907] {processor.py:163} INFO - Started process (PID=27476) to work on /usr/local/lib/python3.9/site-packages/airflow/example_dags/example_short_circuit_operator.py
[2022-01-16 22:37:47,908] {processor.py:642} INFO - Processing file /usr/local/lib/python3.9/site-packages/airflow/example_dags/example_short_circuit_operator.py for tasks to queue
[2022-01-16 22:37:47,909] {logging_mixin.py:109} INFO - [2022-01-16 22:37:47,908] {dagbag.py:500} INFO - Filling up the DagBag from /usr/local/lib/python3.9/site-packages/airflow/example_dags/example_short_circuit_operator.py
[2022-01-16 22:37:47,973] {processor.py:654} INFO - DAG(s) dict_keys(['example_short_circuit_operator']) retrieved from /usr/local/lib/python3.9/site-packages/airflow/example_dags/example_short_circuit_operator.py
[2022-01-16 22:37:48,012] {logging_mixin.py:109} INFO - [2022-01-16 22:37:48,012] {dag.py:2396} INFO - Sync 1 DAGs
[2022-01-16 22:37:48,023] {logging_mixin.py:109} INFO - [2022-01-16 22:37:48,022] {dag.py:2935} INFO - Setting next_dagrun for example_short_circuit_operator to 2022-01-16T01:37:48.022699+00:00
[2022-01-16 22:37:48,060] {processor.py:171} INFO - Processing /usr/local/lib/python3.9/site-packages/airflow/example_dags/example_short_circuit_operator.py took 0.153 seconds
[2022-01-16 22:39:48,453] {processor.py:163} INFO - Started process (PID=27602) to work on /usr/local/lib/python3.9/site-packages/airflow/example_dags/example_short_circuit_operator.py
[2022-01-16 22:39:48,453] {processor.py:642} INFO - Processing file /usr/local/lib/python3.9/site-packages/airflow/example_dags/example_short_circuit_operator.py for tasks to queue
[2022-01-16 22:39:48,454] {logging_mixin.py:109} INFO - [2022-01-16 22:39:48,454] {dagbag.py:500} INFO - Filling up the DagBag from /usr/local/lib/python3.9/site-packages/airflow/example_dags/example_short_circuit_operator.py
[2022-01-16 22:39:48,503] {processor.py:654} INFO - DAG(s) dict_keys(['example_short_circuit_operator']) retrieved from /usr/local/lib/python3.9/site-packages/airflow/example_dags/example_short_circuit_operator.py
[2022-01-16 22:39:48,519] {logging_mixin.py:109} INFO - [2022-01-16 22:39:48,519] {dag.py:2396} INFO - Sync 1 DAGs
[2022-01-16 22:39:48,528] {logging_mixin.py:109} INFO - [2022-01-16 22:39:48,528] {dag.py:2935} INFO - Setting next_dagrun for example_short_circuit_operator to 2022-01-16T01:39:48.528019+00:00
[2022-01-16 22:39:48,534] {processor.py:171} INFO - Processing /usr/local/lib/python3.9/site-packages/airflow/example_dags/example_short_circuit_operator.py took 0.081 seconds
[2022-01-16 22:42:00,505] {processor.py:163} INFO - Started process (PID=27838) to work on /usr/local/lib/python3.9/site-packages/airflow/example_dags/example_short_circuit_operator.py
[2022-01-16 22:42:00,505] {processor.py:642} INFO - Processing file /usr/local/lib/python3.9/site-packages/airflow/example_dags/example_short_circuit_operator.py for tasks to queue
[2022-01-16 22:42:00,505] {logging_mixin.py:109} INFO - [2022-01-16 22:42:00,505] {dagbag.py:500} INFO - Filling up the DagBag from /usr/local/lib/python3.9/site-packages/airflow/example_dags/example_short_circuit_operator.py
[2022-01-16 22:42:00,545] {processor.py:654} INFO - DAG(s) dict_keys(['example_short_circuit_operator']) retrieved from /usr/local/lib/python3.9/site-packages/airflow/example_dags/example_short_circuit_operator.py
[2022-01-16 22:42:00,560] {logging_mixin.py:109} INFO - [2022-01-16 22:42:00,560] {dag.py:2396} INFO - Sync 1 DAGs
[2022-01-16 22:42:00,567] {logging_mixin.py:109} INFO - [2022-01-16 22:42:00,567] {dag.py:2935} INFO - Setting next_dagrun for example_short_circuit_operator to 2022-01-16T01:42:00.567748+00:00
[2022-01-16 22:42:00,574] {processor.py:171} INFO - Processing /usr/local/lib/python3.9/site-packages/airflow/example_dags/example_short_circuit_operator.py took 0.070 seconds
[2022-01-16 22:44:12,723] {processor.py:163} INFO - Started process (PID=28000) to work on /usr/local/lib/python3.9/site-packages/airflow/example_dags/example_short_circuit_operator.py
[2022-01-16 22:44:12,723] {processor.py:642} INFO - Processing file /usr/local/lib/python3.9/site-packages/airflow/example_dags/example_short_circuit_operator.py for tasks to queue
[2022-01-16 22:44:12,724] {logging_mixin.py:109} INFO - [2022-01-16 22:44:12,724] {dagbag.py:500} INFO - Filling up the DagBag from /usr/local/lib/python3.9/site-packages/airflow/example_dags/example_short_circuit_operator.py
[2022-01-16 22:44:12,776] {processor.py:654} INFO - DAG(s) dict_keys(['example_short_circuit_operator']) retrieved from /usr/local/lib/python3.9/site-packages/airflow/example_dags/example_short_circuit_operator.py
[2022-01-16 22:44:12,794] {logging_mixin.py:109} INFO - [2022-01-16 22:44:12,793] {dag.py:2396} INFO - Sync 1 DAGs
[2022-01-16 22:44:12,803] {logging_mixin.py:109} INFO - [2022-01-16 22:44:12,803] {dag.py:2935} INFO - Setting next_dagrun for example_short_circuit_operator to 2022-01-16T01:44:12.802979+00:00
[2022-01-16 22:44:12,815] {processor.py:171} INFO - Processing /usr/local/lib/python3.9/site-packages/airflow/example_dags/example_short_circuit_operator.py took 0.092 seconds
[2022-01-16 22:50:12,325] {processor.py:163} INFO - Started process (PID=28410) to work on /usr/local/lib/python3.9/site-packages/airflow/example_dags/example_short_circuit_operator.py
[2022-01-16 22:50:12,326] {processor.py:642} INFO - Processing file /usr/local/lib/python3.9/site-packages/airflow/example_dags/example_short_circuit_operator.py for tasks to queue
[2022-01-16 22:50:12,326] {logging_mixin.py:109} INFO - [2022-01-16 22:50:12,326] {dagbag.py:500} INFO - Filling up the DagBag from /usr/local/lib/python3.9/site-packages/airflow/example_dags/example_short_circuit_operator.py
[2022-01-16 22:50:12,370] {processor.py:654} INFO - DAG(s) dict_keys(['example_short_circuit_operator']) retrieved from /usr/local/lib/python3.9/site-packages/airflow/example_dags/example_short_circuit_operator.py
[2022-01-16 22:50:12,391] {logging_mixin.py:109} INFO - [2022-01-16 22:50:12,391] {dag.py:2396} INFO - Sync 1 DAGs
[2022-01-16 22:50:12,398] {logging_mixin.py:109} INFO - [2022-01-16 22:50:12,398] {dag.py:2935} INFO - Setting next_dagrun for example_short_circuit_operator to 2022-01-16T01:50:12.398177+00:00
[2022-01-16 22:50:12,411] {processor.py:171} INFO - Processing /usr/local/lib/python3.9/site-packages/airflow/example_dags/example_short_circuit_operator.py took 0.087 seconds
[2022-01-16 22:51:43,932] {processor.py:163} INFO - Started process (PID=28457) to work on /usr/local/lib/python3.9/site-packages/airflow/example_dags/example_short_circuit_operator.py
[2022-01-16 22:51:43,933] {processor.py:642} INFO - Processing file /usr/local/lib/python3.9/site-packages/airflow/example_dags/example_short_circuit_operator.py for tasks to queue
[2022-01-16 22:51:43,933] {logging_mixin.py:109} INFO - [2022-01-16 22:51:43,933] {dagbag.py:500} INFO - Filling up the DagBag from /usr/local/lib/python3.9/site-packages/airflow/example_dags/example_short_circuit_operator.py
[2022-01-16 22:51:43,974] {processor.py:654} INFO - DAG(s) dict_keys(['example_short_circuit_operator']) retrieved from /usr/local/lib/python3.9/site-packages/airflow/example_dags/example_short_circuit_operator.py
[2022-01-16 22:51:43,992] {logging_mixin.py:109} INFO - [2022-01-16 22:51:43,992] {dag.py:2396} INFO - Sync 1 DAGs
[2022-01-16 22:51:44,000] {logging_mixin.py:109} INFO - [2022-01-16 22:51:44,000] {dag.py:2935} INFO - Setting next_dagrun for example_short_circuit_operator to 2022-01-16T01:51:44.000446+00:00
[2022-01-16 22:51:44,009] {processor.py:171} INFO - Processing /usr/local/lib/python3.9/site-packages/airflow/example_dags/example_short_circuit_operator.py took 0.077 seconds
[2022-01-16 22:54:08,877] {processor.py:163} INFO - Started process (PID=28575) to work on /usr/local/lib/python3.9/site-packages/airflow/example_dags/example_short_circuit_operator.py
[2022-01-16 22:54:08,878] {processor.py:642} INFO - Processing file /usr/local/lib/python3.9/site-packages/airflow/example_dags/example_short_circuit_operator.py for tasks to queue
[2022-01-16 22:54:08,879] {logging_mixin.py:109} INFO - [2022-01-16 22:54:08,879] {dagbag.py:500} INFO - Filling up the DagBag from /usr/local/lib/python3.9/site-packages/airflow/example_dags/example_short_circuit_operator.py
[2022-01-16 22:54:08,928] {processor.py:654} INFO - DAG(s) dict_keys(['example_short_circuit_operator']) retrieved from /usr/local/lib/python3.9/site-packages/airflow/example_dags/example_short_circuit_operator.py
[2022-01-16 22:54:08,951] {logging_mixin.py:109} INFO - [2022-01-16 22:54:08,951] {dag.py:2396} INFO - Sync 1 DAGs
[2022-01-16 22:54:08,962] {logging_mixin.py:109} INFO - [2022-01-16 22:54:08,962] {dag.py:2935} INFO - Setting next_dagrun for example_short_circuit_operator to 2022-01-16T01:54:08.961924+00:00
[2022-01-16 22:54:08,970] {processor.py:171} INFO - Processing /usr/local/lib/python3.9/site-packages/airflow/example_dags/example_short_circuit_operator.py took 0.094 seconds
