[2022-01-16 22:29:38,997] {processor.py:163} INFO - Started process (PID=26981) to work on /usr/local/lib/python3.9/site-packages/airflow/example_dags/example_dag_decorator.py
[2022-01-16 22:29:38,997] {processor.py:642} INFO - Processing file /usr/local/lib/python3.9/site-packages/airflow/example_dags/example_dag_decorator.py for tasks to queue
[2022-01-16 22:29:38,998] {logging_mixin.py:109} INFO - [2022-01-16 22:29:38,998] {dagbag.py:500} INFO - Filling up the DagBag from /usr/local/lib/python3.9/site-packages/airflow/example_dags/example_dag_decorator.py
[2022-01-16 22:29:39,047] {processor.py:654} INFO - DAG(s) dict_keys(['example_dag_decorator']) retrieved from /usr/local/lib/python3.9/site-packages/airflow/example_dags/example_dag_decorator.py
[2022-01-16 22:29:39,439] {logging_mixin.py:109} INFO - [2022-01-16 22:29:39,439] {dag.py:2396} INFO - Sync 1 DAGs
[2022-01-16 22:29:39,453] {logging_mixin.py:109} INFO - [2022-01-16 22:29:39,453] {dag.py:2935} INFO - Setting next_dagrun for example_dag_decorator to None
[2022-01-16 22:29:39,466] {processor.py:171} INFO - Processing /usr/local/lib/python3.9/site-packages/airflow/example_dags/example_dag_decorator.py took 0.469 seconds
[2022-01-16 22:31:28,701] {processor.py:163} INFO - Started process (PID=27041) to work on /usr/local/lib/python3.9/site-packages/airflow/example_dags/example_dag_decorator.py
[2022-01-16 22:31:28,702] {processor.py:642} INFO - Processing file /usr/local/lib/python3.9/site-packages/airflow/example_dags/example_dag_decorator.py for tasks to queue
[2022-01-16 22:31:28,702] {logging_mixin.py:109} INFO - [2022-01-16 22:31:28,702] {dagbag.py:500} INFO - Filling up the DagBag from /usr/local/lib/python3.9/site-packages/airflow/example_dags/example_dag_decorator.py
[2022-01-16 22:31:28,753] {processor.py:654} INFO - DAG(s) dict_keys(['example_dag_decorator']) retrieved from /usr/local/lib/python3.9/site-packages/airflow/example_dags/example_dag_decorator.py
[2022-01-16 22:31:29,130] {logging_mixin.py:109} INFO - [2022-01-16 22:31:29,129] {dag.py:2396} INFO - Sync 1 DAGs
[2022-01-16 22:31:29,136] {logging_mixin.py:109} INFO - [2022-01-16 22:31:29,136] {dag.py:2935} INFO - Setting next_dagrun for example_dag_decorator to None
[2022-01-16 22:31:29,144] {processor.py:171} INFO - Processing /usr/local/lib/python3.9/site-packages/airflow/example_dags/example_dag_decorator.py took 0.443 seconds
[2022-01-16 22:33:14,962] {processor.py:163} INFO - Started process (PID=27099) to work on /usr/local/lib/python3.9/site-packages/airflow/example_dags/example_dag_decorator.py
[2022-01-16 22:33:14,962] {processor.py:642} INFO - Processing file /usr/local/lib/python3.9/site-packages/airflow/example_dags/example_dag_decorator.py for tasks to queue
[2022-01-16 22:33:14,963] {logging_mixin.py:109} INFO - [2022-01-16 22:33:14,963] {dagbag.py:500} INFO - Filling up the DagBag from /usr/local/lib/python3.9/site-packages/airflow/example_dags/example_dag_decorator.py
[2022-01-16 22:33:15,015] {processor.py:654} INFO - DAG(s) dict_keys(['example_dag_decorator']) retrieved from /usr/local/lib/python3.9/site-packages/airflow/example_dags/example_dag_decorator.py
[2022-01-16 22:33:15,395] {logging_mixin.py:109} INFO - [2022-01-16 22:33:15,395] {dag.py:2396} INFO - Sync 1 DAGs
[2022-01-16 22:33:15,405] {logging_mixin.py:109} INFO - [2022-01-16 22:33:15,405] {dag.py:2935} INFO - Setting next_dagrun for example_dag_decorator to None
[2022-01-16 22:33:15,412] {processor.py:171} INFO - Processing /usr/local/lib/python3.9/site-packages/airflow/example_dags/example_dag_decorator.py took 0.450 seconds
[2022-01-16 22:35:06,497] {processor.py:163} INFO - Started process (PID=27287) to work on /usr/local/lib/python3.9/site-packages/airflow/example_dags/example_dag_decorator.py
[2022-01-16 22:35:06,497] {processor.py:642} INFO - Processing file /usr/local/lib/python3.9/site-packages/airflow/example_dags/example_dag_decorator.py for tasks to queue
[2022-01-16 22:35:06,497] {logging_mixin.py:109} INFO - [2022-01-16 22:35:06,497] {dagbag.py:500} INFO - Filling up the DagBag from /usr/local/lib/python3.9/site-packages/airflow/example_dags/example_dag_decorator.py
[2022-01-16 22:35:06,543] {processor.py:654} INFO - DAG(s) dict_keys(['example_dag_decorator']) retrieved from /usr/local/lib/python3.9/site-packages/airflow/example_dags/example_dag_decorator.py
[2022-01-16 22:35:06,740] {logging_mixin.py:109} INFO - [2022-01-16 22:35:06,740] {dag.py:2396} INFO - Sync 1 DAGs
[2022-01-16 22:35:06,747] {logging_mixin.py:109} INFO - [2022-01-16 22:35:06,747] {dag.py:2935} INFO - Setting next_dagrun for example_dag_decorator to None
[2022-01-16 22:35:06,756] {processor.py:171} INFO - Processing /usr/local/lib/python3.9/site-packages/airflow/example_dags/example_dag_decorator.py took 0.260 seconds
[2022-01-16 22:36:43,799] {processor.py:163} INFO - Started process (PID=27344) to work on /usr/local/lib/python3.9/site-packages/airflow/example_dags/example_dag_decorator.py
[2022-01-16 22:36:43,799] {processor.py:642} INFO - Processing file /usr/local/lib/python3.9/site-packages/airflow/example_dags/example_dag_decorator.py for tasks to queue
[2022-01-16 22:36:43,800] {logging_mixin.py:109} INFO - [2022-01-16 22:36:43,800] {dagbag.py:500} INFO - Filling up the DagBag from /usr/local/lib/python3.9/site-packages/airflow/example_dags/example_dag_decorator.py
[2022-01-16 22:36:43,841] {processor.py:654} INFO - DAG(s) dict_keys(['example_dag_decorator']) retrieved from /usr/local/lib/python3.9/site-packages/airflow/example_dags/example_dag_decorator.py
[2022-01-16 22:36:44,568] {logging_mixin.py:109} INFO - [2022-01-16 22:36:44,568] {dag.py:2396} INFO - Sync 1 DAGs
[2022-01-16 22:36:44,580] {logging_mixin.py:109} INFO - [2022-01-16 22:36:44,580] {dag.py:2935} INFO - Setting next_dagrun for example_dag_decorator to None
[2022-01-16 22:36:44,589] {processor.py:171} INFO - Processing /usr/local/lib/python3.9/site-packages/airflow/example_dags/example_dag_decorator.py took 0.791 seconds
[2022-01-16 22:38:38,492] {processor.py:163} INFO - Started process (PID=27557) to work on /usr/local/lib/python3.9/site-packages/airflow/example_dags/example_dag_decorator.py
[2022-01-16 22:38:38,492] {processor.py:642} INFO - Processing file /usr/local/lib/python3.9/site-packages/airflow/example_dags/example_dag_decorator.py for tasks to queue
[2022-01-16 22:38:38,493] {logging_mixin.py:109} INFO - [2022-01-16 22:38:38,493] {dagbag.py:500} INFO - Filling up the DagBag from /usr/local/lib/python3.9/site-packages/airflow/example_dags/example_dag_decorator.py
[2022-01-16 22:38:38,542] {processor.py:654} INFO - DAG(s) dict_keys(['example_dag_decorator']) retrieved from /usr/local/lib/python3.9/site-packages/airflow/example_dags/example_dag_decorator.py
[2022-01-16 22:38:38,885] {logging_mixin.py:109} INFO - [2022-01-16 22:38:38,885] {dag.py:2396} INFO - Sync 1 DAGs
[2022-01-16 22:38:38,892] {logging_mixin.py:109} INFO - [2022-01-16 22:38:38,892] {dag.py:2935} INFO - Setting next_dagrun for example_dag_decorator to None
[2022-01-16 22:38:38,899] {processor.py:171} INFO - Processing /usr/local/lib/python3.9/site-packages/airflow/example_dags/example_dag_decorator.py took 0.407 seconds
[2022-01-16 22:40:51,890] {processor.py:163} INFO - Started process (PID=27725) to work on /usr/local/lib/python3.9/site-packages/airflow/example_dags/example_dag_decorator.py
[2022-01-16 22:40:51,891] {processor.py:642} INFO - Processing file /usr/local/lib/python3.9/site-packages/airflow/example_dags/example_dag_decorator.py for tasks to queue
[2022-01-16 22:40:51,891] {logging_mixin.py:109} INFO - [2022-01-16 22:40:51,891] {dagbag.py:500} INFO - Filling up the DagBag from /usr/local/lib/python3.9/site-packages/airflow/example_dags/example_dag_decorator.py
[2022-01-16 22:40:51,998] {processor.py:654} INFO - DAG(s) dict_keys(['example_dag_decorator']) retrieved from /usr/local/lib/python3.9/site-packages/airflow/example_dags/example_dag_decorator.py
[2022-01-16 22:40:52,334] {logging_mixin.py:109} INFO - [2022-01-16 22:40:52,334] {dag.py:2396} INFO - Sync 1 DAGs
[2022-01-16 22:40:52,345] {logging_mixin.py:109} INFO - [2022-01-16 22:40:52,345] {dag.py:2935} INFO - Setting next_dagrun for example_dag_decorator to None
[2022-01-16 22:40:52,358] {processor.py:171} INFO - Processing /usr/local/lib/python3.9/site-packages/airflow/example_dags/example_dag_decorator.py took 0.468 seconds
[2022-01-16 22:42:54,896] {processor.py:163} INFO - Started process (PID=27906) to work on /usr/local/lib/python3.9/site-packages/airflow/example_dags/example_dag_decorator.py
[2022-01-16 22:42:54,897] {processor.py:642} INFO - Processing file /usr/local/lib/python3.9/site-packages/airflow/example_dags/example_dag_decorator.py for tasks to queue
[2022-01-16 22:42:54,897] {logging_mixin.py:109} INFO - [2022-01-16 22:42:54,897] {dagbag.py:500} INFO - Filling up the DagBag from /usr/local/lib/python3.9/site-packages/airflow/example_dags/example_dag_decorator.py
[2022-01-16 22:42:54,945] {processor.py:654} INFO - DAG(s) dict_keys(['example_dag_decorator']) retrieved from /usr/local/lib/python3.9/site-packages/airflow/example_dags/example_dag_decorator.py
[2022-01-16 22:42:55,341] {logging_mixin.py:109} INFO - [2022-01-16 22:42:55,341] {dag.py:2396} INFO - Sync 1 DAGs
[2022-01-16 22:42:55,351] {logging_mixin.py:109} INFO - [2022-01-16 22:42:55,351] {dag.py:2935} INFO - Setting next_dagrun for example_dag_decorator to None
[2022-01-16 22:42:55,361] {processor.py:171} INFO - Processing /usr/local/lib/python3.9/site-packages/airflow/example_dags/example_dag_decorator.py took 0.465 seconds
[2022-01-16 22:50:34,262] {processor.py:163} INFO - Started process (PID=28423) to work on /usr/local/lib/python3.9/site-packages/airflow/example_dags/example_dag_decorator.py
[2022-01-16 22:50:34,263] {processor.py:642} INFO - Processing file /usr/local/lib/python3.9/site-packages/airflow/example_dags/example_dag_decorator.py for tasks to queue
[2022-01-16 22:50:34,263] {logging_mixin.py:109} INFO - [2022-01-16 22:50:34,263] {dagbag.py:500} INFO - Filling up the DagBag from /usr/local/lib/python3.9/site-packages/airflow/example_dags/example_dag_decorator.py
[2022-01-16 22:50:34,309] {processor.py:654} INFO - DAG(s) dict_keys(['example_dag_decorator']) retrieved from /usr/local/lib/python3.9/site-packages/airflow/example_dags/example_dag_decorator.py
[2022-01-16 22:50:34,541] {logging_mixin.py:109} INFO - [2022-01-16 22:50:34,541] {dag.py:2396} INFO - Sync 1 DAGs
[2022-01-16 22:50:34,548] {logging_mixin.py:109} INFO - [2022-01-16 22:50:34,548] {dag.py:2935} INFO - Setting next_dagrun for example_dag_decorator to None
[2022-01-16 22:50:34,558] {processor.py:171} INFO - Processing /usr/local/lib/python3.9/site-packages/airflow/example_dags/example_dag_decorator.py took 0.296 seconds
[2022-01-16 22:52:48,041] {processor.py:163} INFO - Started process (PID=28524) to work on /usr/local/lib/python3.9/site-packages/airflow/example_dags/example_dag_decorator.py
[2022-01-16 22:52:48,041] {processor.py:642} INFO - Processing file /usr/local/lib/python3.9/site-packages/airflow/example_dags/example_dag_decorator.py for tasks to queue
[2022-01-16 22:52:48,042] {logging_mixin.py:109} INFO - [2022-01-16 22:52:48,042] {dagbag.py:500} INFO - Filling up the DagBag from /usr/local/lib/python3.9/site-packages/airflow/example_dags/example_dag_decorator.py
[2022-01-16 22:52:48,105] {processor.py:654} INFO - DAG(s) dict_keys(['example_dag_decorator']) retrieved from /usr/local/lib/python3.9/site-packages/airflow/example_dags/example_dag_decorator.py
[2022-01-16 22:52:48,735] {logging_mixin.py:109} INFO - [2022-01-16 22:52:48,735] {dag.py:2396} INFO - Sync 1 DAGs
[2022-01-16 22:52:48,771] {logging_mixin.py:109} INFO - [2022-01-16 22:52:48,771] {dag.py:2935} INFO - Setting next_dagrun for example_dag_decorator to None
[2022-01-16 22:52:48,791] {processor.py:171} INFO - Processing /usr/local/lib/python3.9/site-packages/airflow/example_dags/example_dag_decorator.py took 0.750 seconds
