[2022-01-16 22:29:36,540] {processor.py:163} INFO - Started process (PID=26979) to work on /usr/local/lib/python3.9/site-packages/airflow/example_dags/example_external_task_marker_dag.py
[2022-01-16 22:29:36,540] {processor.py:642} INFO - Processing file /usr/local/lib/python3.9/site-packages/airflow/example_dags/example_external_task_marker_dag.py for tasks to queue
[2022-01-16 22:29:36,541] {logging_mixin.py:109} INFO - [2022-01-16 22:29:36,540] {dagbag.py:500} INFO - Filling up the DagBag from /usr/local/lib/python3.9/site-packages/airflow/example_dags/example_external_task_marker_dag.py
[2022-01-16 22:29:36,569] {processor.py:654} INFO - DAG(s) dict_keys(['example_external_task_marker_parent', 'example_external_task_marker_child']) retrieved from /usr/local/lib/python3.9/site-packages/airflow/example_dags/example_external_task_marker_dag.py
[2022-01-16 22:29:36,585] {logging_mixin.py:109} INFO - [2022-01-16 22:29:36,585] {dag.py:2396} INFO - Sync 2 DAGs
[2022-01-16 22:29:36,594] {logging_mixin.py:109} INFO - [2022-01-16 22:29:36,594] {dag.py:2935} INFO - Setting next_dagrun for example_external_task_marker_child to None
[2022-01-16 22:29:36,595] {logging_mixin.py:109} INFO - [2022-01-16 22:29:36,595] {dag.py:2935} INFO - Setting next_dagrun for example_external_task_marker_parent to None
[2022-01-16 22:29:36,601] {processor.py:171} INFO - Processing /usr/local/lib/python3.9/site-packages/airflow/example_dags/example_external_task_marker_dag.py took 0.062 seconds
[2022-01-16 22:31:25,961] {processor.py:163} INFO - Started process (PID=27040) to work on /usr/local/lib/python3.9/site-packages/airflow/example_dags/example_external_task_marker_dag.py
[2022-01-16 22:31:25,962] {processor.py:642} INFO - Processing file /usr/local/lib/python3.9/site-packages/airflow/example_dags/example_external_task_marker_dag.py for tasks to queue
[2022-01-16 22:31:25,962] {logging_mixin.py:109} INFO - [2022-01-16 22:31:25,962] {dagbag.py:500} INFO - Filling up the DagBag from /usr/local/lib/python3.9/site-packages/airflow/example_dags/example_external_task_marker_dag.py
[2022-01-16 22:31:25,994] {processor.py:654} INFO - DAG(s) dict_keys(['example_external_task_marker_parent', 'example_external_task_marker_child']) retrieved from /usr/local/lib/python3.9/site-packages/airflow/example_dags/example_external_task_marker_dag.py
[2022-01-16 22:31:26,012] {logging_mixin.py:109} INFO - [2022-01-16 22:31:26,011] {dag.py:2396} INFO - Sync 2 DAGs
[2022-01-16 22:31:26,021] {logging_mixin.py:109} INFO - [2022-01-16 22:31:26,021] {dag.py:2935} INFO - Setting next_dagrun for example_external_task_marker_child to None
[2022-01-16 22:31:26,021] {logging_mixin.py:109} INFO - [2022-01-16 22:31:26,021] {dag.py:2935} INFO - Setting next_dagrun for example_external_task_marker_parent to None
[2022-01-16 22:31:26,028] {processor.py:171} INFO - Processing /usr/local/lib/python3.9/site-packages/airflow/example_dags/example_external_task_marker_dag.py took 0.067 seconds
[2022-01-16 22:33:11,847] {processor.py:163} INFO - Started process (PID=27098) to work on /usr/local/lib/python3.9/site-packages/airflow/example_dags/example_external_task_marker_dag.py
[2022-01-16 22:33:11,848] {processor.py:642} INFO - Processing file /usr/local/lib/python3.9/site-packages/airflow/example_dags/example_external_task_marker_dag.py for tasks to queue
[2022-01-16 22:33:11,848] {logging_mixin.py:109} INFO - [2022-01-16 22:33:11,848] {dagbag.py:500} INFO - Filling up the DagBag from /usr/local/lib/python3.9/site-packages/airflow/example_dags/example_external_task_marker_dag.py
[2022-01-16 22:33:11,880] {processor.py:654} INFO - DAG(s) dict_keys(['example_external_task_marker_parent', 'example_external_task_marker_child']) retrieved from /usr/local/lib/python3.9/site-packages/airflow/example_dags/example_external_task_marker_dag.py
[2022-01-16 22:33:11,898] {logging_mixin.py:109} INFO - [2022-01-16 22:33:11,898] {dag.py:2396} INFO - Sync 2 DAGs
[2022-01-16 22:33:11,908] {logging_mixin.py:109} INFO - [2022-01-16 22:33:11,908] {dag.py:2935} INFO - Setting next_dagrun for example_external_task_marker_child to None
[2022-01-16 22:33:11,908] {logging_mixin.py:109} INFO - [2022-01-16 22:33:11,908] {dag.py:2935} INFO - Setting next_dagrun for example_external_task_marker_parent to None
[2022-01-16 22:33:11,917] {processor.py:171} INFO - Processing /usr/local/lib/python3.9/site-packages/airflow/example_dags/example_external_task_marker_dag.py took 0.070 seconds
[2022-01-16 22:35:04,021] {processor.py:163} INFO - Started process (PID=27280) to work on /usr/local/lib/python3.9/site-packages/airflow/example_dags/example_external_task_marker_dag.py
[2022-01-16 22:35:04,022] {processor.py:642} INFO - Processing file /usr/local/lib/python3.9/site-packages/airflow/example_dags/example_external_task_marker_dag.py for tasks to queue
[2022-01-16 22:35:04,022] {logging_mixin.py:109} INFO - [2022-01-16 22:35:04,022] {dagbag.py:500} INFO - Filling up the DagBag from /usr/local/lib/python3.9/site-packages/airflow/example_dags/example_external_task_marker_dag.py
[2022-01-16 22:35:04,054] {processor.py:654} INFO - DAG(s) dict_keys(['example_external_task_marker_parent', 'example_external_task_marker_child']) retrieved from /usr/local/lib/python3.9/site-packages/airflow/example_dags/example_external_task_marker_dag.py
[2022-01-16 22:35:04,075] {logging_mixin.py:109} INFO - [2022-01-16 22:35:04,074] {dag.py:2396} INFO - Sync 2 DAGs
[2022-01-16 22:35:04,085] {logging_mixin.py:109} INFO - [2022-01-16 22:35:04,085] {dag.py:2935} INFO - Setting next_dagrun for example_external_task_marker_child to None
[2022-01-16 22:35:04,086] {logging_mixin.py:109} INFO - [2022-01-16 22:35:04,086] {dag.py:2935} INFO - Setting next_dagrun for example_external_task_marker_parent to None
[2022-01-16 22:35:04,092] {processor.py:171} INFO - Processing /usr/local/lib/python3.9/site-packages/airflow/example_dags/example_external_task_marker_dag.py took 0.071 seconds
[2022-01-16 22:36:40,889] {processor.py:163} INFO - Started process (PID=27343) to work on /usr/local/lib/python3.9/site-packages/airflow/example_dags/example_external_task_marker_dag.py
[2022-01-16 22:36:40,889] {processor.py:642} INFO - Processing file /usr/local/lib/python3.9/site-packages/airflow/example_dags/example_external_task_marker_dag.py for tasks to queue
[2022-01-16 22:36:40,890] {logging_mixin.py:109} INFO - [2022-01-16 22:36:40,890] {dagbag.py:500} INFO - Filling up the DagBag from /usr/local/lib/python3.9/site-packages/airflow/example_dags/example_external_task_marker_dag.py
[2022-01-16 22:36:40,925] {processor.py:654} INFO - DAG(s) dict_keys(['example_external_task_marker_parent', 'example_external_task_marker_child']) retrieved from /usr/local/lib/python3.9/site-packages/airflow/example_dags/example_external_task_marker_dag.py
[2022-01-16 22:36:40,951] {logging_mixin.py:109} INFO - [2022-01-16 22:36:40,950] {dag.py:2396} INFO - Sync 2 DAGs
[2022-01-16 22:36:40,963] {logging_mixin.py:109} INFO - [2022-01-16 22:36:40,963] {dag.py:2935} INFO - Setting next_dagrun for example_external_task_marker_child to None
[2022-01-16 22:36:40,964] {logging_mixin.py:109} INFO - [2022-01-16 22:36:40,963] {dag.py:2935} INFO - Setting next_dagrun for example_external_task_marker_parent to None
[2022-01-16 22:36:40,987] {processor.py:171} INFO - Processing /usr/local/lib/python3.9/site-packages/airflow/example_dags/example_external_task_marker_dag.py took 0.099 seconds
[2022-01-16 22:38:35,753] {processor.py:163} INFO - Started process (PID=27555) to work on /usr/local/lib/python3.9/site-packages/airflow/example_dags/example_external_task_marker_dag.py
[2022-01-16 22:38:35,753] {processor.py:642} INFO - Processing file /usr/local/lib/python3.9/site-packages/airflow/example_dags/example_external_task_marker_dag.py for tasks to queue
[2022-01-16 22:38:35,753] {logging_mixin.py:109} INFO - [2022-01-16 22:38:35,753] {dagbag.py:500} INFO - Filling up the DagBag from /usr/local/lib/python3.9/site-packages/airflow/example_dags/example_external_task_marker_dag.py
[2022-01-16 22:38:35,790] {processor.py:654} INFO - DAG(s) dict_keys(['example_external_task_marker_parent', 'example_external_task_marker_child']) retrieved from /usr/local/lib/python3.9/site-packages/airflow/example_dags/example_external_task_marker_dag.py
[2022-01-16 22:38:35,807] {logging_mixin.py:109} INFO - [2022-01-16 22:38:35,807] {dag.py:2396} INFO - Sync 2 DAGs
[2022-01-16 22:38:35,815] {logging_mixin.py:109} INFO - [2022-01-16 22:38:35,815] {dag.py:2935} INFO - Setting next_dagrun for example_external_task_marker_child to None
[2022-01-16 22:38:35,815] {logging_mixin.py:109} INFO - [2022-01-16 22:38:35,815] {dag.py:2935} INFO - Setting next_dagrun for example_external_task_marker_parent to None
[2022-01-16 22:38:35,822] {processor.py:171} INFO - Processing /usr/local/lib/python3.9/site-packages/airflow/example_dags/example_external_task_marker_dag.py took 0.069 seconds
[2022-01-16 22:40:47,934] {processor.py:163} INFO - Started process (PID=27718) to work on /usr/local/lib/python3.9/site-packages/airflow/example_dags/example_external_task_marker_dag.py
[2022-01-16 22:40:47,934] {processor.py:642} INFO - Processing file /usr/local/lib/python3.9/site-packages/airflow/example_dags/example_external_task_marker_dag.py for tasks to queue
[2022-01-16 22:40:47,935] {logging_mixin.py:109} INFO - [2022-01-16 22:40:47,935] {dagbag.py:500} INFO - Filling up the DagBag from /usr/local/lib/python3.9/site-packages/airflow/example_dags/example_external_task_marker_dag.py
[2022-01-16 22:40:47,971] {processor.py:654} INFO - DAG(s) dict_keys(['example_external_task_marker_parent', 'example_external_task_marker_child']) retrieved from /usr/local/lib/python3.9/site-packages/airflow/example_dags/example_external_task_marker_dag.py
[2022-01-16 22:40:47,990] {logging_mixin.py:109} INFO - [2022-01-16 22:40:47,990] {dag.py:2396} INFO - Sync 2 DAGs
[2022-01-16 22:40:48,000] {logging_mixin.py:109} INFO - [2022-01-16 22:40:48,000] {dag.py:2935} INFO - Setting next_dagrun for example_external_task_marker_child to None
[2022-01-16 22:40:48,000] {logging_mixin.py:109} INFO - [2022-01-16 22:40:48,000] {dag.py:2935} INFO - Setting next_dagrun for example_external_task_marker_parent to None
[2022-01-16 22:40:48,008] {processor.py:171} INFO - Processing /usr/local/lib/python3.9/site-packages/airflow/example_dags/example_external_task_marker_dag.py took 0.075 seconds
[2022-01-16 22:42:52,248] {processor.py:163} INFO - Started process (PID=27904) to work on /usr/local/lib/python3.9/site-packages/airflow/example_dags/example_external_task_marker_dag.py
[2022-01-16 22:42:52,248] {processor.py:642} INFO - Processing file /usr/local/lib/python3.9/site-packages/airflow/example_dags/example_external_task_marker_dag.py for tasks to queue
[2022-01-16 22:42:52,249] {logging_mixin.py:109} INFO - [2022-01-16 22:42:52,249] {dagbag.py:500} INFO - Filling up the DagBag from /usr/local/lib/python3.9/site-packages/airflow/example_dags/example_external_task_marker_dag.py
[2022-01-16 22:42:52,278] {processor.py:654} INFO - DAG(s) dict_keys(['example_external_task_marker_parent', 'example_external_task_marker_child']) retrieved from /usr/local/lib/python3.9/site-packages/airflow/example_dags/example_external_task_marker_dag.py
[2022-01-16 22:42:52,295] {logging_mixin.py:109} INFO - [2022-01-16 22:42:52,295] {dag.py:2396} INFO - Sync 2 DAGs
[2022-01-16 22:42:52,304] {logging_mixin.py:109} INFO - [2022-01-16 22:42:52,304] {dag.py:2935} INFO - Setting next_dagrun for example_external_task_marker_child to None
[2022-01-16 22:42:52,304] {logging_mixin.py:109} INFO - [2022-01-16 22:42:52,304] {dag.py:2935} INFO - Setting next_dagrun for example_external_task_marker_parent to None
[2022-01-16 22:42:52,310] {processor.py:171} INFO - Processing /usr/local/lib/python3.9/site-packages/airflow/example_dags/example_external_task_marker_dag.py took 0.063 seconds
[2022-01-16 22:50:31,630] {processor.py:163} INFO - Started process (PID=28422) to work on /usr/local/lib/python3.9/site-packages/airflow/example_dags/example_external_task_marker_dag.py
[2022-01-16 22:50:31,630] {processor.py:642} INFO - Processing file /usr/local/lib/python3.9/site-packages/airflow/example_dags/example_external_task_marker_dag.py for tasks to queue
[2022-01-16 22:50:31,631] {logging_mixin.py:109} INFO - [2022-01-16 22:50:31,631] {dagbag.py:500} INFO - Filling up the DagBag from /usr/local/lib/python3.9/site-packages/airflow/example_dags/example_external_task_marker_dag.py
[2022-01-16 22:50:31,667] {processor.py:654} INFO - DAG(s) dict_keys(['example_external_task_marker_parent', 'example_external_task_marker_child']) retrieved from /usr/local/lib/python3.9/site-packages/airflow/example_dags/example_external_task_marker_dag.py
[2022-01-16 22:50:31,686] {logging_mixin.py:109} INFO - [2022-01-16 22:50:31,685] {dag.py:2396} INFO - Sync 2 DAGs
[2022-01-16 22:50:31,696] {logging_mixin.py:109} INFO - [2022-01-16 22:50:31,696] {dag.py:2935} INFO - Setting next_dagrun for example_external_task_marker_child to None
[2022-01-16 22:50:31,696] {logging_mixin.py:109} INFO - [2022-01-16 22:50:31,696] {dag.py:2935} INFO - Setting next_dagrun for example_external_task_marker_parent to None
[2022-01-16 22:50:31,704] {processor.py:171} INFO - Processing /usr/local/lib/python3.9/site-packages/airflow/example_dags/example_external_task_marker_dag.py took 0.075 seconds
[2022-01-16 22:52:45,235] {processor.py:163} INFO - Started process (PID=28520) to work on /usr/local/lib/python3.9/site-packages/airflow/example_dags/example_external_task_marker_dag.py
[2022-01-16 22:52:45,235] {processor.py:642} INFO - Processing file /usr/local/lib/python3.9/site-packages/airflow/example_dags/example_external_task_marker_dag.py for tasks to queue
[2022-01-16 22:52:45,236] {logging_mixin.py:109} INFO - [2022-01-16 22:52:45,236] {dagbag.py:500} INFO - Filling up the DagBag from /usr/local/lib/python3.9/site-packages/airflow/example_dags/example_external_task_marker_dag.py
[2022-01-16 22:52:45,272] {processor.py:654} INFO - DAG(s) dict_keys(['example_external_task_marker_parent', 'example_external_task_marker_child']) retrieved from /usr/local/lib/python3.9/site-packages/airflow/example_dags/example_external_task_marker_dag.py
[2022-01-16 22:52:45,295] {logging_mixin.py:109} INFO - [2022-01-16 22:52:45,295] {dag.py:2396} INFO - Sync 2 DAGs
[2022-01-16 22:52:45,306] {logging_mixin.py:109} INFO - [2022-01-16 22:52:45,305] {dag.py:2935} INFO - Setting next_dagrun for example_external_task_marker_child to None
[2022-01-16 22:52:45,306] {logging_mixin.py:109} INFO - [2022-01-16 22:52:45,306] {dag.py:2935} INFO - Setting next_dagrun for example_external_task_marker_parent to None
[2022-01-16 22:52:45,316] {processor.py:171} INFO - Processing /usr/local/lib/python3.9/site-packages/airflow/example_dags/example_external_task_marker_dag.py took 0.082 seconds
