[2022-01-16 22:29:06,583] {processor.py:163} INFO - Started process (PID=26904) to work on /usr/local/lib/python3.9/site-packages/airflow/example_dags/example_subdag_operator.py
[2022-01-16 22:29:06,584] {processor.py:642} INFO - Processing file /usr/local/lib/python3.9/site-packages/airflow/example_dags/example_subdag_operator.py for tasks to queue
[2022-01-16 22:29:06,584] {logging_mixin.py:109} INFO - [2022-01-16 22:29:06,584] {dagbag.py:500} INFO - Filling up the DagBag from /usr/local/lib/python3.9/site-packages/airflow/example_dags/example_subdag_operator.py
[2022-01-16 22:29:06,627] {processor.py:654} INFO - DAG(s) dict_keys(['example_subdag_operator.section-1', 'example_subdag_operator.section-2', 'example_subdag_operator']) retrieved from /usr/local/lib/python3.9/site-packages/airflow/example_dags/example_subdag_operator.py
[2022-01-16 22:29:06,647] {logging_mixin.py:109} INFO - [2022-01-16 22:29:06,647] {dag.py:2396} INFO - Sync 3 DAGs
[2022-01-16 22:29:06,655] {logging_mixin.py:109} INFO - [2022-01-16 22:29:06,655] {dag.py:2935} INFO - Setting next_dagrun for example_subdag_operator to 2022-01-15T00:00:00+00:00
[2022-01-16 22:29:06,655] {logging_mixin.py:109} INFO - [2022-01-16 22:29:06,655] {dag.py:2935} INFO - Setting next_dagrun for example_subdag_operator.section-1 to None
[2022-01-16 22:29:06,655] {logging_mixin.py:109} INFO - [2022-01-16 22:29:06,655] {dag.py:2935} INFO - Setting next_dagrun for example_subdag_operator.section-2 to None
[2022-01-16 22:29:06,658] {logging_mixin.py:109} INFO - [2022-01-16 22:29:06,658] {dag.py:2396} INFO - Sync 2 DAGs
[2022-01-16 22:29:06,665] {logging_mixin.py:109} INFO - [2022-01-16 22:29:06,664] {dag.py:2935} INFO - Setting next_dagrun for example_subdag_operator.section-1 to None
[2022-01-16 22:29:06,665] {logging_mixin.py:109} INFO - [2022-01-16 22:29:06,665] {dag.py:2935} INFO - Setting next_dagrun for example_subdag_operator.section-2 to None
[2022-01-16 22:29:06,670] {processor.py:171} INFO - Processing /usr/local/lib/python3.9/site-packages/airflow/example_dags/example_subdag_operator.py took 0.088 seconds
[2022-01-16 22:30:37,696] {processor.py:163} INFO - Started process (PID=27014) to work on /usr/local/lib/python3.9/site-packages/airflow/example_dags/example_subdag_operator.py
[2022-01-16 22:30:37,697] {processor.py:642} INFO - Processing file /usr/local/lib/python3.9/site-packages/airflow/example_dags/example_subdag_operator.py for tasks to queue
[2022-01-16 22:30:37,697] {logging_mixin.py:109} INFO - [2022-01-16 22:30:37,697] {dagbag.py:500} INFO - Filling up the DagBag from /usr/local/lib/python3.9/site-packages/airflow/example_dags/example_subdag_operator.py
[2022-01-16 22:30:37,746] {processor.py:654} INFO - DAG(s) dict_keys(['example_subdag_operator.section-1', 'example_subdag_operator.section-2', 'example_subdag_operator']) retrieved from /usr/local/lib/python3.9/site-packages/airflow/example_dags/example_subdag_operator.py
[2022-01-16 22:30:37,767] {logging_mixin.py:109} INFO - [2022-01-16 22:30:37,767] {dag.py:2396} INFO - Sync 3 DAGs
[2022-01-16 22:30:37,777] {logging_mixin.py:109} INFO - [2022-01-16 22:30:37,777] {dag.py:2935} INFO - Setting next_dagrun for example_subdag_operator to 2022-01-15T00:00:00+00:00
[2022-01-16 22:30:37,778] {logging_mixin.py:109} INFO - [2022-01-16 22:30:37,778] {dag.py:2935} INFO - Setting next_dagrun for example_subdag_operator.section-1 to None
[2022-01-16 22:30:37,778] {logging_mixin.py:109} INFO - [2022-01-16 22:30:37,778] {dag.py:2935} INFO - Setting next_dagrun for example_subdag_operator.section-2 to None
[2022-01-16 22:30:37,783] {logging_mixin.py:109} INFO - [2022-01-16 22:30:37,783] {dag.py:2396} INFO - Sync 2 DAGs
[2022-01-16 22:30:37,788] {logging_mixin.py:109} INFO - [2022-01-16 22:30:37,788] {dag.py:2935} INFO - Setting next_dagrun for example_subdag_operator.section-1 to None
[2022-01-16 22:30:37,788] {logging_mixin.py:109} INFO - [2022-01-16 22:30:37,788] {dag.py:2935} INFO - Setting next_dagrun for example_subdag_operator.section-2 to None
[2022-01-16 22:30:37,797] {processor.py:171} INFO - Processing /usr/local/lib/python3.9/site-packages/airflow/example_dags/example_subdag_operator.py took 0.101 seconds
[2022-01-16 22:32:24,055] {processor.py:163} INFO - Started process (PID=27069) to work on /usr/local/lib/python3.9/site-packages/airflow/example_dags/example_subdag_operator.py
[2022-01-16 22:32:24,056] {processor.py:642} INFO - Processing file /usr/local/lib/python3.9/site-packages/airflow/example_dags/example_subdag_operator.py for tasks to queue
[2022-01-16 22:32:24,056] {logging_mixin.py:109} INFO - [2022-01-16 22:32:24,056] {dagbag.py:500} INFO - Filling up the DagBag from /usr/local/lib/python3.9/site-packages/airflow/example_dags/example_subdag_operator.py
[2022-01-16 22:32:24,093] {processor.py:654} INFO - DAG(s) dict_keys(['example_subdag_operator.section-1', 'example_subdag_operator.section-2', 'example_subdag_operator']) retrieved from /usr/local/lib/python3.9/site-packages/airflow/example_dags/example_subdag_operator.py
[2022-01-16 22:32:24,108] {logging_mixin.py:109} INFO - [2022-01-16 22:32:24,108] {dag.py:2396} INFO - Sync 3 DAGs
[2022-01-16 22:32:24,118] {logging_mixin.py:109} INFO - [2022-01-16 22:32:24,118] {dag.py:2935} INFO - Setting next_dagrun for example_subdag_operator to 2022-01-15T00:00:00+00:00
[2022-01-16 22:32:24,118] {logging_mixin.py:109} INFO - [2022-01-16 22:32:24,118] {dag.py:2935} INFO - Setting next_dagrun for example_subdag_operator.section-1 to None
[2022-01-16 22:32:24,118] {logging_mixin.py:109} INFO - [2022-01-16 22:32:24,118] {dag.py:2935} INFO - Setting next_dagrun for example_subdag_operator.section-2 to None
[2022-01-16 22:32:24,121] {logging_mixin.py:109} INFO - [2022-01-16 22:32:24,121] {dag.py:2396} INFO - Sync 2 DAGs
[2022-01-16 22:32:24,126] {logging_mixin.py:109} INFO - [2022-01-16 22:32:24,126] {dag.py:2935} INFO - Setting next_dagrun for example_subdag_operator.section-1 to None
[2022-01-16 22:32:24,126] {logging_mixin.py:109} INFO - [2022-01-16 22:32:24,126] {dag.py:2935} INFO - Setting next_dagrun for example_subdag_operator.section-2 to None
[2022-01-16 22:32:24,133] {processor.py:171} INFO - Processing /usr/local/lib/python3.9/site-packages/airflow/example_dags/example_subdag_operator.py took 0.078 seconds
[2022-01-16 22:34:09,208] {processor.py:163} INFO - Started process (PID=27130) to work on /usr/local/lib/python3.9/site-packages/airflow/example_dags/example_subdag_operator.py
[2022-01-16 22:34:09,208] {processor.py:642} INFO - Processing file /usr/local/lib/python3.9/site-packages/airflow/example_dags/example_subdag_operator.py for tasks to queue
[2022-01-16 22:34:09,208] {logging_mixin.py:109} INFO - [2022-01-16 22:34:09,208] {dagbag.py:500} INFO - Filling up the DagBag from /usr/local/lib/python3.9/site-packages/airflow/example_dags/example_subdag_operator.py
[2022-01-16 22:34:09,246] {processor.py:654} INFO - DAG(s) dict_keys(['example_subdag_operator.section-1', 'example_subdag_operator.section-2', 'example_subdag_operator']) retrieved from /usr/local/lib/python3.9/site-packages/airflow/example_dags/example_subdag_operator.py
[2022-01-16 22:34:09,265] {logging_mixin.py:109} INFO - [2022-01-16 22:34:09,265] {dag.py:2396} INFO - Sync 3 DAGs
[2022-01-16 22:34:09,276] {logging_mixin.py:109} INFO - [2022-01-16 22:34:09,275] {dag.py:2935} INFO - Setting next_dagrun for example_subdag_operator to 2022-01-15T00:00:00+00:00
[2022-01-16 22:34:09,276] {logging_mixin.py:109} INFO - [2022-01-16 22:34:09,276] {dag.py:2935} INFO - Setting next_dagrun for example_subdag_operator.section-1 to None
[2022-01-16 22:34:09,276] {logging_mixin.py:109} INFO - [2022-01-16 22:34:09,276] {dag.py:2935} INFO - Setting next_dagrun for example_subdag_operator.section-2 to None
[2022-01-16 22:34:09,279] {logging_mixin.py:109} INFO - [2022-01-16 22:34:09,279] {dag.py:2396} INFO - Sync 2 DAGs
[2022-01-16 22:34:09,284] {logging_mixin.py:109} INFO - [2022-01-16 22:34:09,284] {dag.py:2935} INFO - Setting next_dagrun for example_subdag_operator.section-1 to None
[2022-01-16 22:34:09,284] {logging_mixin.py:109} INFO - [2022-01-16 22:34:09,284] {dag.py:2935} INFO - Setting next_dagrun for example_subdag_operator.section-2 to None
[2022-01-16 22:34:09,292] {processor.py:171} INFO - Processing /usr/local/lib/python3.9/site-packages/airflow/example_dags/example_subdag_operator.py took 0.084 seconds
[2022-01-16 22:35:51,658] {processor.py:163} INFO - Started process (PID=27316) to work on /usr/local/lib/python3.9/site-packages/airflow/example_dags/example_subdag_operator.py
[2022-01-16 22:35:51,659] {processor.py:642} INFO - Processing file /usr/local/lib/python3.9/site-packages/airflow/example_dags/example_subdag_operator.py for tasks to queue
[2022-01-16 22:35:51,659] {logging_mixin.py:109} INFO - [2022-01-16 22:35:51,659] {dagbag.py:500} INFO - Filling up the DagBag from /usr/local/lib/python3.9/site-packages/airflow/example_dags/example_subdag_operator.py
[2022-01-16 22:35:51,693] {processor.py:654} INFO - DAG(s) dict_keys(['example_subdag_operator.section-1', 'example_subdag_operator.section-2', 'example_subdag_operator']) retrieved from /usr/local/lib/python3.9/site-packages/airflow/example_dags/example_subdag_operator.py
[2022-01-16 22:35:51,711] {logging_mixin.py:109} INFO - [2022-01-16 22:35:51,711] {dag.py:2396} INFO - Sync 3 DAGs
[2022-01-16 22:35:51,720] {logging_mixin.py:109} INFO - [2022-01-16 22:35:51,720] {dag.py:2935} INFO - Setting next_dagrun for example_subdag_operator to 2022-01-15T00:00:00+00:00
[2022-01-16 22:35:51,721] {logging_mixin.py:109} INFO - [2022-01-16 22:35:51,721] {dag.py:2935} INFO - Setting next_dagrun for example_subdag_operator.section-1 to None
[2022-01-16 22:35:51,721] {logging_mixin.py:109} INFO - [2022-01-16 22:35:51,721] {dag.py:2935} INFO - Setting next_dagrun for example_subdag_operator.section-2 to None
[2022-01-16 22:35:51,725] {logging_mixin.py:109} INFO - [2022-01-16 22:35:51,725] {dag.py:2396} INFO - Sync 2 DAGs
[2022-01-16 22:35:51,729] {logging_mixin.py:109} INFO - [2022-01-16 22:35:51,729] {dag.py:2935} INFO - Setting next_dagrun for example_subdag_operator.section-1 to None
[2022-01-16 22:35:51,729] {logging_mixin.py:109} INFO - [2022-01-16 22:35:51,729] {dag.py:2935} INFO - Setting next_dagrun for example_subdag_operator.section-2 to None
[2022-01-16 22:35:51,737] {processor.py:171} INFO - Processing /usr/local/lib/python3.9/site-packages/airflow/example_dags/example_subdag_operator.py took 0.079 seconds
[2022-01-16 22:37:40,757] {processor.py:163} INFO - Started process (PID=27467) to work on /usr/local/lib/python3.9/site-packages/airflow/example_dags/example_subdag_operator.py
[2022-01-16 22:37:40,757] {processor.py:642} INFO - Processing file /usr/local/lib/python3.9/site-packages/airflow/example_dags/example_subdag_operator.py for tasks to queue
[2022-01-16 22:37:40,757] {logging_mixin.py:109} INFO - [2022-01-16 22:37:40,757] {dagbag.py:500} INFO - Filling up the DagBag from /usr/local/lib/python3.9/site-packages/airflow/example_dags/example_subdag_operator.py
[2022-01-16 22:37:40,797] {processor.py:654} INFO - DAG(s) dict_keys(['example_subdag_operator.section-1', 'example_subdag_operator.section-2', 'example_subdag_operator']) retrieved from /usr/local/lib/python3.9/site-packages/airflow/example_dags/example_subdag_operator.py
[2022-01-16 22:37:40,813] {logging_mixin.py:109} INFO - [2022-01-16 22:37:40,813] {dag.py:2396} INFO - Sync 3 DAGs
[2022-01-16 22:37:40,822] {logging_mixin.py:109} INFO - [2022-01-16 22:37:40,822] {dag.py:2935} INFO - Setting next_dagrun for example_subdag_operator to 2022-01-15T00:00:00+00:00
[2022-01-16 22:37:40,822] {logging_mixin.py:109} INFO - [2022-01-16 22:37:40,822] {dag.py:2935} INFO - Setting next_dagrun for example_subdag_operator.section-1 to None
[2022-01-16 22:37:40,822] {logging_mixin.py:109} INFO - [2022-01-16 22:37:40,822] {dag.py:2935} INFO - Setting next_dagrun for example_subdag_operator.section-2 to None
[2022-01-16 22:37:40,825] {logging_mixin.py:109} INFO - [2022-01-16 22:37:40,825] {dag.py:2396} INFO - Sync 2 DAGs
[2022-01-16 22:37:40,830] {logging_mixin.py:109} INFO - [2022-01-16 22:37:40,830] {dag.py:2935} INFO - Setting next_dagrun for example_subdag_operator.section-1 to None
[2022-01-16 22:37:40,831] {logging_mixin.py:109} INFO - [2022-01-16 22:37:40,831] {dag.py:2935} INFO - Setting next_dagrun for example_subdag_operator.section-2 to None
[2022-01-16 22:37:40,836] {processor.py:171} INFO - Processing /usr/local/lib/python3.9/site-packages/airflow/example_dags/example_subdag_operator.py took 0.080 seconds
[2022-01-16 22:39:40,357] {processor.py:163} INFO - Started process (PID=27598) to work on /usr/local/lib/python3.9/site-packages/airflow/example_dags/example_subdag_operator.py
[2022-01-16 22:39:40,358] {processor.py:642} INFO - Processing file /usr/local/lib/python3.9/site-packages/airflow/example_dags/example_subdag_operator.py for tasks to queue
[2022-01-16 22:39:40,359] {logging_mixin.py:109} INFO - [2022-01-16 22:39:40,359] {dagbag.py:500} INFO - Filling up the DagBag from /usr/local/lib/python3.9/site-packages/airflow/example_dags/example_subdag_operator.py
[2022-01-16 22:39:40,496] {processor.py:654} INFO - DAG(s) dict_keys(['example_subdag_operator.section-1', 'example_subdag_operator.section-2', 'example_subdag_operator']) retrieved from /usr/local/lib/python3.9/site-packages/airflow/example_dags/example_subdag_operator.py
[2022-01-16 22:39:40,537] {logging_mixin.py:109} INFO - [2022-01-16 22:39:40,536] {dag.py:2396} INFO - Sync 3 DAGs
[2022-01-16 22:39:40,553] {logging_mixin.py:109} INFO - [2022-01-16 22:39:40,553] {dag.py:2935} INFO - Setting next_dagrun for example_subdag_operator to 2022-01-15T00:00:00+00:00
[2022-01-16 22:39:40,557] {logging_mixin.py:109} INFO - [2022-01-16 22:39:40,557] {dag.py:2935} INFO - Setting next_dagrun for example_subdag_operator.section-1 to None
[2022-01-16 22:39:40,557] {logging_mixin.py:109} INFO - [2022-01-16 22:39:40,557] {dag.py:2935} INFO - Setting next_dagrun for example_subdag_operator.section-2 to None
[2022-01-16 22:39:40,561] {logging_mixin.py:109} INFO - [2022-01-16 22:39:40,561] {dag.py:2396} INFO - Sync 2 DAGs
[2022-01-16 22:39:40,567] {logging_mixin.py:109} INFO - [2022-01-16 22:39:40,567] {dag.py:2935} INFO - Setting next_dagrun for example_subdag_operator.section-1 to None
[2022-01-16 22:39:40,567] {logging_mixin.py:109} INFO - [2022-01-16 22:39:40,567] {dag.py:2935} INFO - Setting next_dagrun for example_subdag_operator.section-2 to None
[2022-01-16 22:39:40,572] {processor.py:171} INFO - Processing /usr/local/lib/python3.9/site-packages/airflow/example_dags/example_subdag_operator.py took 0.215 seconds
[2022-01-16 22:41:51,705] {processor.py:163} INFO - Started process (PID=27828) to work on /usr/local/lib/python3.9/site-packages/airflow/example_dags/example_subdag_operator.py
[2022-01-16 22:41:51,705] {processor.py:642} INFO - Processing file /usr/local/lib/python3.9/site-packages/airflow/example_dags/example_subdag_operator.py for tasks to queue
[2022-01-16 22:41:51,706] {logging_mixin.py:109} INFO - [2022-01-16 22:41:51,706] {dagbag.py:500} INFO - Filling up the DagBag from /usr/local/lib/python3.9/site-packages/airflow/example_dags/example_subdag_operator.py
[2022-01-16 22:41:51,759] {processor.py:654} INFO - DAG(s) dict_keys(['example_subdag_operator.section-1', 'example_subdag_operator.section-2', 'example_subdag_operator']) retrieved from /usr/local/lib/python3.9/site-packages/airflow/example_dags/example_subdag_operator.py
[2022-01-16 22:41:51,784] {logging_mixin.py:109} INFO - [2022-01-16 22:41:51,784] {dag.py:2396} INFO - Sync 3 DAGs
[2022-01-16 22:41:51,794] {logging_mixin.py:109} INFO - [2022-01-16 22:41:51,794] {dag.py:2935} INFO - Setting next_dagrun for example_subdag_operator to 2022-01-15T00:00:00+00:00
[2022-01-16 22:41:51,794] {logging_mixin.py:109} INFO - [2022-01-16 22:41:51,794] {dag.py:2935} INFO - Setting next_dagrun for example_subdag_operator.section-1 to None
[2022-01-16 22:41:51,794] {logging_mixin.py:109} INFO - [2022-01-16 22:41:51,794] {dag.py:2935} INFO - Setting next_dagrun for example_subdag_operator.section-2 to None
[2022-01-16 22:41:51,805] {logging_mixin.py:109} INFO - [2022-01-16 22:41:51,805] {dag.py:2396} INFO - Sync 2 DAGs
[2022-01-16 22:41:51,816] {logging_mixin.py:109} INFO - [2022-01-16 22:41:51,816] {dag.py:2935} INFO - Setting next_dagrun for example_subdag_operator.section-1 to None
[2022-01-16 22:41:51,816] {logging_mixin.py:109} INFO - [2022-01-16 22:41:51,816] {dag.py:2935} INFO - Setting next_dagrun for example_subdag_operator.section-2 to None
[2022-01-16 22:41:51,836] {processor.py:171} INFO - Processing /usr/local/lib/python3.9/site-packages/airflow/example_dags/example_subdag_operator.py took 0.132 seconds
[2022-01-16 22:44:05,032] {processor.py:163} INFO - Started process (PID=27989) to work on /usr/local/lib/python3.9/site-packages/airflow/example_dags/example_subdag_operator.py
[2022-01-16 22:44:05,033] {processor.py:642} INFO - Processing file /usr/local/lib/python3.9/site-packages/airflow/example_dags/example_subdag_operator.py for tasks to queue
[2022-01-16 22:44:05,033] {logging_mixin.py:109} INFO - [2022-01-16 22:44:05,033] {dagbag.py:500} INFO - Filling up the DagBag from /usr/local/lib/python3.9/site-packages/airflow/example_dags/example_subdag_operator.py
[2022-01-16 22:44:05,084] {processor.py:654} INFO - DAG(s) dict_keys(['example_subdag_operator.section-1', 'example_subdag_operator.section-2', 'example_subdag_operator']) retrieved from /usr/local/lib/python3.9/site-packages/airflow/example_dags/example_subdag_operator.py
[2022-01-16 22:44:05,104] {logging_mixin.py:109} INFO - [2022-01-16 22:44:05,104] {dag.py:2396} INFO - Sync 3 DAGs
[2022-01-16 22:44:05,120] {logging_mixin.py:109} INFO - [2022-01-16 22:44:05,120] {dag.py:2935} INFO - Setting next_dagrun for example_subdag_operator to 2022-01-15T00:00:00+00:00
[2022-01-16 22:44:05,120] {logging_mixin.py:109} INFO - [2022-01-16 22:44:05,120] {dag.py:2935} INFO - Setting next_dagrun for example_subdag_operator.section-1 to None
[2022-01-16 22:44:05,120] {logging_mixin.py:109} INFO - [2022-01-16 22:44:05,120] {dag.py:2935} INFO - Setting next_dagrun for example_subdag_operator.section-2 to None
[2022-01-16 22:44:05,123] {logging_mixin.py:109} INFO - [2022-01-16 22:44:05,123] {dag.py:2396} INFO - Sync 2 DAGs
[2022-01-16 22:44:05,130] {logging_mixin.py:109} INFO - [2022-01-16 22:44:05,130] {dag.py:2935} INFO - Setting next_dagrun for example_subdag_operator.section-1 to None
[2022-01-16 22:44:05,131] {logging_mixin.py:109} INFO - [2022-01-16 22:44:05,130] {dag.py:2935} INFO - Setting next_dagrun for example_subdag_operator.section-2 to None
[2022-01-16 22:44:05,140] {processor.py:171} INFO - Processing /usr/local/lib/python3.9/site-packages/airflow/example_dags/example_subdag_operator.py took 0.108 seconds
[2022-01-16 22:50:04,621] {processor.py:163} INFO - Started process (PID=28406) to work on /usr/local/lib/python3.9/site-packages/airflow/example_dags/example_subdag_operator.py
[2022-01-16 22:50:04,621] {processor.py:642} INFO - Processing file /usr/local/lib/python3.9/site-packages/airflow/example_dags/example_subdag_operator.py for tasks to queue
[2022-01-16 22:50:04,622] {logging_mixin.py:109} INFO - [2022-01-16 22:50:04,622] {dagbag.py:500} INFO - Filling up the DagBag from /usr/local/lib/python3.9/site-packages/airflow/example_dags/example_subdag_operator.py
[2022-01-16 22:50:04,662] {processor.py:654} INFO - DAG(s) dict_keys(['example_subdag_operator.section-1', 'example_subdag_operator.section-2', 'example_subdag_operator']) retrieved from /usr/local/lib/python3.9/site-packages/airflow/example_dags/example_subdag_operator.py
[2022-01-16 22:50:04,680] {logging_mixin.py:109} INFO - [2022-01-16 22:50:04,680] {dag.py:2396} INFO - Sync 3 DAGs
[2022-01-16 22:50:04,691] {logging_mixin.py:109} INFO - [2022-01-16 22:50:04,691] {dag.py:2935} INFO - Setting next_dagrun for example_subdag_operator to 2022-01-15T00:00:00+00:00
[2022-01-16 22:50:04,692] {logging_mixin.py:109} INFO - [2022-01-16 22:50:04,692] {dag.py:2935} INFO - Setting next_dagrun for example_subdag_operator.section-1 to None
[2022-01-16 22:50:04,692] {logging_mixin.py:109} INFO - [2022-01-16 22:50:04,692] {dag.py:2935} INFO - Setting next_dagrun for example_subdag_operator.section-2 to None
[2022-01-16 22:50:04,694] {logging_mixin.py:109} INFO - [2022-01-16 22:50:04,694] {dag.py:2396} INFO - Sync 2 DAGs
[2022-01-16 22:50:04,698] {logging_mixin.py:109} INFO - [2022-01-16 22:50:04,698] {dag.py:2935} INFO - Setting next_dagrun for example_subdag_operator.section-1 to None
[2022-01-16 22:50:04,699] {logging_mixin.py:109} INFO - [2022-01-16 22:50:04,699] {dag.py:2935} INFO - Setting next_dagrun for example_subdag_operator.section-2 to None
[2022-01-16 22:50:04,705] {processor.py:171} INFO - Processing /usr/local/lib/python3.9/site-packages/airflow/example_dags/example_subdag_operator.py took 0.084 seconds
[2022-01-16 22:51:36,092] {processor.py:163} INFO - Started process (PID=28453) to work on /usr/local/lib/python3.9/site-packages/airflow/example_dags/example_subdag_operator.py
[2022-01-16 22:51:36,092] {processor.py:642} INFO - Processing file /usr/local/lib/python3.9/site-packages/airflow/example_dags/example_subdag_operator.py for tasks to queue
[2022-01-16 22:51:36,092] {logging_mixin.py:109} INFO - [2022-01-16 22:51:36,092] {dagbag.py:500} INFO - Filling up the DagBag from /usr/local/lib/python3.9/site-packages/airflow/example_dags/example_subdag_operator.py
[2022-01-16 22:51:36,141] {processor.py:654} INFO - DAG(s) dict_keys(['example_subdag_operator.section-1', 'example_subdag_operator.section-2', 'example_subdag_operator']) retrieved from /usr/local/lib/python3.9/site-packages/airflow/example_dags/example_subdag_operator.py
[2022-01-16 22:51:36,169] {logging_mixin.py:109} INFO - [2022-01-16 22:51:36,168] {dag.py:2396} INFO - Sync 3 DAGs
[2022-01-16 22:51:36,180] {logging_mixin.py:109} INFO - [2022-01-16 22:51:36,180] {dag.py:2935} INFO - Setting next_dagrun for example_subdag_operator to 2022-01-15T00:00:00+00:00
[2022-01-16 22:51:36,180] {logging_mixin.py:109} INFO - [2022-01-16 22:51:36,180] {dag.py:2935} INFO - Setting next_dagrun for example_subdag_operator.section-1 to None
[2022-01-16 22:51:36,180] {logging_mixin.py:109} INFO - [2022-01-16 22:51:36,180] {dag.py:2935} INFO - Setting next_dagrun for example_subdag_operator.section-2 to None
[2022-01-16 22:51:36,185] {logging_mixin.py:109} INFO - [2022-01-16 22:51:36,185] {dag.py:2396} INFO - Sync 2 DAGs
[2022-01-16 22:51:36,191] {logging_mixin.py:109} INFO - [2022-01-16 22:51:36,191] {dag.py:2935} INFO - Setting next_dagrun for example_subdag_operator.section-1 to None
[2022-01-16 22:51:36,191] {logging_mixin.py:109} INFO - [2022-01-16 22:51:36,191] {dag.py:2935} INFO - Setting next_dagrun for example_subdag_operator.section-2 to None
[2022-01-16 22:51:36,196] {processor.py:171} INFO - Processing /usr/local/lib/python3.9/site-packages/airflow/example_dags/example_subdag_operator.py took 0.105 seconds
[2022-01-16 22:53:57,232] {processor.py:163} INFO - Started process (PID=28569) to work on /usr/local/lib/python3.9/site-packages/airflow/example_dags/example_subdag_operator.py
[2022-01-16 22:53:57,232] {processor.py:642} INFO - Processing file /usr/local/lib/python3.9/site-packages/airflow/example_dags/example_subdag_operator.py for tasks to queue
[2022-01-16 22:53:57,233] {logging_mixin.py:109} INFO - [2022-01-16 22:53:57,233] {dagbag.py:500} INFO - Filling up the DagBag from /usr/local/lib/python3.9/site-packages/airflow/example_dags/example_subdag_operator.py
[2022-01-16 22:53:57,280] {processor.py:654} INFO - DAG(s) dict_keys(['example_subdag_operator.section-1', 'example_subdag_operator.section-2', 'example_subdag_operator']) retrieved from /usr/local/lib/python3.9/site-packages/airflow/example_dags/example_subdag_operator.py
[2022-01-16 22:53:57,303] {logging_mixin.py:109} INFO - [2022-01-16 22:53:57,303] {dag.py:2396} INFO - Sync 3 DAGs
[2022-01-16 22:53:57,315] {logging_mixin.py:109} INFO - [2022-01-16 22:53:57,315] {dag.py:2935} INFO - Setting next_dagrun for example_subdag_operator to 2022-01-15T00:00:00+00:00
[2022-01-16 22:53:57,315] {logging_mixin.py:109} INFO - [2022-01-16 22:53:57,315] {dag.py:2935} INFO - Setting next_dagrun for example_subdag_operator.section-1 to None
[2022-01-16 22:53:57,315] {logging_mixin.py:109} INFO - [2022-01-16 22:53:57,315] {dag.py:2935} INFO - Setting next_dagrun for example_subdag_operator.section-2 to None
[2022-01-16 22:53:57,318] {logging_mixin.py:109} INFO - [2022-01-16 22:53:57,318] {dag.py:2396} INFO - Sync 2 DAGs
[2022-01-16 22:53:57,322] {logging_mixin.py:109} INFO - [2022-01-16 22:53:57,322] {dag.py:2935} INFO - Setting next_dagrun for example_subdag_operator.section-1 to None
[2022-01-16 22:53:57,322] {logging_mixin.py:109} INFO - [2022-01-16 22:53:57,322] {dag.py:2935} INFO - Setting next_dagrun for example_subdag_operator.section-2 to None
[2022-01-16 22:53:57,330] {processor.py:171} INFO - Processing /usr/local/lib/python3.9/site-packages/airflow/example_dags/example_subdag_operator.py took 0.098 seconds
