[2022-01-16 22:29:51,013] {processor.py:163} INFO - Started process (PID=26990) to work on /usr/local/lib/python3.9/site-packages/airflow/example_dags/example_branch_labels.py
[2022-01-16 22:29:51,013] {processor.py:642} INFO - Processing file /usr/local/lib/python3.9/site-packages/airflow/example_dags/example_branch_labels.py for tasks to queue
[2022-01-16 22:29:51,014] {logging_mixin.py:109} INFO - [2022-01-16 22:29:51,014] {dagbag.py:500} INFO - Filling up the DagBag from /usr/local/lib/python3.9/site-packages/airflow/example_dags/example_branch_labels.py
[2022-01-16 22:29:51,050] {processor.py:654} INFO - DAG(s) dict_keys(['example_branch_labels']) retrieved from /usr/local/lib/python3.9/site-packages/airflow/example_dags/example_branch_labels.py
[2022-01-16 22:29:51,066] {logging_mixin.py:109} INFO - [2022-01-16 22:29:51,066] {dag.py:2396} INFO - Sync 1 DAGs
[2022-01-16 22:29:51,075] {logging_mixin.py:109} INFO - [2022-01-16 22:29:51,075] {dag.py:2935} INFO - Setting next_dagrun for example_branch_labels to 2022-01-16 00:00:00+00:00
[2022-01-16 22:29:51,083] {processor.py:171} INFO - Processing /usr/local/lib/python3.9/site-packages/airflow/example_dags/example_branch_labels.py took 0.071 seconds
[2022-01-16 22:31:39,550] {processor.py:163} INFO - Started process (PID=27047) to work on /usr/local/lib/python3.9/site-packages/airflow/example_dags/example_branch_labels.py
[2022-01-16 22:31:39,550] {processor.py:642} INFO - Processing file /usr/local/lib/python3.9/site-packages/airflow/example_dags/example_branch_labels.py for tasks to queue
[2022-01-16 22:31:39,551] {logging_mixin.py:109} INFO - [2022-01-16 22:31:39,551] {dagbag.py:500} INFO - Filling up the DagBag from /usr/local/lib/python3.9/site-packages/airflow/example_dags/example_branch_labels.py
[2022-01-16 22:31:39,583] {processor.py:654} INFO - DAG(s) dict_keys(['example_branch_labels']) retrieved from /usr/local/lib/python3.9/site-packages/airflow/example_dags/example_branch_labels.py
[2022-01-16 22:31:39,604] {logging_mixin.py:109} INFO - [2022-01-16 22:31:39,604] {dag.py:2396} INFO - Sync 1 DAGs
[2022-01-16 22:31:39,614] {logging_mixin.py:109} INFO - [2022-01-16 22:31:39,614] {dag.py:2935} INFO - Setting next_dagrun for example_branch_labels to 2022-01-16 00:00:00+00:00
[2022-01-16 22:31:39,620] {processor.py:171} INFO - Processing /usr/local/lib/python3.9/site-packages/airflow/example_dags/example_branch_labels.py took 0.071 seconds
[2022-01-16 22:33:25,906] {processor.py:163} INFO - Started process (PID=27107) to work on /usr/local/lib/python3.9/site-packages/airflow/example_dags/example_branch_labels.py
[2022-01-16 22:33:25,906] {processor.py:642} INFO - Processing file /usr/local/lib/python3.9/site-packages/airflow/example_dags/example_branch_labels.py for tasks to queue
[2022-01-16 22:33:25,906] {logging_mixin.py:109} INFO - [2022-01-16 22:33:25,906] {dagbag.py:500} INFO - Filling up the DagBag from /usr/local/lib/python3.9/site-packages/airflow/example_dags/example_branch_labels.py
[2022-01-16 22:33:25,943] {processor.py:654} INFO - DAG(s) dict_keys(['example_branch_labels']) retrieved from /usr/local/lib/python3.9/site-packages/airflow/example_dags/example_branch_labels.py
[2022-01-16 22:33:25,960] {logging_mixin.py:109} INFO - [2022-01-16 22:33:25,960] {dag.py:2396} INFO - Sync 1 DAGs
[2022-01-16 22:33:25,968] {logging_mixin.py:109} INFO - [2022-01-16 22:33:25,968] {dag.py:2935} INFO - Setting next_dagrun for example_branch_labels to 2022-01-16 00:00:00+00:00
[2022-01-16 22:33:25,979] {processor.py:171} INFO - Processing /usr/local/lib/python3.9/site-packages/airflow/example_dags/example_branch_labels.py took 0.075 seconds
[2022-01-16 22:35:15,843] {processor.py:163} INFO - Started process (PID=27292) to work on /usr/local/lib/python3.9/site-packages/airflow/example_dags/example_branch_labels.py
[2022-01-16 22:35:15,843] {processor.py:642} INFO - Processing file /usr/local/lib/python3.9/site-packages/airflow/example_dags/example_branch_labels.py for tasks to queue
[2022-01-16 22:35:15,843] {logging_mixin.py:109} INFO - [2022-01-16 22:35:15,843] {dagbag.py:500} INFO - Filling up the DagBag from /usr/local/lib/python3.9/site-packages/airflow/example_dags/example_branch_labels.py
[2022-01-16 22:35:15,873] {processor.py:654} INFO - DAG(s) dict_keys(['example_branch_labels']) retrieved from /usr/local/lib/python3.9/site-packages/airflow/example_dags/example_branch_labels.py
[2022-01-16 22:35:15,888] {logging_mixin.py:109} INFO - [2022-01-16 22:35:15,888] {dag.py:2396} INFO - Sync 1 DAGs
[2022-01-16 22:35:15,896] {logging_mixin.py:109} INFO - [2022-01-16 22:35:15,896] {dag.py:2935} INFO - Setting next_dagrun for example_branch_labels to 2022-01-16 00:00:00+00:00
[2022-01-16 22:35:15,905] {processor.py:171} INFO - Processing /usr/local/lib/python3.9/site-packages/airflow/example_dags/example_branch_labels.py took 0.063 seconds
[2022-01-16 22:36:54,928] {processor.py:163} INFO - Started process (PID=27362) to work on /usr/local/lib/python3.9/site-packages/airflow/example_dags/example_branch_labels.py
[2022-01-16 22:36:54,929] {processor.py:642} INFO - Processing file /usr/local/lib/python3.9/site-packages/airflow/example_dags/example_branch_labels.py for tasks to queue
[2022-01-16 22:36:54,929] {logging_mixin.py:109} INFO - [2022-01-16 22:36:54,929] {dagbag.py:500} INFO - Filling up the DagBag from /usr/local/lib/python3.9/site-packages/airflow/example_dags/example_branch_labels.py
[2022-01-16 22:36:54,958] {processor.py:654} INFO - DAG(s) dict_keys(['example_branch_labels']) retrieved from /usr/local/lib/python3.9/site-packages/airflow/example_dags/example_branch_labels.py
[2022-01-16 22:36:54,973] {logging_mixin.py:109} INFO - [2022-01-16 22:36:54,973] {dag.py:2396} INFO - Sync 1 DAGs
[2022-01-16 22:36:54,982] {logging_mixin.py:109} INFO - [2022-01-16 22:36:54,982] {dag.py:2935} INFO - Setting next_dagrun for example_branch_labels to 2022-01-16 00:00:00+00:00
[2022-01-16 22:36:54,989] {processor.py:171} INFO - Processing /usr/local/lib/python3.9/site-packages/airflow/example_dags/example_branch_labels.py took 0.061 seconds
[2022-01-16 22:38:50,690] {processor.py:163} INFO - Started process (PID=27563) to work on /usr/local/lib/python3.9/site-packages/airflow/example_dags/example_branch_labels.py
[2022-01-16 22:38:50,690] {processor.py:642} INFO - Processing file /usr/local/lib/python3.9/site-packages/airflow/example_dags/example_branch_labels.py for tasks to queue
[2022-01-16 22:38:50,690] {logging_mixin.py:109} INFO - [2022-01-16 22:38:50,690] {dagbag.py:500} INFO - Filling up the DagBag from /usr/local/lib/python3.9/site-packages/airflow/example_dags/example_branch_labels.py
[2022-01-16 22:38:50,736] {processor.py:654} INFO - DAG(s) dict_keys(['example_branch_labels']) retrieved from /usr/local/lib/python3.9/site-packages/airflow/example_dags/example_branch_labels.py
[2022-01-16 22:38:50,753] {logging_mixin.py:109} INFO - [2022-01-16 22:38:50,753] {dag.py:2396} INFO - Sync 1 DAGs
[2022-01-16 22:38:50,765] {logging_mixin.py:109} INFO - [2022-01-16 22:38:50,765] {dag.py:2935} INFO - Setting next_dagrun for example_branch_labels to 2022-01-16 00:00:00+00:00
[2022-01-16 22:38:50,772] {processor.py:171} INFO - Processing /usr/local/lib/python3.9/site-packages/airflow/example_dags/example_branch_labels.py took 0.083 seconds
[2022-01-16 22:41:04,604] {processor.py:163} INFO - Started process (PID=27743) to work on /usr/local/lib/python3.9/site-packages/airflow/example_dags/example_branch_labels.py
[2022-01-16 22:41:04,605] {processor.py:642} INFO - Processing file /usr/local/lib/python3.9/site-packages/airflow/example_dags/example_branch_labels.py for tasks to queue
[2022-01-16 22:41:04,605] {logging_mixin.py:109} INFO - [2022-01-16 22:41:04,605] {dagbag.py:500} INFO - Filling up the DagBag from /usr/local/lib/python3.9/site-packages/airflow/example_dags/example_branch_labels.py
[2022-01-16 22:41:04,644] {processor.py:654} INFO - DAG(s) dict_keys(['example_branch_labels']) retrieved from /usr/local/lib/python3.9/site-packages/airflow/example_dags/example_branch_labels.py
[2022-01-16 22:41:04,665] {logging_mixin.py:109} INFO - [2022-01-16 22:41:04,665] {dag.py:2396} INFO - Sync 1 DAGs
[2022-01-16 22:41:04,675] {logging_mixin.py:109} INFO - [2022-01-16 22:41:04,675] {dag.py:2935} INFO - Setting next_dagrun for example_branch_labels to 2022-01-16 00:00:00+00:00
[2022-01-16 22:41:04,684] {processor.py:171} INFO - Processing /usr/local/lib/python3.9/site-packages/airflow/example_dags/example_branch_labels.py took 0.083 seconds
[2022-01-16 22:43:08,808] {processor.py:163} INFO - Started process (PID=27911) to work on /usr/local/lib/python3.9/site-packages/airflow/example_dags/example_branch_labels.py
[2022-01-16 22:43:08,808] {processor.py:642} INFO - Processing file /usr/local/lib/python3.9/site-packages/airflow/example_dags/example_branch_labels.py for tasks to queue
[2022-01-16 22:43:08,809] {logging_mixin.py:109} INFO - [2022-01-16 22:43:08,809] {dagbag.py:500} INFO - Filling up the DagBag from /usr/local/lib/python3.9/site-packages/airflow/example_dags/example_branch_labels.py
[2022-01-16 22:43:08,886] {processor.py:654} INFO - DAG(s) dict_keys(['example_branch_labels']) retrieved from /usr/local/lib/python3.9/site-packages/airflow/example_dags/example_branch_labels.py
[2022-01-16 22:43:08,919] {logging_mixin.py:109} INFO - [2022-01-16 22:43:08,918] {dag.py:2396} INFO - Sync 1 DAGs
[2022-01-16 22:43:08,935] {logging_mixin.py:109} INFO - [2022-01-16 22:43:08,934] {dag.py:2935} INFO - Setting next_dagrun for example_branch_labels to 2022-01-16 00:00:00+00:00
[2022-01-16 22:43:08,944] {processor.py:171} INFO - Processing /usr/local/lib/python3.9/site-packages/airflow/example_dags/example_branch_labels.py took 0.137 seconds
[2022-01-16 22:50:45,472] {processor.py:163} INFO - Started process (PID=28428) to work on /usr/local/lib/python3.9/site-packages/airflow/example_dags/example_branch_labels.py
[2022-01-16 22:50:45,473] {processor.py:642} INFO - Processing file /usr/local/lib/python3.9/site-packages/airflow/example_dags/example_branch_labels.py for tasks to queue
[2022-01-16 22:50:45,474] {logging_mixin.py:109} INFO - [2022-01-16 22:50:45,474] {dagbag.py:500} INFO - Filling up the DagBag from /usr/local/lib/python3.9/site-packages/airflow/example_dags/example_branch_labels.py
[2022-01-16 22:50:45,504] {processor.py:654} INFO - DAG(s) dict_keys(['example_branch_labels']) retrieved from /usr/local/lib/python3.9/site-packages/airflow/example_dags/example_branch_labels.py
[2022-01-16 22:50:45,521] {logging_mixin.py:109} INFO - [2022-01-16 22:50:45,521] {dag.py:2396} INFO - Sync 1 DAGs
[2022-01-16 22:50:45,530] {logging_mixin.py:109} INFO - [2022-01-16 22:50:45,530] {dag.py:2935} INFO - Setting next_dagrun for example_branch_labels to 2022-01-16 00:00:00+00:00
[2022-01-16 22:50:45,539] {processor.py:171} INFO - Processing /usr/local/lib/python3.9/site-packages/airflow/example_dags/example_branch_labels.py took 0.068 seconds
[2022-01-16 22:53:01,185] {processor.py:163} INFO - Started process (PID=28537) to work on /usr/local/lib/python3.9/site-packages/airflow/example_dags/example_branch_labels.py
[2022-01-16 22:53:01,186] {processor.py:642} INFO - Processing file /usr/local/lib/python3.9/site-packages/airflow/example_dags/example_branch_labels.py for tasks to queue
[2022-01-16 22:53:01,186] {logging_mixin.py:109} INFO - [2022-01-16 22:53:01,186] {dagbag.py:500} INFO - Filling up the DagBag from /usr/local/lib/python3.9/site-packages/airflow/example_dags/example_branch_labels.py
[2022-01-16 22:53:01,221] {processor.py:654} INFO - DAG(s) dict_keys(['example_branch_labels']) retrieved from /usr/local/lib/python3.9/site-packages/airflow/example_dags/example_branch_labels.py
[2022-01-16 22:53:01,237] {logging_mixin.py:109} INFO - [2022-01-16 22:53:01,236] {dag.py:2396} INFO - Sync 1 DAGs
[2022-01-16 22:53:01,246] {logging_mixin.py:109} INFO - [2022-01-16 22:53:01,246] {dag.py:2935} INFO - Setting next_dagrun for example_branch_labels to 2022-01-16 00:00:00+00:00
[2022-01-16 22:53:01,254] {processor.py:171} INFO - Processing /usr/local/lib/python3.9/site-packages/airflow/example_dags/example_branch_labels.py took 0.069 seconds
