[2022-01-16 22:29:33,948] {processor.py:163} INFO - Started process (PID=26973) to work on /usr/local/lib/python3.9/site-packages/airflow/example_dags/example_kubernetes_executor.py
[2022-01-16 22:29:33,949] {processor.py:642} INFO - Processing file /usr/local/lib/python3.9/site-packages/airflow/example_dags/example_kubernetes_executor.py for tasks to queue
[2022-01-16 22:29:33,950] {logging_mixin.py:109} INFO - [2022-01-16 22:29:33,950] {dagbag.py:500} INFO - Filling up the DagBag from /usr/local/lib/python3.9/site-packages/airflow/example_dags/example_kubernetes_executor.py
[2022-01-16 22:29:33,977] {logging_mixin.py:109} INFO - [2022-01-16 22:29:33,977] {example_kubernetes_executor.py:38} WARNING - The example_kubernetes_executor example DAG requires the kubernetes provider. Please install it with: pip install apache-airflow[cncf.kubernetes]
[2022-01-16 22:29:34,012] {processor.py:656} WARNING - No viable dags retrieved from /usr/local/lib/python3.9/site-packages/airflow/example_dags/example_kubernetes_executor.py
[2022-01-16 22:29:34,016] {processor.py:171} INFO - Processing /usr/local/lib/python3.9/site-packages/airflow/example_dags/example_kubernetes_executor.py took 0.069 seconds
[2022-01-16 22:31:23,270] {processor.py:163} INFO - Started process (PID=27037) to work on /usr/local/lib/python3.9/site-packages/airflow/example_dags/example_kubernetes_executor.py
[2022-01-16 22:31:23,271] {processor.py:642} INFO - Processing file /usr/local/lib/python3.9/site-packages/airflow/example_dags/example_kubernetes_executor.py for tasks to queue
[2022-01-16 22:31:23,271] {logging_mixin.py:109} INFO - [2022-01-16 22:31:23,271] {dagbag.py:500} INFO - Filling up the DagBag from /usr/local/lib/python3.9/site-packages/airflow/example_dags/example_kubernetes_executor.py
[2022-01-16 22:31:23,295] {logging_mixin.py:109} INFO - [2022-01-16 22:31:23,295] {example_kubernetes_executor.py:38} WARNING - The example_kubernetes_executor example DAG requires the kubernetes provider. Please install it with: pip install apache-airflow[cncf.kubernetes]
[2022-01-16 22:31:23,317] {processor.py:656} WARNING - No viable dags retrieved from /usr/local/lib/python3.9/site-packages/airflow/example_dags/example_kubernetes_executor.py
[2022-01-16 22:31:23,319] {processor.py:171} INFO - Processing /usr/local/lib/python3.9/site-packages/airflow/example_dags/example_kubernetes_executor.py took 0.049 seconds
[2022-01-16 22:33:10,262] {processor.py:163} INFO - Started process (PID=27097) to work on /usr/local/lib/python3.9/site-packages/airflow/example_dags/example_kubernetes_executor.py
[2022-01-16 22:33:10,262] {processor.py:642} INFO - Processing file /usr/local/lib/python3.9/site-packages/airflow/example_dags/example_kubernetes_executor.py for tasks to queue
[2022-01-16 22:33:10,262] {logging_mixin.py:109} INFO - [2022-01-16 22:33:10,262] {dagbag.py:500} INFO - Filling up the DagBag from /usr/local/lib/python3.9/site-packages/airflow/example_dags/example_kubernetes_executor.py
[2022-01-16 22:33:10,287] {logging_mixin.py:109} INFO - [2022-01-16 22:33:10,287] {example_kubernetes_executor.py:38} WARNING - The example_kubernetes_executor example DAG requires the kubernetes provider. Please install it with: pip install apache-airflow[cncf.kubernetes]
[2022-01-16 22:33:10,311] {processor.py:656} WARNING - No viable dags retrieved from /usr/local/lib/python3.9/site-packages/airflow/example_dags/example_kubernetes_executor.py
[2022-01-16 22:33:10,312] {processor.py:171} INFO - Processing /usr/local/lib/python3.9/site-packages/airflow/example_dags/example_kubernetes_executor.py took 0.051 seconds
[2022-01-16 22:35:01,435] {processor.py:163} INFO - Started process (PID=27279) to work on /usr/local/lib/python3.9/site-packages/airflow/example_dags/example_kubernetes_executor.py
[2022-01-16 22:35:01,435] {processor.py:642} INFO - Processing file /usr/local/lib/python3.9/site-packages/airflow/example_dags/example_kubernetes_executor.py for tasks to queue
[2022-01-16 22:35:01,436] {logging_mixin.py:109} INFO - [2022-01-16 22:35:01,436] {dagbag.py:500} INFO - Filling up the DagBag from /usr/local/lib/python3.9/site-packages/airflow/example_dags/example_kubernetes_executor.py
[2022-01-16 22:35:01,463] {logging_mixin.py:109} INFO - [2022-01-16 22:35:01,463] {example_kubernetes_executor.py:38} WARNING - The example_kubernetes_executor example DAG requires the kubernetes provider. Please install it with: pip install apache-airflow[cncf.kubernetes]
[2022-01-16 22:35:01,486] {processor.py:656} WARNING - No viable dags retrieved from /usr/local/lib/python3.9/site-packages/airflow/example_dags/example_kubernetes_executor.py
[2022-01-16 22:35:01,489] {processor.py:171} INFO - Processing /usr/local/lib/python3.9/site-packages/airflow/example_dags/example_kubernetes_executor.py took 0.055 seconds
[2022-01-16 22:36:38,395] {processor.py:163} INFO - Started process (PID=27341) to work on /usr/local/lib/python3.9/site-packages/airflow/example_dags/example_kubernetes_executor.py
[2022-01-16 22:36:38,395] {processor.py:642} INFO - Processing file /usr/local/lib/python3.9/site-packages/airflow/example_dags/example_kubernetes_executor.py for tasks to queue
[2022-01-16 22:36:38,396] {logging_mixin.py:109} INFO - [2022-01-16 22:36:38,395] {dagbag.py:500} INFO - Filling up the DagBag from /usr/local/lib/python3.9/site-packages/airflow/example_dags/example_kubernetes_executor.py
[2022-01-16 22:36:38,422] {logging_mixin.py:109} INFO - [2022-01-16 22:36:38,422] {example_kubernetes_executor.py:38} WARNING - The example_kubernetes_executor example DAG requires the kubernetes provider. Please install it with: pip install apache-airflow[cncf.kubernetes]
[2022-01-16 22:36:38,451] {processor.py:656} WARNING - No viable dags retrieved from /usr/local/lib/python3.9/site-packages/airflow/example_dags/example_kubernetes_executor.py
[2022-01-16 22:36:38,452] {processor.py:171} INFO - Processing /usr/local/lib/python3.9/site-packages/airflow/example_dags/example_kubernetes_executor.py took 0.059 seconds
[2022-01-16 22:38:32,991] {processor.py:163} INFO - Started process (PID=27548) to work on /usr/local/lib/python3.9/site-packages/airflow/example_dags/example_kubernetes_executor.py
[2022-01-16 22:38:32,991] {processor.py:642} INFO - Processing file /usr/local/lib/python3.9/site-packages/airflow/example_dags/example_kubernetes_executor.py for tasks to queue
[2022-01-16 22:38:32,992] {logging_mixin.py:109} INFO - [2022-01-16 22:38:32,992] {dagbag.py:500} INFO - Filling up the DagBag from /usr/local/lib/python3.9/site-packages/airflow/example_dags/example_kubernetes_executor.py
[2022-01-16 22:38:33,019] {logging_mixin.py:109} INFO - [2022-01-16 22:38:33,019] {example_kubernetes_executor.py:38} WARNING - The example_kubernetes_executor example DAG requires the kubernetes provider. Please install it with: pip install apache-airflow[cncf.kubernetes]
[2022-01-16 22:38:33,055] {processor.py:656} WARNING - No viable dags retrieved from /usr/local/lib/python3.9/site-packages/airflow/example_dags/example_kubernetes_executor.py
[2022-01-16 22:38:33,057] {processor.py:171} INFO - Processing /usr/local/lib/python3.9/site-packages/airflow/example_dags/example_kubernetes_executor.py took 0.067 seconds
[2022-01-16 22:40:45,206] {processor.py:163} INFO - Started process (PID=27717) to work on /usr/local/lib/python3.9/site-packages/airflow/example_dags/example_kubernetes_executor.py
[2022-01-16 22:40:45,206] {processor.py:642} INFO - Processing file /usr/local/lib/python3.9/site-packages/airflow/example_dags/example_kubernetes_executor.py for tasks to queue
[2022-01-16 22:40:45,207] {logging_mixin.py:109} INFO - [2022-01-16 22:40:45,207] {dagbag.py:500} INFO - Filling up the DagBag from /usr/local/lib/python3.9/site-packages/airflow/example_dags/example_kubernetes_executor.py
[2022-01-16 22:40:45,239] {logging_mixin.py:109} INFO - [2022-01-16 22:40:45,239] {example_kubernetes_executor.py:38} WARNING - The example_kubernetes_executor example DAG requires the kubernetes provider. Please install it with: pip install apache-airflow[cncf.kubernetes]
[2022-01-16 22:40:45,270] {processor.py:656} WARNING - No viable dags retrieved from /usr/local/lib/python3.9/site-packages/airflow/example_dags/example_kubernetes_executor.py
[2022-01-16 22:40:45,272] {processor.py:171} INFO - Processing /usr/local/lib/python3.9/site-packages/airflow/example_dags/example_kubernetes_executor.py took 0.066 seconds
[2022-01-16 22:42:49,604] {processor.py:163} INFO - Started process (PID=27903) to work on /usr/local/lib/python3.9/site-packages/airflow/example_dags/example_kubernetes_executor.py
[2022-01-16 22:42:49,604] {processor.py:642} INFO - Processing file /usr/local/lib/python3.9/site-packages/airflow/example_dags/example_kubernetes_executor.py for tasks to queue
[2022-01-16 22:42:49,605] {logging_mixin.py:109} INFO - [2022-01-16 22:42:49,605] {dagbag.py:500} INFO - Filling up the DagBag from /usr/local/lib/python3.9/site-packages/airflow/example_dags/example_kubernetes_executor.py
[2022-01-16 22:42:49,627] {logging_mixin.py:109} INFO - [2022-01-16 22:42:49,627] {example_kubernetes_executor.py:38} WARNING - The example_kubernetes_executor example DAG requires the kubernetes provider. Please install it with: pip install apache-airflow[cncf.kubernetes]
[2022-01-16 22:42:49,648] {processor.py:656} WARNING - No viable dags retrieved from /usr/local/lib/python3.9/site-packages/airflow/example_dags/example_kubernetes_executor.py
[2022-01-16 22:42:49,651] {processor.py:171} INFO - Processing /usr/local/lib/python3.9/site-packages/airflow/example_dags/example_kubernetes_executor.py took 0.048 seconds
[2022-01-16 22:50:28,645] {processor.py:163} INFO - Started process (PID=28420) to work on /usr/local/lib/python3.9/site-packages/airflow/example_dags/example_kubernetes_executor.py
[2022-01-16 22:50:28,645] {processor.py:642} INFO - Processing file /usr/local/lib/python3.9/site-packages/airflow/example_dags/example_kubernetes_executor.py for tasks to queue
[2022-01-16 22:50:28,645] {logging_mixin.py:109} INFO - [2022-01-16 22:50:28,645] {dagbag.py:500} INFO - Filling up the DagBag from /usr/local/lib/python3.9/site-packages/airflow/example_dags/example_kubernetes_executor.py
[2022-01-16 22:50:28,663] {logging_mixin.py:109} INFO - [2022-01-16 22:50:28,663] {example_kubernetes_executor.py:38} WARNING - The example_kubernetes_executor example DAG requires the kubernetes provider. Please install it with: pip install apache-airflow[cncf.kubernetes]
[2022-01-16 22:50:28,684] {processor.py:656} WARNING - No viable dags retrieved from /usr/local/lib/python3.9/site-packages/airflow/example_dags/example_kubernetes_executor.py
[2022-01-16 22:50:28,686] {processor.py:171} INFO - Processing /usr/local/lib/python3.9/site-packages/airflow/example_dags/example_kubernetes_executor.py took 0.042 seconds
[2022-01-16 22:52:41,249] {processor.py:163} INFO - Started process (PID=28517) to work on /usr/local/lib/python3.9/site-packages/airflow/example_dags/example_kubernetes_executor.py
[2022-01-16 22:52:41,249] {processor.py:642} INFO - Processing file /usr/local/lib/python3.9/site-packages/airflow/example_dags/example_kubernetes_executor.py for tasks to queue
[2022-01-16 22:52:41,250] {logging_mixin.py:109} INFO - [2022-01-16 22:52:41,250] {dagbag.py:500} INFO - Filling up the DagBag from /usr/local/lib/python3.9/site-packages/airflow/example_dags/example_kubernetes_executor.py
[2022-01-16 22:52:41,320] {logging_mixin.py:109} INFO - [2022-01-16 22:52:41,320] {example_kubernetes_executor.py:38} WARNING - The example_kubernetes_executor example DAG requires the kubernetes provider. Please install it with: pip install apache-airflow[cncf.kubernetes]
[2022-01-16 22:52:41,403] {processor.py:656} WARNING - No viable dags retrieved from /usr/local/lib/python3.9/site-packages/airflow/example_dags/example_kubernetes_executor.py
[2022-01-16 22:52:41,409] {processor.py:171} INFO - Processing /usr/local/lib/python3.9/site-packages/airflow/example_dags/example_kubernetes_executor.py took 0.161 seconds
