[2022-01-16 22:29:31,005] {processor.py:163} INFO - Started process (PID=26971) to work on /usr/local/lib/python3.9/site-packages/airflow/example_dags/example_latest_only.py
[2022-01-16 22:29:31,005] {processor.py:642} INFO - Processing file /usr/local/lib/python3.9/site-packages/airflow/example_dags/example_latest_only.py for tasks to queue
[2022-01-16 22:29:31,006] {logging_mixin.py:109} INFO - [2022-01-16 22:29:31,006] {dagbag.py:500} INFO - Filling up the DagBag from /usr/local/lib/python3.9/site-packages/airflow/example_dags/example_latest_only.py
[2022-01-16 22:29:31,037] {processor.py:654} INFO - DAG(s) dict_keys(['latest_only']) retrieved from /usr/local/lib/python3.9/site-packages/airflow/example_dags/example_latest_only.py
[2022-01-16 22:29:31,052] {logging_mixin.py:109} INFO - [2022-01-16 22:29:31,052] {dag.py:2396} INFO - Sync 1 DAGs
[2022-01-16 22:29:31,059] {logging_mixin.py:109} INFO - [2022-01-16 22:29:31,059] {dag.py:2935} INFO - Setting next_dagrun for latest_only to 2022-01-16T21:29:31.059780+00:00
[2022-01-16 22:29:31,069] {processor.py:171} INFO - Processing /usr/local/lib/python3.9/site-packages/airflow/example_dags/example_latest_only.py took 0.065 seconds
[2022-01-16 22:31:20,715] {processor.py:163} INFO - Started process (PID=27036) to work on /usr/local/lib/python3.9/site-packages/airflow/example_dags/example_latest_only.py
[2022-01-16 22:31:20,716] {processor.py:642} INFO - Processing file /usr/local/lib/python3.9/site-packages/airflow/example_dags/example_latest_only.py for tasks to queue
[2022-01-16 22:31:20,716] {logging_mixin.py:109} INFO - [2022-01-16 22:31:20,716] {dagbag.py:500} INFO - Filling up the DagBag from /usr/local/lib/python3.9/site-packages/airflow/example_dags/example_latest_only.py
[2022-01-16 22:31:20,749] {processor.py:654} INFO - DAG(s) dict_keys(['latest_only']) retrieved from /usr/local/lib/python3.9/site-packages/airflow/example_dags/example_latest_only.py
[2022-01-16 22:31:20,764] {logging_mixin.py:109} INFO - [2022-01-16 22:31:20,764] {dag.py:2396} INFO - Sync 1 DAGs
[2022-01-16 22:31:20,773] {logging_mixin.py:109} INFO - [2022-01-16 22:31:20,773] {dag.py:2935} INFO - Setting next_dagrun for latest_only to 2022-01-16T21:31:20.773110+00:00
[2022-01-16 22:31:20,780] {processor.py:171} INFO - Processing /usr/local/lib/python3.9/site-packages/airflow/example_dags/example_latest_only.py took 0.066 seconds
[2022-01-16 22:33:07,838] {processor.py:163} INFO - Started process (PID=27095) to work on /usr/local/lib/python3.9/site-packages/airflow/example_dags/example_latest_only.py
[2022-01-16 22:33:07,839] {processor.py:642} INFO - Processing file /usr/local/lib/python3.9/site-packages/airflow/example_dags/example_latest_only.py for tasks to queue
[2022-01-16 22:33:07,839] {logging_mixin.py:109} INFO - [2022-01-16 22:33:07,839] {dagbag.py:500} INFO - Filling up the DagBag from /usr/local/lib/python3.9/site-packages/airflow/example_dags/example_latest_only.py
[2022-01-16 22:33:07,870] {processor.py:654} INFO - DAG(s) dict_keys(['latest_only']) retrieved from /usr/local/lib/python3.9/site-packages/airflow/example_dags/example_latest_only.py
[2022-01-16 22:33:07,889] {logging_mixin.py:109} INFO - [2022-01-16 22:33:07,888] {dag.py:2396} INFO - Sync 1 DAGs
[2022-01-16 22:33:07,899] {logging_mixin.py:109} INFO - [2022-01-16 22:33:07,899] {dag.py:2935} INFO - Setting next_dagrun for latest_only to 2022-01-16T21:33:07.899019+00:00
[2022-01-16 22:33:07,907] {processor.py:171} INFO - Processing /usr/local/lib/python3.9/site-packages/airflow/example_dags/example_latest_only.py took 0.070 seconds
[2022-01-16 22:34:58,779] {processor.py:163} INFO - Started process (PID=27271) to work on /usr/local/lib/python3.9/site-packages/airflow/example_dags/example_latest_only.py
[2022-01-16 22:34:58,779] {processor.py:642} INFO - Processing file /usr/local/lib/python3.9/site-packages/airflow/example_dags/example_latest_only.py for tasks to queue
[2022-01-16 22:34:58,780] {logging_mixin.py:109} INFO - [2022-01-16 22:34:58,780] {dagbag.py:500} INFO - Filling up the DagBag from /usr/local/lib/python3.9/site-packages/airflow/example_dags/example_latest_only.py
[2022-01-16 22:34:58,808] {processor.py:654} INFO - DAG(s) dict_keys(['latest_only']) retrieved from /usr/local/lib/python3.9/site-packages/airflow/example_dags/example_latest_only.py
[2022-01-16 22:34:58,822] {logging_mixin.py:109} INFO - [2022-01-16 22:34:58,822] {dag.py:2396} INFO - Sync 1 DAGs
[2022-01-16 22:34:58,829] {logging_mixin.py:109} INFO - [2022-01-16 22:34:58,829] {dag.py:2935} INFO - Setting next_dagrun for latest_only to 2022-01-16T21:34:58.828913+00:00
[2022-01-16 22:34:58,837] {processor.py:171} INFO - Processing /usr/local/lib/python3.9/site-packages/airflow/example_dags/example_latest_only.py took 0.058 seconds
[2022-01-16 22:36:35,729] {processor.py:163} INFO - Started process (PID=27340) to work on /usr/local/lib/python3.9/site-packages/airflow/example_dags/example_latest_only.py
[2022-01-16 22:36:35,729] {processor.py:642} INFO - Processing file /usr/local/lib/python3.9/site-packages/airflow/example_dags/example_latest_only.py for tasks to queue
[2022-01-16 22:36:35,730] {logging_mixin.py:109} INFO - [2022-01-16 22:36:35,730] {dagbag.py:500} INFO - Filling up the DagBag from /usr/local/lib/python3.9/site-packages/airflow/example_dags/example_latest_only.py
[2022-01-16 22:36:35,763] {processor.py:654} INFO - DAG(s) dict_keys(['latest_only']) retrieved from /usr/local/lib/python3.9/site-packages/airflow/example_dags/example_latest_only.py
[2022-01-16 22:36:35,778] {logging_mixin.py:109} INFO - [2022-01-16 22:36:35,778] {dag.py:2396} INFO - Sync 1 DAGs
[2022-01-16 22:36:35,786] {logging_mixin.py:109} INFO - [2022-01-16 22:36:35,786] {dag.py:2935} INFO - Setting next_dagrun for latest_only to 2022-01-16T21:36:35.785950+00:00
[2022-01-16 22:36:35,793] {processor.py:171} INFO - Processing /usr/local/lib/python3.9/site-packages/airflow/example_dags/example_latest_only.py took 0.065 seconds
[2022-01-16 22:38:29,865] {processor.py:163} INFO - Started process (PID=27544) to work on /usr/local/lib/python3.9/site-packages/airflow/example_dags/example_latest_only.py
[2022-01-16 22:38:29,865] {processor.py:642} INFO - Processing file /usr/local/lib/python3.9/site-packages/airflow/example_dags/example_latest_only.py for tasks to queue
[2022-01-16 22:38:29,865] {logging_mixin.py:109} INFO - [2022-01-16 22:38:29,865] {dagbag.py:500} INFO - Filling up the DagBag from /usr/local/lib/python3.9/site-packages/airflow/example_dags/example_latest_only.py
[2022-01-16 22:38:29,891] {processor.py:654} INFO - DAG(s) dict_keys(['latest_only']) retrieved from /usr/local/lib/python3.9/site-packages/airflow/example_dags/example_latest_only.py
[2022-01-16 22:38:29,906] {logging_mixin.py:109} INFO - [2022-01-16 22:38:29,906] {dag.py:2396} INFO - Sync 1 DAGs
[2022-01-16 22:38:29,914] {logging_mixin.py:109} INFO - [2022-01-16 22:38:29,913] {dag.py:2935} INFO - Setting next_dagrun for latest_only to 2022-01-16T21:38:29.913837+00:00
[2022-01-16 22:38:29,922] {processor.py:171} INFO - Processing /usr/local/lib/python3.9/site-packages/airflow/example_dags/example_latest_only.py took 0.058 seconds
[2022-01-16 22:40:05,254] {processor.py:163} INFO - Started process (PID=27625) to work on /usr/local/lib/python3.9/site-packages/airflow/example_dags/example_latest_only.py
[2022-01-16 22:40:05,258] {processor.py:642} INFO - Processing file /usr/local/lib/python3.9/site-packages/airflow/example_dags/example_latest_only.py for tasks to queue
[2022-01-16 22:40:05,258] {logging_mixin.py:109} INFO - [2022-01-16 22:40:05,258] {dagbag.py:500} INFO - Filling up the DagBag from /usr/local/lib/python3.9/site-packages/airflow/example_dags/example_latest_only.py
[2022-01-16 22:40:05,296] {processor.py:654} INFO - DAG(s) dict_keys(['latest_only']) retrieved from /usr/local/lib/python3.9/site-packages/airflow/example_dags/example_latest_only.py
[2022-01-16 22:40:05,315] {logging_mixin.py:109} INFO - [2022-01-16 22:40:05,314] {dag.py:2396} INFO - Sync 1 DAGs
[2022-01-16 22:40:05,327] {logging_mixin.py:109} INFO - [2022-01-16 22:40:05,327] {dag.py:2935} INFO - Setting next_dagrun for latest_only to 2022-01-16T21:40:05.327315+00:00
[2022-01-16 22:40:05,337] {processor.py:171} INFO - Processing /usr/local/lib/python3.9/site-packages/airflow/example_dags/example_latest_only.py took 0.084 seconds
[2022-01-16 22:42:14,415] {processor.py:163} INFO - Started process (PID=27863) to work on /usr/local/lib/python3.9/site-packages/airflow/example_dags/example_latest_only.py
[2022-01-16 22:42:14,415] {processor.py:642} INFO - Processing file /usr/local/lib/python3.9/site-packages/airflow/example_dags/example_latest_only.py for tasks to queue
[2022-01-16 22:42:14,416] {logging_mixin.py:109} INFO - [2022-01-16 22:42:14,416] {dagbag.py:500} INFO - Filling up the DagBag from /usr/local/lib/python3.9/site-packages/airflow/example_dags/example_latest_only.py
[2022-01-16 22:42:14,480] {processor.py:654} INFO - DAG(s) dict_keys(['latest_only']) retrieved from /usr/local/lib/python3.9/site-packages/airflow/example_dags/example_latest_only.py
[2022-01-16 22:42:14,556] {logging_mixin.py:109} INFO - [2022-01-16 22:42:14,556] {dag.py:2396} INFO - Sync 1 DAGs
[2022-01-16 22:42:14,570] {logging_mixin.py:109} INFO - [2022-01-16 22:42:14,570] {dag.py:2935} INFO - Setting next_dagrun for latest_only to 2022-01-16T21:42:14.570137+00:00
[2022-01-16 22:42:14,579] {processor.py:171} INFO - Processing /usr/local/lib/python3.9/site-packages/airflow/example_dags/example_latest_only.py took 0.166 seconds
[2022-01-16 22:44:25,952] {processor.py:163} INFO - Started process (PID=28028) to work on /usr/local/lib/python3.9/site-packages/airflow/example_dags/example_latest_only.py
[2022-01-16 22:44:25,953] {processor.py:642} INFO - Processing file /usr/local/lib/python3.9/site-packages/airflow/example_dags/example_latest_only.py for tasks to queue
[2022-01-16 22:44:25,953] {logging_mixin.py:109} INFO - [2022-01-16 22:44:25,953] {dagbag.py:500} INFO - Filling up the DagBag from /usr/local/lib/python3.9/site-packages/airflow/example_dags/example_latest_only.py
[2022-01-16 22:44:26,000] {processor.py:654} INFO - DAG(s) dict_keys(['latest_only']) retrieved from /usr/local/lib/python3.9/site-packages/airflow/example_dags/example_latest_only.py
[2022-01-16 22:44:26,020] {logging_mixin.py:109} INFO - [2022-01-16 22:44:26,020] {dag.py:2396} INFO - Sync 1 DAGs
[2022-01-16 22:44:26,032] {logging_mixin.py:109} INFO - [2022-01-16 22:44:26,032] {dag.py:2935} INFO - Setting next_dagrun for latest_only to 2022-01-16T21:44:26.032022+00:00
[2022-01-16 22:44:26,041] {processor.py:171} INFO - Processing /usr/local/lib/python3.9/site-packages/airflow/example_dags/example_latest_only.py took 0.089 seconds
[2022-01-16 22:50:25,904] {processor.py:163} INFO - Started process (PID=28416) to work on /usr/local/lib/python3.9/site-packages/airflow/example_dags/example_latest_only.py
[2022-01-16 22:50:25,904] {processor.py:642} INFO - Processing file /usr/local/lib/python3.9/site-packages/airflow/example_dags/example_latest_only.py for tasks to queue
[2022-01-16 22:50:25,905] {logging_mixin.py:109} INFO - [2022-01-16 22:50:25,905] {dagbag.py:500} INFO - Filling up the DagBag from /usr/local/lib/python3.9/site-packages/airflow/example_dags/example_latest_only.py
[2022-01-16 22:50:25,953] {processor.py:654} INFO - DAG(s) dict_keys(['latest_only']) retrieved from /usr/local/lib/python3.9/site-packages/airflow/example_dags/example_latest_only.py
[2022-01-16 22:50:25,980] {logging_mixin.py:109} INFO - [2022-01-16 22:50:25,979] {dag.py:2396} INFO - Sync 1 DAGs
[2022-01-16 22:50:26,013] {logging_mixin.py:109} INFO - [2022-01-16 22:50:26,013] {dag.py:2935} INFO - Setting next_dagrun for latest_only to 2022-01-16T21:50:26.013092+00:00
[2022-01-16 22:50:26,033] {processor.py:171} INFO - Processing /usr/local/lib/python3.9/site-packages/airflow/example_dags/example_latest_only.py took 0.130 seconds
[2022-01-16 22:52:36,634] {processor.py:163} INFO - Started process (PID=28515) to work on /usr/local/lib/python3.9/site-packages/airflow/example_dags/example_latest_only.py
[2022-01-16 22:52:36,635] {processor.py:642} INFO - Processing file /usr/local/lib/python3.9/site-packages/airflow/example_dags/example_latest_only.py for tasks to queue
[2022-01-16 22:52:36,636] {logging_mixin.py:109} INFO - [2022-01-16 22:52:36,636] {dagbag.py:500} INFO - Filling up the DagBag from /usr/local/lib/python3.9/site-packages/airflow/example_dags/example_latest_only.py
[2022-01-16 22:52:36,676] {processor.py:654} INFO - DAG(s) dict_keys(['latest_only']) retrieved from /usr/local/lib/python3.9/site-packages/airflow/example_dags/example_latest_only.py
[2022-01-16 22:52:36,694] {logging_mixin.py:109} INFO - [2022-01-16 22:52:36,694] {dag.py:2396} INFO - Sync 1 DAGs
[2022-01-16 22:52:36,704] {logging_mixin.py:109} INFO - [2022-01-16 22:52:36,704] {dag.py:2935} INFO - Setting next_dagrun for latest_only to 2022-01-16T21:52:36.704145+00:00
[2022-01-16 22:52:36,713] {processor.py:171} INFO - Processing /usr/local/lib/python3.9/site-packages/airflow/example_dags/example_latest_only.py took 0.080 seconds
[2022-01-16 22:54:22,451] {processor.py:163} INFO - Started process (PID=28581) to work on /usr/local/lib/python3.9/site-packages/airflow/example_dags/example_latest_only.py
[2022-01-16 22:54:22,452] {processor.py:642} INFO - Processing file /usr/local/lib/python3.9/site-packages/airflow/example_dags/example_latest_only.py for tasks to queue
[2022-01-16 22:54:22,453] {logging_mixin.py:109} INFO - [2022-01-16 22:54:22,453] {dagbag.py:500} INFO - Filling up the DagBag from /usr/local/lib/python3.9/site-packages/airflow/example_dags/example_latest_only.py
[2022-01-16 22:54:22,534] {processor.py:654} INFO - DAG(s) dict_keys(['latest_only']) retrieved from /usr/local/lib/python3.9/site-packages/airflow/example_dags/example_latest_only.py
[2022-01-16 22:54:22,570] {logging_mixin.py:109} INFO - [2022-01-16 22:54:22,570] {dag.py:2396} INFO - Sync 1 DAGs
[2022-01-16 22:54:22,589] {logging_mixin.py:109} INFO - [2022-01-16 22:54:22,589] {dag.py:2935} INFO - Setting next_dagrun for latest_only to 2022-01-16T21:54:22.589174+00:00
[2022-01-16 22:54:22,615] {processor.py:171} INFO - Processing /usr/local/lib/python3.9/site-packages/airflow/example_dags/example_latest_only.py took 0.165 seconds
