[2022-01-16 22:28:42,250] {processor.py:163} INFO - Started process (PID=26853) to work on /usr/local/lib/python3.9/site-packages/airflow/example_dags/tutorial_etl_dag.py
[2022-01-16 22:28:42,251] {processor.py:642} INFO - Processing file /usr/local/lib/python3.9/site-packages/airflow/example_dags/tutorial_etl_dag.py for tasks to queue
[2022-01-16 22:28:42,252] {logging_mixin.py:109} INFO - [2022-01-16 22:28:42,252] {dagbag.py:500} INFO - Filling up the DagBag from /usr/local/lib/python3.9/site-packages/airflow/example_dags/tutorial_etl_dag.py
[2022-01-16 22:28:42,292] {processor.py:654} INFO - DAG(s) dict_keys(['tutorial_etl_dag']) retrieved from /usr/local/lib/python3.9/site-packages/airflow/example_dags/tutorial_etl_dag.py
[2022-01-16 22:28:42,307] {logging_mixin.py:109} INFO - [2022-01-16 22:28:42,307] {dag.py:2396} INFO - Sync 1 DAGs
[2022-01-16 22:28:42,315] {logging_mixin.py:109} INFO - [2022-01-16 22:28:42,315] {dag.py:2935} INFO - Setting next_dagrun for tutorial_etl_dag to None
[2022-01-16 22:28:42,322] {processor.py:171} INFO - Processing /usr/local/lib/python3.9/site-packages/airflow/example_dags/tutorial_etl_dag.py took 0.072 seconds
[2022-01-16 22:30:12,841] {processor.py:163} INFO - Started process (PID=27001) to work on /usr/local/lib/python3.9/site-packages/airflow/example_dags/tutorial_etl_dag.py
[2022-01-16 22:30:12,841] {processor.py:642} INFO - Processing file /usr/local/lib/python3.9/site-packages/airflow/example_dags/tutorial_etl_dag.py for tasks to queue
[2022-01-16 22:30:12,842] {logging_mixin.py:109} INFO - [2022-01-16 22:30:12,842] {dagbag.py:500} INFO - Filling up the DagBag from /usr/local/lib/python3.9/site-packages/airflow/example_dags/tutorial_etl_dag.py
[2022-01-16 22:30:12,881] {processor.py:654} INFO - DAG(s) dict_keys(['tutorial_etl_dag']) retrieved from /usr/local/lib/python3.9/site-packages/airflow/example_dags/tutorial_etl_dag.py
[2022-01-16 22:30:12,896] {logging_mixin.py:109} INFO - [2022-01-16 22:30:12,896] {dag.py:2396} INFO - Sync 1 DAGs
[2022-01-16 22:30:12,903] {logging_mixin.py:109} INFO - [2022-01-16 22:30:12,903] {dag.py:2935} INFO - Setting next_dagrun for tutorial_etl_dag to None
[2022-01-16 22:30:12,911] {processor.py:171} INFO - Processing /usr/local/lib/python3.9/site-packages/airflow/example_dags/tutorial_etl_dag.py took 0.070 seconds
[2022-01-16 22:31:07,668] {processor.py:163} INFO - Started process (PID=27029) to work on /usr/local/lib/python3.9/site-packages/airflow/example_dags/tutorial_etl_dag.py
[2022-01-16 22:31:07,668] {processor.py:642} INFO - Processing file /usr/local/lib/python3.9/site-packages/airflow/example_dags/tutorial_etl_dag.py for tasks to queue
[2022-01-16 22:31:07,669] {logging_mixin.py:109} INFO - [2022-01-16 22:31:07,669] {dagbag.py:500} INFO - Filling up the DagBag from /usr/local/lib/python3.9/site-packages/airflow/example_dags/tutorial_etl_dag.py
[2022-01-16 22:31:07,726] {processor.py:654} INFO - DAG(s) dict_keys(['tutorial_etl_dag']) retrieved from /usr/local/lib/python3.9/site-packages/airflow/example_dags/tutorial_etl_dag.py
[2022-01-16 22:31:07,743] {logging_mixin.py:109} INFO - [2022-01-16 22:31:07,743] {dag.py:2396} INFO - Sync 1 DAGs
[2022-01-16 22:31:07,751] {logging_mixin.py:109} INFO - [2022-01-16 22:31:07,751] {dag.py:2935} INFO - Setting next_dagrun for tutorial_etl_dag to None
[2022-01-16 22:31:07,759] {processor.py:171} INFO - Processing /usr/local/lib/python3.9/site-packages/airflow/example_dags/tutorial_etl_dag.py took 0.092 seconds
[2022-01-16 22:32:01,346] {processor.py:163} INFO - Started process (PID=27058) to work on /usr/local/lib/python3.9/site-packages/airflow/example_dags/tutorial_etl_dag.py
[2022-01-16 22:32:01,346] {processor.py:642} INFO - Processing file /usr/local/lib/python3.9/site-packages/airflow/example_dags/tutorial_etl_dag.py for tasks to queue
[2022-01-16 22:32:01,347] {logging_mixin.py:109} INFO - [2022-01-16 22:32:01,347] {dagbag.py:500} INFO - Filling up the DagBag from /usr/local/lib/python3.9/site-packages/airflow/example_dags/tutorial_etl_dag.py
[2022-01-16 22:32:01,385] {processor.py:654} INFO - DAG(s) dict_keys(['tutorial_etl_dag']) retrieved from /usr/local/lib/python3.9/site-packages/airflow/example_dags/tutorial_etl_dag.py
[2022-01-16 22:32:01,402] {logging_mixin.py:109} INFO - [2022-01-16 22:32:01,402] {dag.py:2396} INFO - Sync 1 DAGs
[2022-01-16 22:32:01,411] {logging_mixin.py:109} INFO - [2022-01-16 22:32:01,410] {dag.py:2935} INFO - Setting next_dagrun for tutorial_etl_dag to None
[2022-01-16 22:32:01,417] {processor.py:171} INFO - Processing /usr/local/lib/python3.9/site-packages/airflow/example_dags/tutorial_etl_dag.py took 0.072 seconds
[2022-01-16 22:32:54,450] {processor.py:163} INFO - Started process (PID=27086) to work on /usr/local/lib/python3.9/site-packages/airflow/example_dags/tutorial_etl_dag.py
[2022-01-16 22:32:54,450] {processor.py:642} INFO - Processing file /usr/local/lib/python3.9/site-packages/airflow/example_dags/tutorial_etl_dag.py for tasks to queue
[2022-01-16 22:32:54,450] {logging_mixin.py:109} INFO - [2022-01-16 22:32:54,450] {dagbag.py:500} INFO - Filling up the DagBag from /usr/local/lib/python3.9/site-packages/airflow/example_dags/tutorial_etl_dag.py
[2022-01-16 22:32:54,492] {processor.py:654} INFO - DAG(s) dict_keys(['tutorial_etl_dag']) retrieved from /usr/local/lib/python3.9/site-packages/airflow/example_dags/tutorial_etl_dag.py
[2022-01-16 22:32:54,507] {logging_mixin.py:109} INFO - [2022-01-16 22:32:54,507] {dag.py:2396} INFO - Sync 1 DAGs
[2022-01-16 22:32:54,514] {logging_mixin.py:109} INFO - [2022-01-16 22:32:54,514] {dag.py:2935} INFO - Setting next_dagrun for tutorial_etl_dag to None
[2022-01-16 22:32:54,521] {processor.py:171} INFO - Processing /usr/local/lib/python3.9/site-packages/airflow/example_dags/tutorial_etl_dag.py took 0.072 seconds
[2022-01-16 22:33:47,889] {processor.py:163} INFO - Started process (PID=27119) to work on /usr/local/lib/python3.9/site-packages/airflow/example_dags/tutorial_etl_dag.py
[2022-01-16 22:33:47,889] {processor.py:642} INFO - Processing file /usr/local/lib/python3.9/site-packages/airflow/example_dags/tutorial_etl_dag.py for tasks to queue
[2022-01-16 22:33:47,889] {logging_mixin.py:109} INFO - [2022-01-16 22:33:47,889] {dagbag.py:500} INFO - Filling up the DagBag from /usr/local/lib/python3.9/site-packages/airflow/example_dags/tutorial_etl_dag.py
[2022-01-16 22:33:47,926] {processor.py:654} INFO - DAG(s) dict_keys(['tutorial_etl_dag']) retrieved from /usr/local/lib/python3.9/site-packages/airflow/example_dags/tutorial_etl_dag.py
[2022-01-16 22:33:47,943] {logging_mixin.py:109} INFO - [2022-01-16 22:33:47,943] {dag.py:2396} INFO - Sync 1 DAGs
[2022-01-16 22:33:47,949] {logging_mixin.py:109} INFO - [2022-01-16 22:33:47,949] {dag.py:2935} INFO - Setting next_dagrun for tutorial_etl_dag to None
[2022-01-16 22:33:47,956] {processor.py:171} INFO - Processing /usr/local/lib/python3.9/site-packages/airflow/example_dags/tutorial_etl_dag.py took 0.068 seconds
[2022-01-16 22:34:43,547] {processor.py:163} INFO - Started process (PID=27244) to work on /usr/local/lib/python3.9/site-packages/airflow/example_dags/tutorial_etl_dag.py
[2022-01-16 22:34:43,547] {processor.py:642} INFO - Processing file /usr/local/lib/python3.9/site-packages/airflow/example_dags/tutorial_etl_dag.py for tasks to queue
[2022-01-16 22:34:43,548] {logging_mixin.py:109} INFO - [2022-01-16 22:34:43,548] {dagbag.py:500} INFO - Filling up the DagBag from /usr/local/lib/python3.9/site-packages/airflow/example_dags/tutorial_etl_dag.py
[2022-01-16 22:34:43,591] {processor.py:654} INFO - DAG(s) dict_keys(['tutorial_etl_dag']) retrieved from /usr/local/lib/python3.9/site-packages/airflow/example_dags/tutorial_etl_dag.py
[2022-01-16 22:34:43,607] {logging_mixin.py:109} INFO - [2022-01-16 22:34:43,607] {dag.py:2396} INFO - Sync 1 DAGs
[2022-01-16 22:34:43,614] {logging_mixin.py:109} INFO - [2022-01-16 22:34:43,614] {dag.py:2935} INFO - Setting next_dagrun for tutorial_etl_dag to None
[2022-01-16 22:34:43,622] {processor.py:171} INFO - Processing /usr/local/lib/python3.9/site-packages/airflow/example_dags/tutorial_etl_dag.py took 0.075 seconds
[2022-01-16 22:35:34,289] {processor.py:163} INFO - Started process (PID=27307) to work on /usr/local/lib/python3.9/site-packages/airflow/example_dags/tutorial_etl_dag.py
[2022-01-16 22:35:34,290] {processor.py:642} INFO - Processing file /usr/local/lib/python3.9/site-packages/airflow/example_dags/tutorial_etl_dag.py for tasks to queue
[2022-01-16 22:35:34,290] {logging_mixin.py:109} INFO - [2022-01-16 22:35:34,290] {dagbag.py:500} INFO - Filling up the DagBag from /usr/local/lib/python3.9/site-packages/airflow/example_dags/tutorial_etl_dag.py
[2022-01-16 22:35:34,332] {processor.py:654} INFO - DAG(s) dict_keys(['tutorial_etl_dag']) retrieved from /usr/local/lib/python3.9/site-packages/airflow/example_dags/tutorial_etl_dag.py
[2022-01-16 22:35:34,349] {logging_mixin.py:109} INFO - [2022-01-16 22:35:34,349] {dag.py:2396} INFO - Sync 1 DAGs
[2022-01-16 22:35:34,359] {logging_mixin.py:109} INFO - [2022-01-16 22:35:34,359] {dag.py:2935} INFO - Setting next_dagrun for tutorial_etl_dag to None
[2022-01-16 22:35:34,368] {processor.py:171} INFO - Processing /usr/local/lib/python3.9/site-packages/airflow/example_dags/tutorial_etl_dag.py took 0.079 seconds
[2022-01-16 22:36:22,600] {processor.py:163} INFO - Started process (PID=27331) to work on /usr/local/lib/python3.9/site-packages/airflow/example_dags/tutorial_etl_dag.py
[2022-01-16 22:36:22,600] {processor.py:642} INFO - Processing file /usr/local/lib/python3.9/site-packages/airflow/example_dags/tutorial_etl_dag.py for tasks to queue
[2022-01-16 22:36:22,600] {logging_mixin.py:109} INFO - [2022-01-16 22:36:22,600] {dagbag.py:500} INFO - Filling up the DagBag from /usr/local/lib/python3.9/site-packages/airflow/example_dags/tutorial_etl_dag.py
[2022-01-16 22:36:22,644] {processor.py:654} INFO - DAG(s) dict_keys(['tutorial_etl_dag']) retrieved from /usr/local/lib/python3.9/site-packages/airflow/example_dags/tutorial_etl_dag.py
[2022-01-16 22:36:22,658] {logging_mixin.py:109} INFO - [2022-01-16 22:36:22,657] {dag.py:2396} INFO - Sync 1 DAGs
[2022-01-16 22:36:22,664] {logging_mixin.py:109} INFO - [2022-01-16 22:36:22,664] {dag.py:2935} INFO - Setting next_dagrun for tutorial_etl_dag to None
[2022-01-16 22:36:22,671] {processor.py:171} INFO - Processing /usr/local/lib/python3.9/site-packages/airflow/example_dags/tutorial_etl_dag.py took 0.071 seconds
[2022-01-16 22:37:18,041] {processor.py:163} INFO - Started process (PID=27390) to work on /usr/local/lib/python3.9/site-packages/airflow/example_dags/tutorial_etl_dag.py
[2022-01-16 22:37:18,042] {processor.py:642} INFO - Processing file /usr/local/lib/python3.9/site-packages/airflow/example_dags/tutorial_etl_dag.py for tasks to queue
[2022-01-16 22:37:18,042] {logging_mixin.py:109} INFO - [2022-01-16 22:37:18,042] {dagbag.py:500} INFO - Filling up the DagBag from /usr/local/lib/python3.9/site-packages/airflow/example_dags/tutorial_etl_dag.py
[2022-01-16 22:37:18,081] {processor.py:654} INFO - DAG(s) dict_keys(['tutorial_etl_dag']) retrieved from /usr/local/lib/python3.9/site-packages/airflow/example_dags/tutorial_etl_dag.py
[2022-01-16 22:37:18,096] {logging_mixin.py:109} INFO - [2022-01-16 22:37:18,096] {dag.py:2396} INFO - Sync 1 DAGs
[2022-01-16 22:37:18,103] {logging_mixin.py:109} INFO - [2022-01-16 22:37:18,103] {dag.py:2935} INFO - Setting next_dagrun for tutorial_etl_dag to None
[2022-01-16 22:37:18,110] {processor.py:171} INFO - Processing /usr/local/lib/python3.9/site-packages/airflow/example_dags/tutorial_etl_dag.py took 0.069 seconds
[2022-01-16 22:38:15,167] {processor.py:163} INFO - Started process (PID=27518) to work on /usr/local/lib/python3.9/site-packages/airflow/example_dags/tutorial_etl_dag.py
[2022-01-16 22:38:15,167] {processor.py:642} INFO - Processing file /usr/local/lib/python3.9/site-packages/airflow/example_dags/tutorial_etl_dag.py for tasks to queue
[2022-01-16 22:38:15,168] {logging_mixin.py:109} INFO - [2022-01-16 22:38:15,168] {dagbag.py:500} INFO - Filling up the DagBag from /usr/local/lib/python3.9/site-packages/airflow/example_dags/tutorial_etl_dag.py
[2022-01-16 22:38:15,213] {processor.py:654} INFO - DAG(s) dict_keys(['tutorial_etl_dag']) retrieved from /usr/local/lib/python3.9/site-packages/airflow/example_dags/tutorial_etl_dag.py
[2022-01-16 22:38:15,231] {logging_mixin.py:109} INFO - [2022-01-16 22:38:15,230] {dag.py:2396} INFO - Sync 1 DAGs
[2022-01-16 22:38:15,238] {logging_mixin.py:109} INFO - [2022-01-16 22:38:15,238] {dag.py:2935} INFO - Setting next_dagrun for tutorial_etl_dag to None
[2022-01-16 22:38:15,246] {processor.py:171} INFO - Processing /usr/local/lib/python3.9/site-packages/airflow/example_dags/tutorial_etl_dag.py took 0.080 seconds
[2022-01-16 22:39:14,975] {processor.py:163} INFO - Started process (PID=27577) to work on /usr/local/lib/python3.9/site-packages/airflow/example_dags/tutorial_etl_dag.py
[2022-01-16 22:39:14,976] {processor.py:642} INFO - Processing file /usr/local/lib/python3.9/site-packages/airflow/example_dags/tutorial_etl_dag.py for tasks to queue
[2022-01-16 22:39:14,976] {logging_mixin.py:109} INFO - [2022-01-16 22:39:14,976] {dagbag.py:500} INFO - Filling up the DagBag from /usr/local/lib/python3.9/site-packages/airflow/example_dags/tutorial_etl_dag.py
[2022-01-16 22:39:15,015] {processor.py:654} INFO - DAG(s) dict_keys(['tutorial_etl_dag']) retrieved from /usr/local/lib/python3.9/site-packages/airflow/example_dags/tutorial_etl_dag.py
[2022-01-16 22:39:15,029] {logging_mixin.py:109} INFO - [2022-01-16 22:39:15,029] {dag.py:2396} INFO - Sync 1 DAGs
[2022-01-16 22:39:15,036] {logging_mixin.py:109} INFO - [2022-01-16 22:39:15,036] {dag.py:2935} INFO - Setting next_dagrun for tutorial_etl_dag to None
[2022-01-16 22:39:15,042] {processor.py:171} INFO - Processing /usr/local/lib/python3.9/site-packages/airflow/example_dags/tutorial_etl_dag.py took 0.067 seconds
[2022-01-16 22:40:19,661] {processor.py:163} INFO - Started process (PID=27651) to work on /usr/local/lib/python3.9/site-packages/airflow/example_dags/tutorial_etl_dag.py
[2022-01-16 22:40:19,661] {processor.py:642} INFO - Processing file /usr/local/lib/python3.9/site-packages/airflow/example_dags/tutorial_etl_dag.py for tasks to queue
[2022-01-16 22:40:19,662] {logging_mixin.py:109} INFO - [2022-01-16 22:40:19,662] {dagbag.py:500} INFO - Filling up the DagBag from /usr/local/lib/python3.9/site-packages/airflow/example_dags/tutorial_etl_dag.py
[2022-01-16 22:40:19,717] {processor.py:654} INFO - DAG(s) dict_keys(['tutorial_etl_dag']) retrieved from /usr/local/lib/python3.9/site-packages/airflow/example_dags/tutorial_etl_dag.py
[2022-01-16 22:40:19,745] {logging_mixin.py:109} INFO - [2022-01-16 22:40:19,745] {dag.py:2396} INFO - Sync 1 DAGs
[2022-01-16 22:40:19,760] {logging_mixin.py:109} INFO - [2022-01-16 22:40:19,760] {dag.py:2935} INFO - Setting next_dagrun for tutorial_etl_dag to None
[2022-01-16 22:40:19,797] {processor.py:171} INFO - Processing /usr/local/lib/python3.9/site-packages/airflow/example_dags/tutorial_etl_dag.py took 0.136 seconds
[2022-01-16 22:41:27,909] {processor.py:163} INFO - Started process (PID=27786) to work on /usr/local/lib/python3.9/site-packages/airflow/example_dags/tutorial_etl_dag.py
[2022-01-16 22:41:27,910] {processor.py:642} INFO - Processing file /usr/local/lib/python3.9/site-packages/airflow/example_dags/tutorial_etl_dag.py for tasks to queue
[2022-01-16 22:41:27,910] {logging_mixin.py:109} INFO - [2022-01-16 22:41:27,910] {dagbag.py:500} INFO - Filling up the DagBag from /usr/local/lib/python3.9/site-packages/airflow/example_dags/tutorial_etl_dag.py
[2022-01-16 22:41:27,973] {processor.py:654} INFO - DAG(s) dict_keys(['tutorial_etl_dag']) retrieved from /usr/local/lib/python3.9/site-packages/airflow/example_dags/tutorial_etl_dag.py
[2022-01-16 22:41:27,996] {logging_mixin.py:109} INFO - [2022-01-16 22:41:27,995] {dag.py:2396} INFO - Sync 1 DAGs
[2022-01-16 22:41:28,006] {logging_mixin.py:109} INFO - [2022-01-16 22:41:28,006] {dag.py:2935} INFO - Setting next_dagrun for tutorial_etl_dag to None
[2022-01-16 22:41:28,014] {processor.py:171} INFO - Processing /usr/local/lib/python3.9/site-packages/airflow/example_dags/tutorial_etl_dag.py took 0.105 seconds
[2022-01-16 22:42:30,650] {processor.py:163} INFO - Started process (PID=27887) to work on /usr/local/lib/python3.9/site-packages/airflow/example_dags/tutorial_etl_dag.py
[2022-01-16 22:42:30,650] {processor.py:642} INFO - Processing file /usr/local/lib/python3.9/site-packages/airflow/example_dags/tutorial_etl_dag.py for tasks to queue
[2022-01-16 22:42:30,651] {logging_mixin.py:109} INFO - [2022-01-16 22:42:30,651] {dagbag.py:500} INFO - Filling up the DagBag from /usr/local/lib/python3.9/site-packages/airflow/example_dags/tutorial_etl_dag.py
[2022-01-16 22:42:30,690] {processor.py:654} INFO - DAG(s) dict_keys(['tutorial_etl_dag']) retrieved from /usr/local/lib/python3.9/site-packages/airflow/example_dags/tutorial_etl_dag.py
[2022-01-16 22:42:30,706] {logging_mixin.py:109} INFO - [2022-01-16 22:42:30,706] {dag.py:2396} INFO - Sync 1 DAGs
[2022-01-16 22:42:30,714] {logging_mixin.py:109} INFO - [2022-01-16 22:42:30,714] {dag.py:2935} INFO - Setting next_dagrun for tutorial_etl_dag to None
[2022-01-16 22:42:30,721] {processor.py:171} INFO - Processing /usr/local/lib/python3.9/site-packages/airflow/example_dags/tutorial_etl_dag.py took 0.071 seconds
[2022-01-16 22:43:36,836] {processor.py:163} INFO - Started process (PID=27935) to work on /usr/local/lib/python3.9/site-packages/airflow/example_dags/tutorial_etl_dag.py
[2022-01-16 22:43:36,836] {processor.py:642} INFO - Processing file /usr/local/lib/python3.9/site-packages/airflow/example_dags/tutorial_etl_dag.py for tasks to queue
[2022-01-16 22:43:36,836] {logging_mixin.py:109} INFO - [2022-01-16 22:43:36,836] {dagbag.py:500} INFO - Filling up the DagBag from /usr/local/lib/python3.9/site-packages/airflow/example_dags/tutorial_etl_dag.py
[2022-01-16 22:43:36,872] {processor.py:654} INFO - DAG(s) dict_keys(['tutorial_etl_dag']) retrieved from /usr/local/lib/python3.9/site-packages/airflow/example_dags/tutorial_etl_dag.py
[2022-01-16 22:43:36,886] {logging_mixin.py:109} INFO - [2022-01-16 22:43:36,886] {dag.py:2396} INFO - Sync 1 DAGs
[2022-01-16 22:43:36,893] {logging_mixin.py:109} INFO - [2022-01-16 22:43:36,893] {dag.py:2935} INFO - Setting next_dagrun for tutorial_etl_dag to None
[2022-01-16 22:43:36,900] {processor.py:171} INFO - Processing /usr/local/lib/python3.9/site-packages/airflow/example_dags/tutorial_etl_dag.py took 0.065 seconds
[2022-01-16 22:49:40,095] {processor.py:163} INFO - Started process (PID=28395) to work on /usr/local/lib/python3.9/site-packages/airflow/example_dags/tutorial_etl_dag.py
[2022-01-16 22:49:40,095] {processor.py:642} INFO - Processing file /usr/local/lib/python3.9/site-packages/airflow/example_dags/tutorial_etl_dag.py for tasks to queue
[2022-01-16 22:49:40,096] {logging_mixin.py:109} INFO - [2022-01-16 22:49:40,096] {dagbag.py:500} INFO - Filling up the DagBag from /usr/local/lib/python3.9/site-packages/airflow/example_dags/tutorial_etl_dag.py
[2022-01-16 22:49:40,161] {processor.py:654} INFO - DAG(s) dict_keys(['tutorial_etl_dag']) retrieved from /usr/local/lib/python3.9/site-packages/airflow/example_dags/tutorial_etl_dag.py
[2022-01-16 22:49:40,202] {logging_mixin.py:109} INFO - [2022-01-16 22:49:40,202] {dag.py:2396} INFO - Sync 1 DAGs
[2022-01-16 22:49:40,224] {logging_mixin.py:109} INFO - [2022-01-16 22:49:40,223] {dag.py:2935} INFO - Setting next_dagrun for tutorial_etl_dag to None
[2022-01-16 22:49:40,242] {processor.py:171} INFO - Processing /usr/local/lib/python3.9/site-packages/airflow/example_dags/tutorial_etl_dag.py took 0.148 seconds
[2022-01-16 22:51:10,809] {processor.py:163} INFO - Started process (PID=28440) to work on /usr/local/lib/python3.9/site-packages/airflow/example_dags/tutorial_etl_dag.py
[2022-01-16 22:51:10,810] {processor.py:642} INFO - Processing file /usr/local/lib/python3.9/site-packages/airflow/example_dags/tutorial_etl_dag.py for tasks to queue
[2022-01-16 22:51:10,810] {logging_mixin.py:109} INFO - [2022-01-16 22:51:10,810] {dagbag.py:500} INFO - Filling up the DagBag from /usr/local/lib/python3.9/site-packages/airflow/example_dags/tutorial_etl_dag.py
[2022-01-16 22:51:10,850] {processor.py:654} INFO - DAG(s) dict_keys(['tutorial_etl_dag']) retrieved from /usr/local/lib/python3.9/site-packages/airflow/example_dags/tutorial_etl_dag.py
[2022-01-16 22:51:10,866] {logging_mixin.py:109} INFO - [2022-01-16 22:51:10,866] {dag.py:2396} INFO - Sync 1 DAGs
[2022-01-16 22:51:10,875] {logging_mixin.py:109} INFO - [2022-01-16 22:51:10,875] {dag.py:2935} INFO - Setting next_dagrun for tutorial_etl_dag to None
[2022-01-16 22:51:10,884] {processor.py:171} INFO - Processing /usr/local/lib/python3.9/site-packages/airflow/example_dags/tutorial_etl_dag.py took 0.075 seconds
[2022-01-16 22:52:16,492] {processor.py:163} INFO - Started process (PID=28482) to work on /usr/local/lib/python3.9/site-packages/airflow/example_dags/tutorial_etl_dag.py
[2022-01-16 22:52:16,493] {processor.py:642} INFO - Processing file /usr/local/lib/python3.9/site-packages/airflow/example_dags/tutorial_etl_dag.py for tasks to queue
[2022-01-16 22:52:16,493] {logging_mixin.py:109} INFO - [2022-01-16 22:52:16,493] {dagbag.py:500} INFO - Filling up the DagBag from /usr/local/lib/python3.9/site-packages/airflow/example_dags/tutorial_etl_dag.py
[2022-01-16 22:52:16,534] {processor.py:654} INFO - DAG(s) dict_keys(['tutorial_etl_dag']) retrieved from /usr/local/lib/python3.9/site-packages/airflow/example_dags/tutorial_etl_dag.py
[2022-01-16 22:52:16,550] {logging_mixin.py:109} INFO - [2022-01-16 22:52:16,549] {dag.py:2396} INFO - Sync 1 DAGs
[2022-01-16 22:52:16,558] {logging_mixin.py:109} INFO - [2022-01-16 22:52:16,558] {dag.py:2935} INFO - Setting next_dagrun for tutorial_etl_dag to None
[2022-01-16 22:52:16,565] {processor.py:171} INFO - Processing /usr/local/lib/python3.9/site-packages/airflow/example_dags/tutorial_etl_dag.py took 0.073 seconds
[2022-01-16 22:53:30,640] {processor.py:163} INFO - Started process (PID=28557) to work on /usr/local/lib/python3.9/site-packages/airflow/example_dags/tutorial_etl_dag.py
[2022-01-16 22:53:30,640] {processor.py:642} INFO - Processing file /usr/local/lib/python3.9/site-packages/airflow/example_dags/tutorial_etl_dag.py for tasks to queue
[2022-01-16 22:53:30,640] {logging_mixin.py:109} INFO - [2022-01-16 22:53:30,640] {dagbag.py:500} INFO - Filling up the DagBag from /usr/local/lib/python3.9/site-packages/airflow/example_dags/tutorial_etl_dag.py
[2022-01-16 22:53:30,705] {processor.py:654} INFO - DAG(s) dict_keys(['tutorial_etl_dag']) retrieved from /usr/local/lib/python3.9/site-packages/airflow/example_dags/tutorial_etl_dag.py
[2022-01-16 22:53:30,728] {logging_mixin.py:109} INFO - [2022-01-16 22:53:30,727] {dag.py:2396} INFO - Sync 1 DAGs
[2022-01-16 22:53:30,740] {logging_mixin.py:109} INFO - [2022-01-16 22:53:30,740] {dag.py:2935} INFO - Setting next_dagrun for tutorial_etl_dag to None
[2022-01-16 22:53:30,748] {processor.py:171} INFO - Processing /usr/local/lib/python3.9/site-packages/airflow/example_dags/tutorial_etl_dag.py took 0.109 seconds
