[2022-01-16 22:45:44,121] {taskinstance.py:1032} INFO - Dependencies all met for <TaskInstance: tutorial.print_date manual__2022-01-17T01:45:04.388185+00:00 [queued]>
[2022-01-16 22:45:44,125] {taskinstance.py:1032} INFO - Dependencies all met for <TaskInstance: tutorial.print_date manual__2022-01-17T01:45:04.388185+00:00 [queued]>
[2022-01-16 22:45:44,126] {taskinstance.py:1238} INFO - 
--------------------------------------------------------------------------------
[2022-01-16 22:45:44,126] {taskinstance.py:1239} INFO - Starting attempt 1 of 2
[2022-01-16 22:45:44,126] {taskinstance.py:1240} INFO - 
--------------------------------------------------------------------------------
[2022-01-16 22:45:44,135] {taskinstance.py:1259} INFO - Executing <Task(BashOperator): print_date> on 2022-01-17 01:45:04.388185+00:00
[2022-01-16 22:45:44,137] {standard_task_runner.py:52} INFO - Started process 28146 to run task
[2022-01-16 22:45:44,142] {standard_task_runner.py:76} INFO - Running: ['airflow', 'tasks', 'run', 'tutorial', 'print_date', 'manual__2022-01-17T01:45:04.388185+00:00', '--job-id', '5', '--raw', '--subdir', 'DAGS_FOLDER/scrapping.py', '--cfg-path', '/var/folders/mm/k1kps8kd6vz926ggdf5crlr80000gn/T/tmpr6iqxcjl', '--error-file', '/var/folders/mm/k1kps8kd6vz926ggdf5crlr80000gn/T/tmpuq5d7t81']
[2022-01-16 22:45:44,145] {standard_task_runner.py:77} INFO - Job 5: Subtask print_date
[2022-01-16 22:45:49,183] {logging_mixin.py:109} INFO - Running <TaskInstance: tutorial.print_date manual__2022-01-17T01:45:04.388185+00:00 [running]> on host Germans-MacBook-Pro.local
[2022-01-16 22:45:54,222] {taskinstance.py:1424} INFO - Exporting the following env vars:
AIRFLOW_CTX_DAG_EMAIL=airflow@example.com
AIRFLOW_CTX_DAG_OWNER=airflow
AIRFLOW_CTX_DAG_ID=tutorial
AIRFLOW_CTX_TASK_ID=print_date
AIRFLOW_CTX_EXECUTION_DATE=2022-01-17T01:45:04.388185+00:00
AIRFLOW_CTX_DAG_RUN_ID=manual__2022-01-17T01:45:04.388185+00:00
[2022-01-16 22:45:54,223] {subprocess.py:62} INFO - Tmp dir root location: 
 /var/folders/mm/k1kps8kd6vz926ggdf5crlr80000gn/T
[2022-01-16 22:45:54,224] {subprocess.py:74} INFO - Running command: ['bash', '-c', 'date']
[2022-01-16 22:45:54,231] {subprocess.py:85} INFO - Output:
[2022-01-16 22:45:54,236] {subprocess.py:89} INFO - Sun Jan 16 22:45:54 -03 2022
[2022-01-16 22:45:54,237] {subprocess.py:93} INFO - Command exited with return code 0
[2022-01-16 22:45:54,254] {taskinstance.py:1267} INFO - Marking task as SUCCESS. dag_id=tutorial, task_id=print_date, execution_date=20220117T014504, start_date=20220117T014544, end_date=20220117T014554
[2022-01-16 22:45:54,310] {local_task_job.py:154} INFO - Task exited with return code 0
[2022-01-16 22:45:54,330] {local_task_job.py:264} INFO - 2 downstream tasks scheduled from follow-on schedule check
