[2022-01-16 22:28:30,269] {processor.py:163} INFO - Started process (PID=26823) to work on /usr/local/lib/python3.9/site-packages/airflow/example_dags/plugins/workday.py
[2022-01-16 22:28:30,269] {processor.py:642} INFO - Processing file /usr/local/lib/python3.9/site-packages/airflow/example_dags/plugins/workday.py for tasks to queue
[2022-01-16 22:28:30,271] {logging_mixin.py:109} INFO - [2022-01-16 22:28:30,271] {dagbag.py:500} INFO - Filling up the DagBag from /usr/local/lib/python3.9/site-packages/airflow/example_dags/plugins/workday.py
[2022-01-16 22:28:30,321] {processor.py:656} WARNING - No viable dags retrieved from /usr/local/lib/python3.9/site-packages/airflow/example_dags/plugins/workday.py
[2022-01-16 22:28:30,329] {processor.py:171} INFO - Processing /usr/local/lib/python3.9/site-packages/airflow/example_dags/plugins/workday.py took 0.061 seconds
[2022-01-16 22:30:04,573] {processor.py:163} INFO - Started process (PID=26997) to work on /usr/local/lib/python3.9/site-packages/airflow/example_dags/plugins/workday.py
[2022-01-16 22:30:04,573] {processor.py:642} INFO - Processing file /usr/local/lib/python3.9/site-packages/airflow/example_dags/plugins/workday.py for tasks to queue
[2022-01-16 22:30:04,574] {logging_mixin.py:109} INFO - [2022-01-16 22:30:04,573] {dagbag.py:500} INFO - Filling up the DagBag from /usr/local/lib/python3.9/site-packages/airflow/example_dags/plugins/workday.py
[2022-01-16 22:30:04,599] {processor.py:656} WARNING - No viable dags retrieved from /usr/local/lib/python3.9/site-packages/airflow/example_dags/plugins/workday.py
[2022-01-16 22:30:04,601] {processor.py:171} INFO - Processing /usr/local/lib/python3.9/site-packages/airflow/example_dags/plugins/workday.py took 0.029 seconds
[2022-01-16 22:30:58,994] {processor.py:163} INFO - Started process (PID=27026) to work on /usr/local/lib/python3.9/site-packages/airflow/example_dags/plugins/workday.py
[2022-01-16 22:30:58,994] {processor.py:642} INFO - Processing file /usr/local/lib/python3.9/site-packages/airflow/example_dags/plugins/workday.py for tasks to queue
[2022-01-16 22:30:58,995] {logging_mixin.py:109} INFO - [2022-01-16 22:30:58,995] {dagbag.py:500} INFO - Filling up the DagBag from /usr/local/lib/python3.9/site-packages/airflow/example_dags/plugins/workday.py
[2022-01-16 22:30:59,019] {processor.py:656} WARNING - No viable dags retrieved from /usr/local/lib/python3.9/site-packages/airflow/example_dags/plugins/workday.py
[2022-01-16 22:30:59,020] {processor.py:171} INFO - Processing /usr/local/lib/python3.9/site-packages/airflow/example_dags/plugins/workday.py took 0.027 seconds
[2022-01-16 22:31:53,012] {processor.py:163} INFO - Started process (PID=27054) to work on /usr/local/lib/python3.9/site-packages/airflow/example_dags/plugins/workday.py
[2022-01-16 22:31:53,013] {processor.py:642} INFO - Processing file /usr/local/lib/python3.9/site-packages/airflow/example_dags/plugins/workday.py for tasks to queue
[2022-01-16 22:31:53,013] {logging_mixin.py:109} INFO - [2022-01-16 22:31:53,013] {dagbag.py:500} INFO - Filling up the DagBag from /usr/local/lib/python3.9/site-packages/airflow/example_dags/plugins/workday.py
[2022-01-16 22:31:53,040] {processor.py:656} WARNING - No viable dags retrieved from /usr/local/lib/python3.9/site-packages/airflow/example_dags/plugins/workday.py
[2022-01-16 22:31:53,042] {processor.py:171} INFO - Processing /usr/local/lib/python3.9/site-packages/airflow/example_dags/plugins/workday.py took 0.031 seconds
[2022-01-16 22:32:46,559] {processor.py:163} INFO - Started process (PID=27082) to work on /usr/local/lib/python3.9/site-packages/airflow/example_dags/plugins/workday.py
[2022-01-16 22:32:46,559] {processor.py:642} INFO - Processing file /usr/local/lib/python3.9/site-packages/airflow/example_dags/plugins/workday.py for tasks to queue
[2022-01-16 22:32:46,559] {logging_mixin.py:109} INFO - [2022-01-16 22:32:46,559] {dagbag.py:500} INFO - Filling up the DagBag from /usr/local/lib/python3.9/site-packages/airflow/example_dags/plugins/workday.py
[2022-01-16 22:32:46,582] {processor.py:656} WARNING - No viable dags retrieved from /usr/local/lib/python3.9/site-packages/airflow/example_dags/plugins/workday.py
[2022-01-16 22:32:46,583] {processor.py:171} INFO - Processing /usr/local/lib/python3.9/site-packages/airflow/example_dags/plugins/workday.py took 0.025 seconds
[2022-01-16 22:33:39,835] {processor.py:163} INFO - Started process (PID=27115) to work on /usr/local/lib/python3.9/site-packages/airflow/example_dags/plugins/workday.py
[2022-01-16 22:33:39,835] {processor.py:642} INFO - Processing file /usr/local/lib/python3.9/site-packages/airflow/example_dags/plugins/workday.py for tasks to queue
[2022-01-16 22:33:39,836] {logging_mixin.py:109} INFO - [2022-01-16 22:33:39,836] {dagbag.py:500} INFO - Filling up the DagBag from /usr/local/lib/python3.9/site-packages/airflow/example_dags/plugins/workday.py
[2022-01-16 22:33:39,856] {processor.py:656} WARNING - No viable dags retrieved from /usr/local/lib/python3.9/site-packages/airflow/example_dags/plugins/workday.py
[2022-01-16 22:33:39,857] {processor.py:171} INFO - Processing /usr/local/lib/python3.9/site-packages/airflow/example_dags/plugins/workday.py took 0.023 seconds
[2022-01-16 22:34:35,225] {processor.py:163} INFO - Started process (PID=27185) to work on /usr/local/lib/python3.9/site-packages/airflow/example_dags/plugins/workday.py
[2022-01-16 22:34:35,226] {processor.py:642} INFO - Processing file /usr/local/lib/python3.9/site-packages/airflow/example_dags/plugins/workday.py for tasks to queue
[2022-01-16 22:34:35,226] {logging_mixin.py:109} INFO - [2022-01-16 22:34:35,226] {dagbag.py:500} INFO - Filling up the DagBag from /usr/local/lib/python3.9/site-packages/airflow/example_dags/plugins/workday.py
[2022-01-16 22:34:35,274] {processor.py:656} WARNING - No viable dags retrieved from /usr/local/lib/python3.9/site-packages/airflow/example_dags/plugins/workday.py
[2022-01-16 22:34:35,276] {processor.py:171} INFO - Processing /usr/local/lib/python3.9/site-packages/airflow/example_dags/plugins/workday.py took 0.052 seconds
[2022-01-16 22:35:26,500] {processor.py:163} INFO - Started process (PID=27301) to work on /usr/local/lib/python3.9/site-packages/airflow/example_dags/plugins/workday.py
[2022-01-16 22:35:26,500] {processor.py:642} INFO - Processing file /usr/local/lib/python3.9/site-packages/airflow/example_dags/plugins/workday.py for tasks to queue
[2022-01-16 22:35:26,500] {logging_mixin.py:109} INFO - [2022-01-16 22:35:26,500] {dagbag.py:500} INFO - Filling up the DagBag from /usr/local/lib/python3.9/site-packages/airflow/example_dags/plugins/workday.py
[2022-01-16 22:35:26,523] {processor.py:656} WARNING - No viable dags retrieved from /usr/local/lib/python3.9/site-packages/airflow/example_dags/plugins/workday.py
[2022-01-16 22:35:26,524] {processor.py:171} INFO - Processing /usr/local/lib/python3.9/site-packages/airflow/example_dags/plugins/workday.py took 0.025 seconds
[2022-01-16 22:36:14,150] {processor.py:163} INFO - Started process (PID=27327) to work on /usr/local/lib/python3.9/site-packages/airflow/example_dags/plugins/workday.py
[2022-01-16 22:36:14,150] {processor.py:642} INFO - Processing file /usr/local/lib/python3.9/site-packages/airflow/example_dags/plugins/workday.py for tasks to queue
[2022-01-16 22:36:14,151] {logging_mixin.py:109} INFO - [2022-01-16 22:36:14,151] {dagbag.py:500} INFO - Filling up the DagBag from /usr/local/lib/python3.9/site-packages/airflow/example_dags/plugins/workday.py
[2022-01-16 22:36:14,174] {processor.py:656} WARNING - No viable dags retrieved from /usr/local/lib/python3.9/site-packages/airflow/example_dags/plugins/workday.py
[2022-01-16 22:36:14,175] {processor.py:171} INFO - Processing /usr/local/lib/python3.9/site-packages/airflow/example_dags/plugins/workday.py took 0.026 seconds
[2022-01-16 22:37:08,287] {processor.py:163} INFO - Started process (PID=27381) to work on /usr/local/lib/python3.9/site-packages/airflow/example_dags/plugins/workday.py
[2022-01-16 22:37:08,288] {processor.py:642} INFO - Processing file /usr/local/lib/python3.9/site-packages/airflow/example_dags/plugins/workday.py for tasks to queue
[2022-01-16 22:37:08,288] {logging_mixin.py:109} INFO - [2022-01-16 22:37:08,288] {dagbag.py:500} INFO - Filling up the DagBag from /usr/local/lib/python3.9/site-packages/airflow/example_dags/plugins/workday.py
[2022-01-16 22:37:08,320] {processor.py:656} WARNING - No viable dags retrieved from /usr/local/lib/python3.9/site-packages/airflow/example_dags/plugins/workday.py
[2022-01-16 22:37:08,321] {processor.py:171} INFO - Processing /usr/local/lib/python3.9/site-packages/airflow/example_dags/plugins/workday.py took 0.035 seconds
[2022-01-16 22:38:05,861] {processor.py:163} INFO - Started process (PID=27508) to work on /usr/local/lib/python3.9/site-packages/airflow/example_dags/plugins/workday.py
[2022-01-16 22:38:05,861] {processor.py:642} INFO - Processing file /usr/local/lib/python3.9/site-packages/airflow/example_dags/plugins/workday.py for tasks to queue
[2022-01-16 22:38:05,862] {logging_mixin.py:109} INFO - [2022-01-16 22:38:05,862] {dagbag.py:500} INFO - Filling up the DagBag from /usr/local/lib/python3.9/site-packages/airflow/example_dags/plugins/workday.py
[2022-01-16 22:38:05,890] {processor.py:656} WARNING - No viable dags retrieved from /usr/local/lib/python3.9/site-packages/airflow/example_dags/plugins/workday.py
[2022-01-16 22:38:05,892] {processor.py:171} INFO - Processing /usr/local/lib/python3.9/site-packages/airflow/example_dags/plugins/workday.py took 0.031 seconds
[2022-01-16 22:39:04,949] {processor.py:163} INFO - Started process (PID=27570) to work on /usr/local/lib/python3.9/site-packages/airflow/example_dags/plugins/workday.py
[2022-01-16 22:39:04,950] {processor.py:642} INFO - Processing file /usr/local/lib/python3.9/site-packages/airflow/example_dags/plugins/workday.py for tasks to queue
[2022-01-16 22:39:04,950] {logging_mixin.py:109} INFO - [2022-01-16 22:39:04,950] {dagbag.py:500} INFO - Filling up the DagBag from /usr/local/lib/python3.9/site-packages/airflow/example_dags/plugins/workday.py
[2022-01-16 22:39:04,976] {processor.py:656} WARNING - No viable dags retrieved from /usr/local/lib/python3.9/site-packages/airflow/example_dags/plugins/workday.py
[2022-01-16 22:39:04,977] {processor.py:171} INFO - Processing /usr/local/lib/python3.9/site-packages/airflow/example_dags/plugins/workday.py took 0.029 seconds
[2022-01-16 22:40:11,001] {processor.py:163} INFO - Started process (PID=27633) to work on /usr/local/lib/python3.9/site-packages/airflow/example_dags/plugins/workday.py
[2022-01-16 22:40:11,001] {processor.py:642} INFO - Processing file /usr/local/lib/python3.9/site-packages/airflow/example_dags/plugins/workday.py for tasks to queue
[2022-01-16 22:40:11,001] {logging_mixin.py:109} INFO - [2022-01-16 22:40:11,001] {dagbag.py:500} INFO - Filling up the DagBag from /usr/local/lib/python3.9/site-packages/airflow/example_dags/plugins/workday.py
[2022-01-16 22:40:11,032] {processor.py:656} WARNING - No viable dags retrieved from /usr/local/lib/python3.9/site-packages/airflow/example_dags/plugins/workday.py
[2022-01-16 22:40:11,033] {processor.py:171} INFO - Processing /usr/local/lib/python3.9/site-packages/airflow/example_dags/plugins/workday.py took 0.033 seconds
[2022-01-16 22:41:17,758] {processor.py:163} INFO - Started process (PID=27767) to work on /usr/local/lib/python3.9/site-packages/airflow/example_dags/plugins/workday.py
[2022-01-16 22:41:17,759] {processor.py:642} INFO - Processing file /usr/local/lib/python3.9/site-packages/airflow/example_dags/plugins/workday.py for tasks to queue
[2022-01-16 22:41:17,760] {logging_mixin.py:109} INFO - [2022-01-16 22:41:17,760] {dagbag.py:500} INFO - Filling up the DagBag from /usr/local/lib/python3.9/site-packages/airflow/example_dags/plugins/workday.py
[2022-01-16 22:41:17,811] {processor.py:656} WARNING - No viable dags retrieved from /usr/local/lib/python3.9/site-packages/airflow/example_dags/plugins/workday.py
[2022-01-16 22:41:17,813] {processor.py:171} INFO - Processing /usr/local/lib/python3.9/site-packages/airflow/example_dags/plugins/workday.py took 0.056 seconds
[2022-01-16 22:42:20,998] {processor.py:163} INFO - Started process (PID=27871) to work on /usr/local/lib/python3.9/site-packages/airflow/example_dags/plugins/workday.py
[2022-01-16 22:42:21,000] {processor.py:642} INFO - Processing file /usr/local/lib/python3.9/site-packages/airflow/example_dags/plugins/workday.py for tasks to queue
[2022-01-16 22:42:21,000] {logging_mixin.py:109} INFO - [2022-01-16 22:42:21,000] {dagbag.py:500} INFO - Filling up the DagBag from /usr/local/lib/python3.9/site-packages/airflow/example_dags/plugins/workday.py
[2022-01-16 22:42:21,026] {processor.py:656} WARNING - No viable dags retrieved from /usr/local/lib/python3.9/site-packages/airflow/example_dags/plugins/workday.py
[2022-01-16 22:42:21,028] {processor.py:171} INFO - Processing /usr/local/lib/python3.9/site-packages/airflow/example_dags/plugins/workday.py took 0.030 seconds
[2022-01-16 22:43:26,947] {processor.py:163} INFO - Started process (PID=27922) to work on /usr/local/lib/python3.9/site-packages/airflow/example_dags/plugins/workday.py
[2022-01-16 22:43:26,950] {processor.py:642} INFO - Processing file /usr/local/lib/python3.9/site-packages/airflow/example_dags/plugins/workday.py for tasks to queue
[2022-01-16 22:43:26,951] {logging_mixin.py:109} INFO - [2022-01-16 22:43:26,951] {dagbag.py:500} INFO - Filling up the DagBag from /usr/local/lib/python3.9/site-packages/airflow/example_dags/plugins/workday.py
[2022-01-16 22:43:26,983] {processor.py:656} WARNING - No viable dags retrieved from /usr/local/lib/python3.9/site-packages/airflow/example_dags/plugins/workday.py
[2022-01-16 22:43:26,984] {processor.py:171} INFO - Processing /usr/local/lib/python3.9/site-packages/airflow/example_dags/plugins/workday.py took 0.038 seconds
[2022-01-16 22:49:31,471] {processor.py:163} INFO - Started process (PID=28391) to work on /usr/local/lib/python3.9/site-packages/airflow/example_dags/plugins/workday.py
[2022-01-16 22:49:31,472] {processor.py:642} INFO - Processing file /usr/local/lib/python3.9/site-packages/airflow/example_dags/plugins/workday.py for tasks to queue
[2022-01-16 22:49:31,472] {logging_mixin.py:109} INFO - [2022-01-16 22:49:31,472] {dagbag.py:500} INFO - Filling up the DagBag from /usr/local/lib/python3.9/site-packages/airflow/example_dags/plugins/workday.py
[2022-01-16 22:49:31,495] {processor.py:656} WARNING - No viable dags retrieved from /usr/local/lib/python3.9/site-packages/airflow/example_dags/plugins/workday.py
[2022-01-16 22:49:31,496] {processor.py:171} INFO - Processing /usr/local/lib/python3.9/site-packages/airflow/example_dags/plugins/workday.py took 0.025 seconds
[2022-01-16 22:51:02,431] {processor.py:163} INFO - Started process (PID=28436) to work on /usr/local/lib/python3.9/site-packages/airflow/example_dags/plugins/workday.py
[2022-01-16 22:51:02,431] {processor.py:642} INFO - Processing file /usr/local/lib/python3.9/site-packages/airflow/example_dags/plugins/workday.py for tasks to queue
[2022-01-16 22:51:02,432] {logging_mixin.py:109} INFO - [2022-01-16 22:51:02,432] {dagbag.py:500} INFO - Filling up the DagBag from /usr/local/lib/python3.9/site-packages/airflow/example_dags/plugins/workday.py
[2022-01-16 22:51:02,458] {processor.py:656} WARNING - No viable dags retrieved from /usr/local/lib/python3.9/site-packages/airflow/example_dags/plugins/workday.py
[2022-01-16 22:51:02,459] {processor.py:171} INFO - Processing /usr/local/lib/python3.9/site-packages/airflow/example_dags/plugins/workday.py took 0.028 seconds
[2022-01-16 22:52:06,637] {processor.py:163} INFO - Started process (PID=28474) to work on /usr/local/lib/python3.9/site-packages/airflow/example_dags/plugins/workday.py
[2022-01-16 22:52:06,637] {processor.py:642} INFO - Processing file /usr/local/lib/python3.9/site-packages/airflow/example_dags/plugins/workday.py for tasks to queue
[2022-01-16 22:52:06,637] {logging_mixin.py:109} INFO - [2022-01-16 22:52:06,637] {dagbag.py:500} INFO - Filling up the DagBag from /usr/local/lib/python3.9/site-packages/airflow/example_dags/plugins/workday.py
[2022-01-16 22:52:06,665] {processor.py:656} WARNING - No viable dags retrieved from /usr/local/lib/python3.9/site-packages/airflow/example_dags/plugins/workday.py
[2022-01-16 22:52:06,667] {processor.py:171} INFO - Processing /usr/local/lib/python3.9/site-packages/airflow/example_dags/plugins/workday.py took 0.031 seconds
[2022-01-16 22:53:20,477] {processor.py:163} INFO - Started process (PID=28551) to work on /usr/local/lib/python3.9/site-packages/airflow/example_dags/plugins/workday.py
[2022-01-16 22:53:20,478] {processor.py:642} INFO - Processing file /usr/local/lib/python3.9/site-packages/airflow/example_dags/plugins/workday.py for tasks to queue
[2022-01-16 22:53:20,478] {logging_mixin.py:109} INFO - [2022-01-16 22:53:20,478] {dagbag.py:500} INFO - Filling up the DagBag from /usr/local/lib/python3.9/site-packages/airflow/example_dags/plugins/workday.py
[2022-01-16 22:53:20,502] {processor.py:656} WARNING - No viable dags retrieved from /usr/local/lib/python3.9/site-packages/airflow/example_dags/plugins/workday.py
[2022-01-16 22:53:20,504] {processor.py:171} INFO - Processing /usr/local/lib/python3.9/site-packages/airflow/example_dags/plugins/workday.py took 0.027 seconds
