[2022-01-16 22:47:17,940] {taskinstance.py:1032} INFO - Dependencies all met for <TaskInstance: tutorial.sleep manual__2022-01-17T01:44:25.999662+00:00 [queued]>
[2022-01-16 22:47:17,946] {taskinstance.py:1032} INFO - Dependencies all met for <TaskInstance: tutorial.sleep manual__2022-01-17T01:44:25.999662+00:00 [queued]>
[2022-01-16 22:47:17,946] {taskinstance.py:1238} INFO - 
--------------------------------------------------------------------------------
[2022-01-16 22:47:17,946] {taskinstance.py:1239} INFO - Starting attempt 1 of 4
[2022-01-16 22:47:17,946] {taskinstance.py:1240} INFO - 
--------------------------------------------------------------------------------
[2022-01-16 22:47:17,954] {taskinstance.py:1259} INFO - Executing <Task(BashOperator): sleep> on 2022-01-17 01:44:25.999662+00:00
[2022-01-16 22:47:17,957] {standard_task_runner.py:52} INFO - Started process 28261 to run task
[2022-01-16 22:47:17,962] {standard_task_runner.py:76} INFO - Running: ['airflow', 'tasks', 'run', 'tutorial', 'sleep', 'manual__2022-01-17T01:44:25.999662+00:00', '--job-id', '8', '--raw', '--subdir', 'DAGS_FOLDER/scrapping.py', '--cfg-path', '/var/folders/mm/k1kps8kd6vz926ggdf5crlr80000gn/T/tmpt_oq2vbq', '--error-file', '/var/folders/mm/k1kps8kd6vz926ggdf5crlr80000gn/T/tmpmzuij865']
[2022-01-16 22:47:17,964] {standard_task_runner.py:77} INFO - Job 8: Subtask sleep
[2022-01-16 22:47:23,006] {logging_mixin.py:109} INFO - Running <TaskInstance: tutorial.sleep manual__2022-01-17T01:44:25.999662+00:00 [running]> on host Germans-MacBook-Pro.local
[2022-01-16 22:47:28,038] {taskinstance.py:1424} INFO - Exporting the following env vars:
AIRFLOW_CTX_DAG_EMAIL=airflow@example.com
AIRFLOW_CTX_DAG_OWNER=airflow
AIRFLOW_CTX_DAG_ID=tutorial
AIRFLOW_CTX_TASK_ID=sleep
AIRFLOW_CTX_EXECUTION_DATE=2022-01-17T01:44:25.999662+00:00
AIRFLOW_CTX_DAG_RUN_ID=manual__2022-01-17T01:44:25.999662+00:00
[2022-01-16 22:47:28,040] {subprocess.py:62} INFO - Tmp dir root location: 
 /var/folders/mm/k1kps8kd6vz926ggdf5crlr80000gn/T
[2022-01-16 22:47:28,040] {subprocess.py:74} INFO - Running command: ['bash', '-c', 'sleep 5']
[2022-01-16 22:47:28,046] {subprocess.py:85} INFO - Output:
[2022-01-16 22:47:33,054] {subprocess.py:93} INFO - Command exited with return code 0
[2022-01-16 22:47:33,074] {taskinstance.py:1267} INFO - Marking task as SUCCESS. dag_id=tutorial, task_id=sleep, execution_date=20220117T014425, start_date=20220117T014717, end_date=20220117T014733
[2022-01-16 22:47:38,045] {local_task_job.py:154} INFO - Task exited with return code 0
[2022-01-16 22:47:38,067] {local_task_job.py:264} INFO - 0 downstream tasks scheduled from follow-on schedule check
