[2022-01-16 22:49:10,905] {taskinstance.py:1032} INFO - Dependencies all met for <TaskInstance: tutorial.templated manual__2022-01-17T01:45:04.388185+00:00 [queued]>
[2022-01-16 22:49:10,912] {taskinstance.py:1032} INFO - Dependencies all met for <TaskInstance: tutorial.templated manual__2022-01-17T01:45:04.388185+00:00 [queued]>
[2022-01-16 22:49:10,912] {taskinstance.py:1238} INFO - 
--------------------------------------------------------------------------------
[2022-01-16 22:49:10,912] {taskinstance.py:1239} INFO - Starting attempt 1 of 2
[2022-01-16 22:49:10,912] {taskinstance.py:1240} INFO - 
--------------------------------------------------------------------------------
[2022-01-16 22:49:10,920] {taskinstance.py:1259} INFO - Executing <Task(BashOperator): templated> on 2022-01-17 01:45:04.388185+00:00
[2022-01-16 22:49:10,922] {standard_task_runner.py:52} INFO - Started process 28363 to run task
[2022-01-16 22:49:10,930] {standard_task_runner.py:76} INFO - Running: ['airflow', 'tasks', 'run', 'tutorial', 'templated', 'manual__2022-01-17T01:45:04.388185+00:00', '--job-id', '11', '--raw', '--subdir', 'DAGS_FOLDER/scrapping.py', '--cfg-path', '/var/folders/mm/k1kps8kd6vz926ggdf5crlr80000gn/T/tmplz4n6j5p', '--error-file', '/var/folders/mm/k1kps8kd6vz926ggdf5crlr80000gn/T/tmp9uka4s_o']
[2022-01-16 22:49:10,932] {standard_task_runner.py:77} INFO - Job 11: Subtask templated
[2022-01-16 22:49:15,979] {logging_mixin.py:109} INFO - Running <TaskInstance: tutorial.templated manual__2022-01-17T01:45:04.388185+00:00 [running]> on host Germans-MacBook-Pro.local
[2022-01-16 22:49:21,035] {taskinstance.py:1424} INFO - Exporting the following env vars:
AIRFLOW_CTX_DAG_EMAIL=airflow@example.com
AIRFLOW_CTX_DAG_OWNER=airflow
AIRFLOW_CTX_DAG_ID=tutorial
AIRFLOW_CTX_TASK_ID=templated
AIRFLOW_CTX_EXECUTION_DATE=2022-01-17T01:45:04.388185+00:00
AIRFLOW_CTX_DAG_RUN_ID=manual__2022-01-17T01:45:04.388185+00:00
[2022-01-16 22:49:21,036] {subprocess.py:62} INFO - Tmp dir root location: 
 /var/folders/mm/k1kps8kd6vz926ggdf5crlr80000gn/T
[2022-01-16 22:49:21,036] {subprocess.py:74} INFO - Running command: ['bash', '-c', '\n\n    echo "2022-01-17"\n    echo "2022-01-24"\n    echo "Parameter I passed in"\n\n    echo "2022-01-17"\n    echo "2022-01-24"\n    echo "Parameter I passed in"\n\n    echo "2022-01-17"\n    echo "2022-01-24"\n    echo "Parameter I passed in"\n\n    echo "2022-01-17"\n    echo "2022-01-24"\n    echo "Parameter I passed in"\n\n    echo "2022-01-17"\n    echo "2022-01-24"\n    echo "Parameter I passed in"\n']
[2022-01-16 22:49:21,045] {subprocess.py:85} INFO - Output:
[2022-01-16 22:49:21,048] {subprocess.py:89} INFO - 2022-01-17
[2022-01-16 22:49:21,048] {subprocess.py:89} INFO - 2022-01-24
[2022-01-16 22:49:21,049] {subprocess.py:89} INFO - Parameter I passed in
[2022-01-16 22:49:21,049] {subprocess.py:89} INFO - 2022-01-17
[2022-01-16 22:49:21,049] {subprocess.py:89} INFO - 2022-01-24
[2022-01-16 22:49:21,050] {subprocess.py:89} INFO - Parameter I passed in
[2022-01-16 22:49:21,050] {subprocess.py:89} INFO - 2022-01-17
[2022-01-16 22:49:21,051] {subprocess.py:89} INFO - 2022-01-24
[2022-01-16 22:49:21,051] {subprocess.py:89} INFO - Parameter I passed in
[2022-01-16 22:49:21,052] {subprocess.py:89} INFO - 2022-01-17
[2022-01-16 22:49:21,052] {subprocess.py:89} INFO - 2022-01-24
[2022-01-16 22:49:21,052] {subprocess.py:89} INFO - Parameter I passed in
[2022-01-16 22:49:21,052] {subprocess.py:89} INFO - 2022-01-17
[2022-01-16 22:49:21,053] {subprocess.py:89} INFO - 2022-01-24
[2022-01-16 22:49:21,053] {subprocess.py:89} INFO - Parameter I passed in
[2022-01-16 22:49:21,054] {subprocess.py:93} INFO - Command exited with return code 0
[2022-01-16 22:49:21,071] {taskinstance.py:1267} INFO - Marking task as SUCCESS. dag_id=tutorial, task_id=templated, execution_date=20220117T014504, start_date=20220117T014910, end_date=20220117T014921
[2022-01-16 22:49:21,098] {local_task_job.py:154} INFO - Task exited with return code 0
[2022-01-16 22:49:21,114] {local_task_job.py:264} INFO - 0 downstream tasks scheduled from follow-on schedule check
