[2022-01-16 22:46:49,710] {taskinstance.py:1032} INFO - Dependencies all met for <TaskInstance: tutorial.templated scheduled__2022-01-16T01:43:39.661706+00:00 [queued]>
[2022-01-16 22:46:49,715] {taskinstance.py:1032} INFO - Dependencies all met for <TaskInstance: tutorial.templated scheduled__2022-01-16T01:43:39.661706+00:00 [queued]>
[2022-01-16 22:46:49,715] {taskinstance.py:1238} INFO - 
--------------------------------------------------------------------------------
[2022-01-16 22:46:49,715] {taskinstance.py:1239} INFO - Starting attempt 1 of 2
[2022-01-16 22:46:49,715] {taskinstance.py:1240} INFO - 
--------------------------------------------------------------------------------
[2022-01-16 22:46:49,724] {taskinstance.py:1259} INFO - Executing <Task(BashOperator): templated> on 2022-01-16 01:43:39.661706+00:00
[2022-01-16 22:46:49,726] {standard_task_runner.py:52} INFO - Started process 28192 to run task
[2022-01-16 22:46:49,730] {standard_task_runner.py:76} INFO - Running: ['airflow', 'tasks', 'run', 'tutorial', 'templated', 'scheduled__2022-01-16T01:43:39.661706+00:00', '--job-id', '7', '--raw', '--subdir', 'DAGS_FOLDER/scrapping.py', '--cfg-path', '/var/folders/mm/k1kps8kd6vz926ggdf5crlr80000gn/T/tmpm4vb7xkp', '--error-file', '/var/folders/mm/k1kps8kd6vz926ggdf5crlr80000gn/T/tmpd211b5qr']
[2022-01-16 22:46:49,732] {standard_task_runner.py:77} INFO - Job 7: Subtask templated
[2022-01-16 22:46:54,766] {logging_mixin.py:109} INFO - Running <TaskInstance: tutorial.templated scheduled__2022-01-16T01:43:39.661706+00:00 [running]> on host Germans-MacBook-Pro.local
[2022-01-16 22:46:59,812] {taskinstance.py:1424} INFO - Exporting the following env vars:
AIRFLOW_CTX_DAG_EMAIL=airflow@example.com
AIRFLOW_CTX_DAG_OWNER=airflow
AIRFLOW_CTX_DAG_ID=tutorial
AIRFLOW_CTX_TASK_ID=templated
AIRFLOW_CTX_EXECUTION_DATE=2022-01-16T01:43:39.661706+00:00
AIRFLOW_CTX_DAG_RUN_ID=scheduled__2022-01-16T01:43:39.661706+00:00
[2022-01-16 22:46:59,813] {subprocess.py:62} INFO - Tmp dir root location: 
 /var/folders/mm/k1kps8kd6vz926ggdf5crlr80000gn/T
[2022-01-16 22:46:59,813] {subprocess.py:74} INFO - Running command: ['bash', '-c', '\n\n    echo "2022-01-16"\n    echo "2022-01-23"\n    echo "Parameter I passed in"\n\n    echo "2022-01-16"\n    echo "2022-01-23"\n    echo "Parameter I passed in"\n\n    echo "2022-01-16"\n    echo "2022-01-23"\n    echo "Parameter I passed in"\n\n    echo "2022-01-16"\n    echo "2022-01-23"\n    echo "Parameter I passed in"\n\n    echo "2022-01-16"\n    echo "2022-01-23"\n    echo "Parameter I passed in"\n']
[2022-01-16 22:46:59,824] {subprocess.py:85} INFO - Output:
[2022-01-16 22:46:59,829] {subprocess.py:89} INFO - 2022-01-16
[2022-01-16 22:46:59,829] {subprocess.py:89} INFO - 2022-01-23
[2022-01-16 22:46:59,830] {subprocess.py:89} INFO - Parameter I passed in
[2022-01-16 22:46:59,830] {subprocess.py:89} INFO - 2022-01-16
[2022-01-16 22:46:59,830] {subprocess.py:89} INFO - 2022-01-23
[2022-01-16 22:46:59,830] {subprocess.py:89} INFO - Parameter I passed in
[2022-01-16 22:46:59,830] {subprocess.py:89} INFO - 2022-01-16
[2022-01-16 22:46:59,831] {subprocess.py:89} INFO - 2022-01-23
[2022-01-16 22:46:59,831] {subprocess.py:89} INFO - Parameter I passed in
[2022-01-16 22:46:59,831] {subprocess.py:89} INFO - 2022-01-16
[2022-01-16 22:46:59,831] {subprocess.py:89} INFO - 2022-01-23
[2022-01-16 22:46:59,831] {subprocess.py:89} INFO - Parameter I passed in
[2022-01-16 22:46:59,832] {subprocess.py:89} INFO - 2022-01-16
[2022-01-16 22:46:59,832] {subprocess.py:89} INFO - 2022-01-23
[2022-01-16 22:46:59,832] {subprocess.py:89} INFO - Parameter I passed in
[2022-01-16 22:46:59,832] {subprocess.py:93} INFO - Command exited with return code 0
[2022-01-16 22:46:59,846] {taskinstance.py:1267} INFO - Marking task as SUCCESS. dag_id=tutorial, task_id=templated, execution_date=20220116T014339, start_date=20220117T014649, end_date=20220117T014659
[2022-01-16 22:46:59,875] {local_task_job.py:154} INFO - Task exited with return code 0
[2022-01-16 22:46:59,887] {local_task_job.py:264} INFO - 0 downstream tasks scheduled from follow-on schedule check
